{"C:\\Users\\Split Lease\\splitleaseteam\\!Agent Context and Tools\\SL6\\pages\\guest-proposals\\src\\components\\proposals\\CalendarWidget.jsx": {"path":"C:\\Users\\Split Lease\\splitleaseteam\\!Agent Context and Tools\\SL6\\pages\\guest-proposals\\src\\components\\proposals\\CalendarWidget.jsx","statementMap":{"0":{"start":{"line":11,"column":42},"end":{"line":11,"column":62}},"1":{"start":{"line":12,"column":26},"end":{"line":12,"column":43}},"2":{"start":{"line":16,"column":17},"end":{"line":16,"column":35}},"3":{"start":{"line":17,"column":18},"end":{"line":17,"column":33}},"4":{"start":{"line":18,"column":21},"end":{"line":18,"column":45}},"5":{"start":{"line":19,"column":20},"end":{"line":19,"column":48}},"6":{"start":{"line":20,"column":24},"end":{"line":20,"column":41}},"7":{"start":{"line":21,"column":30},"end":{"line":21,"column":47}},"8":{"start":{"line":23,"column":17},"end":{"line":23,"column":19}},"9":{"start":{"line":26,"column":4},"end":{"line":28,"column":5}},"10":{"start":{"line":26,"column":17},"end":{"line":26,"column":18}},"11":{"start":{"line":27,"column":6},"end":{"line":27,"column":22}},"12":{"start":{"line":31,"column":4},"end":{"line":33,"column":5}},"13":{"start":{"line":31,"column":19},"end":{"line":31,"column":20}},"14":{"start":{"line":32,"column":6},"end":{"line":32,"column":44}},"15":{"start":{"line":35,"column":4},"end":{"line":35,"column":16}},"16":{"start":{"line":39,"column":4},"end":{"line":39,"column":90}},"17":{"start":{"line":43,"column":4},"end":{"line":43,"column":90}},"18":{"start":{"line":47,"column":4},"end":{"line":49,"column":5}},"19":{"start":{"line":48,"column":6},"end":{"line":48,"column":25}},"20":{"start":{"line":53,"column":4},"end":{"line":53,"column":28}},"21":{"start":{"line":53,"column":15},"end":{"line":53,"column":28}},"22":{"start":{"line":54,"column":18},"end":{"line":54,"column":28}},"23":{"start":{"line":55,"column":4},"end":{"line":55,"column":31}},"24":{"start":{"line":56,"column":4},"end":{"line":56,"column":24}},"25":{"start":{"line":60,"column":4},"end":{"line":60,"column":45}},"26":{"start":{"line":60,"column":32},"end":{"line":60,"column":45}},"27":{"start":{"line":61,"column":4},"end":{"line":65,"column":6}},"28":{"start":{"line":69,"column":4},"end":{"line":69,"column":28}},"29":{"start":{"line":69,"column":15},"end":{"line":69,"column":28}},"30":{"start":{"line":70,"column":18},"end":{"line":70,"column":28}},"31":{"start":{"line":71,"column":4},"end":{"line":75,"column":6}},"32":{"start":{"line":85,"column":4},"end":{"line":85,"column":16}},"33":{"start":{"line":88,"column":15},"end":{"line":88,"column":43}},"34":{"start":{"line":89,"column":20},"end":{"line":89,"column":92}},"35":{"start":{"line":90,"column":19},"end":{"line":90,"column":68}},"36":{"start":{"line":92,"column":2},"end":{"line":183,"column":4}},"37":{"start":{"line":117,"column":25},"end":{"line":117,"column":41}},"38":{"start":{"line":123,"column":25},"end":{"line":123,"column":40}},"39":{"start":{"line":130,"column":25},"end":{"line":130,"column":39}},"40":{"start":{"line":141,"column":10},"end":{"line":143,"column":16}},"41":{"start":{"line":148,"column":23},"end":{"line":148,"column":39}},"42":{"start":{"line":149,"column":27},"end":{"line":149,"column":47}},"43":{"start":{"line":150,"column":24},"end":{"line":150,"column":37}},"44":{"start":{"line":151,"column":25},"end":{"line":151,"column":43}},"45":{"start":{"line":153,"column":10},"end":{"line":163,"column":12}},"46":{"start":{"line":159,"column":29},"end":{"line":159,"column":50}}},"fnMap":{"0":{"name":"CalendarWidget","decl":{"start":{"line":10,"column":24},"end":{"line":10,"column":38}},"loc":{"start":{"line":10,"column":80},"end":{"line":184,"column":1}},"line":10},"1":{"name":"getDaysInMonth","decl":{"start":{"line":15,"column":11},"end":{"line":15,"column":25}},"loc":{"start":{"line":15,"column":32},"end":{"line":36,"column":3}},"line":15},"2":{"name":"handlePrevMonth","decl":{"start":{"line":38,"column":11},"end":{"line":38,"column":26}},"loc":{"start":{"line":38,"column":29},"end":{"line":40,"column":3}},"line":38},"3":{"name":"handleNextMonth","decl":{"start":{"line":42,"column":11},"end":{"line":42,"column":26}},"loc":{"start":{"line":42,"column":29},"end":{"line":44,"column":3}},"line":42},"4":{"name":"handleDateClick","decl":{"start":{"line":46,"column":11},"end":{"line":46,"column":26}},"loc":{"start":{"line":46,"column":33},"end":{"line":50,"column":3}},"line":46},"5":{"name":"isPastDate","decl":{"start":{"line":52,"column":11},"end":{"line":52,"column":21}},"loc":{"start":{"line":52,"column":28},"end":{"line":57,"column":3}},"line":52},"6":{"name":"isSelectedDate","decl":{"start":{"line":59,"column":11},"end":{"line":59,"column":25}},"loc":{"start":{"line":59,"column":32},"end":{"line":66,"column":3}},"line":59},"7":{"name":"isToday","decl":{"start":{"line":68,"column":11},"end":{"line":68,"column":18}},"loc":{"start":{"line":68,"column":25},"end":{"line":76,"column":3}},"line":68},"8":{"name":"getDayStatus","decl":{"start":{"line":78,"column":11},"end":{"line":78,"column":23}},"loc":{"start":{"line":78,"column":30},"end":{"line":86,"column":3}},"line":78},"9":{"name":"(anonymous_9)","decl":{"start":{"line":117,"column":19},"end":{"line":117,"column":20}},"loc":{"start":{"line":117,"column":25},"end":{"line":117,"column":41}},"line":117},"10":{"name":"(anonymous_10)","decl":{"start":{"line":123,"column":19},"end":{"line":123,"column":20}},"loc":{"start":{"line":123,"column":25},"end":{"line":123,"column":40}},"line":123},"11":{"name":"(anonymous_11)","decl":{"start":{"line":130,"column":19},"end":{"line":130,"column":20}},"loc":{"start":{"line":130,"column":25},"end":{"line":130,"column":39}},"line":130},"12":{"name":"(anonymous_12)","decl":{"start":{"line":140,"column":22},"end":{"line":140,"column":23}},"loc":{"start":{"line":141,"column":10},"end":{"line":143,"column":16}},"line":141},"13":{"name":"(anonymous_13)","decl":{"start":{"line":147,"column":18},"end":{"line":147,"column":19}},"loc":{"start":{"line":147,"column":35},"end":{"line":164,"column":9}},"line":147},"14":{"name":"(anonymous_14)","decl":{"start":{"line":159,"column":23},"end":{"line":159,"column":24}},"loc":{"start":{"line":159,"column":29},"end":{"line":159,"column":50}},"line":159}},"branchMap":{"0":{"loc":{"start":{"line":47,"column":4},"end":{"line":49,"column":5}},"type":"if","locations":[{"start":{"line":47,"column":4},"end":{"line":49,"column":5}},{"start":{},"end":{}}],"line":47},"1":{"loc":{"start":{"line":47,"column":8},"end":{"line":47,"column":33}},"type":"binary-expr","locations":[{"start":{"line":47,"column":8},"end":{"line":47,"column":12}},{"start":{"line":47,"column":16},"end":{"line":47,"column":33}}],"line":47},"2":{"loc":{"start":{"line":53,"column":4},"end":{"line":53,"column":28}},"type":"if","locations":[{"start":{"line":53,"column":4},"end":{"line":53,"column":28}},{"start":{},"end":{}}],"line":53},"3":{"loc":{"start":{"line":60,"column":4},"end":{"line":60,"column":45}},"type":"if","locations":[{"start":{"line":60,"column":4},"end":{"line":60,"column":45}},{"start":{},"end":{}}],"line":60},"4":{"loc":{"start":{"line":60,"column":8},"end":{"line":60,"column":30}},"type":"binary-expr","locations":[{"start":{"line":60,"column":8},"end":{"line":60,"column":13}},{"start":{"line":60,"column":17},"end":{"line":60,"column":30}}],"line":60},"5":{"loc":{"start":{"line":62,"column":6},"end":{"line":64,"column":55}},"type":"binary-expr","locations":[{"start":{"line":62,"column":6},"end":{"line":62,"column":47}},{"start":{"line":63,"column":6},"end":{"line":63,"column":49}},{"start":{"line":64,"column":6},"end":{"line":64,"column":55}}],"line":62},"6":{"loc":{"start":{"line":69,"column":4},"end":{"line":69,"column":28}},"type":"if","locations":[{"start":{"line":69,"column":4},"end":{"line":69,"column":28}},{"start":{},"end":{}}],"line":69},"7":{"loc":{"start":{"line":72,"column":6},"end":{"line":74,"column":48}},"type":"binary-expr","locations":[{"start":{"line":72,"column":6},"end":{"line":72,"column":40}},{"start":{"line":73,"column":6},"end":{"line":73,"column":42}},{"start":{"line":74,"column":6},"end":{"line":74,"column":48}}],"line":72},"8":{"loc":{"start":{"line":116,"column":42},"end":{"line":116,"column":74}},"type":"cond-expr","locations":[{"start":{"line":116,"column":61},"end":{"line":116,"column":69}},{"start":{"line":116,"column":72},"end":{"line":116,"column":74}}],"line":116},"9":{"loc":{"start":{"line":122,"column":42},"end":{"line":122,"column":73}},"type":"cond-expr","locations":[{"start":{"line":122,"column":60},"end":{"line":122,"column":68}},{"start":{"line":122,"column":71},"end":{"line":122,"column":73}}],"line":122},"10":{"loc":{"start":{"line":129,"column":42},"end":{"line":129,"column":72}},"type":"cond-expr","locations":[{"start":{"line":129,"column":59},"end":{"line":129,"column":67}},{"start":{"line":129,"column":70},"end":{"line":129,"column":72}}],"line":129},"11":{"loc":{"start":{"line":156,"column":46},"end":{"line":156,"column":66}},"type":"cond-expr","locations":[{"start":{"line":156,"column":54},"end":{"line":156,"column":61}},{"start":{"line":156,"column":64},"end":{"line":156,"column":66}}],"line":156},"12":{"loc":{"start":{"line":156,"column":70},"end":{"line":156,"column":88}},"type":"cond-expr","locations":[{"start":{"line":156,"column":77},"end":{"line":156,"column":83}},{"start":{"line":156,"column":86},"end":{"line":156,"column":88}}],"line":156},"13":{"loc":{"start":{"line":157,"column":16},"end":{"line":157,"column":42}},"type":"cond-expr","locations":[{"start":{"line":157,"column":27},"end":{"line":157,"column":37}},{"start":{"line":157,"column":40},"end":{"line":157,"column":42}}],"line":157},"14":{"loc":{"start":{"line":158,"column":18},"end":{"line":158,"column":38}},"type":"cond-expr","locations":[{"start":{"line":158,"column":26},"end":{"line":158,"column":33}},{"start":{"line":158,"column":36},"end":{"line":158,"column":38}}],"line":158},"15":{"loc":{"start":{"line":158,"column":42},"end":{"line":158,"column":74}},"type":"cond-expr","locations":[{"start":{"line":158,"column":51},"end":{"line":158,"column":69}},{"start":{"line":158,"column":72},"end":{"line":158,"column":74}}],"line":158},"16":{"loc":{"start":{"line":161,"column":15},"end":{"line":161,"column":84}},"type":"binary-expr","locations":[{"start":{"line":161,"column":15},"end":{"line":161,"column":19}},{"start":{"line":161,"column":23},"end":{"line":161,"column":84}}],"line":161}},"s":{"0":0,"1":0,"2":0,"3":0,"4":0,"5":0,"6":0,"7":0,"8":0,"9":0,"10":0,"11":0,"12":0,"13":0,"14":0,"15":0,"16":0,"17":0,"18":0,"19":0,"20":0,"21":0,"22":0,"23":0,"24":0,"25":0,"26":0,"27":0,"28":0,"29":0,"30":0,"31":0,"32":0,"33":0,"34":0,"35":0,"36":0,"37":0,"38":0,"39":0,"40":0,"41":0,"42":0,"43":0,"44":0,"45":0,"46":0},"f":{"0":0,"1":0,"2":0,"3":0,"4":0,"5":0,"6":0,"7":0,"8":0,"9":0,"10":0,"11":0,"12":0,"13":0,"14":0},"b":{"0":[0,0],"1":[0,0],"2":[0,0],"3":[0,0],"4":[0,0],"5":[0,0,0],"6":[0,0],"7":[0,0,0],"8":[0,0],"9":[0,0],"10":[0,0],"11":[0,0],"12":[0,0],"13":[0,0],"14":[0,0],"15":[0,0],"16":[0,0]}}
,"C:\\Users\\Split Lease\\splitleaseteam\\!Agent Context and Tools\\SL6\\pages\\guest-proposals\\src\\components\\proposals\\CompareTermsModal.jsx": {"path":"C:\\Users\\Split Lease\\splitleaseteam\\!Agent Context and Tools\\SL6\\pages\\guest-proposals\\src\\components\\proposals\\CompareTermsModal.jsx","statementMap":{"0":{"start":{"line":14,"column":2},"end":{"line":29,"column":15}},"1":{"start":{"line":16,"column":6},"end":{"line":19,"column":7}},"2":{"start":{"line":17,"column":8},"end":{"line":17,"column":27}},"3":{"start":{"line":22,"column":4},"end":{"line":24,"column":5}},"4":{"start":{"line":23,"column":6},"end":{"line":23,"column":56}},"5":{"start":{"line":26,"column":4},"end":{"line":28,"column":6}},"6":{"start":{"line":27,"column":6},"end":{"line":27,"column":59}},"7":{"start":{"line":32,"column":2},"end":{"line":34,"column":3}},"8":{"start":{"line":33,"column":4},"end":{"line":33,"column":16}},"9":{"start":{"line":39,"column":4},"end":{"line":39,"column":69}},"10":{"start":{"line":39,"column":56},"end":{"line":39,"column":69}},"11":{"start":{"line":40,"column":4},"end":{"line":40,"column":68}},"12":{"start":{"line":40,"column":56},"end":{"line":40,"column":68}},"13":{"start":{"line":41,"column":4},"end":{"line":41,"column":43}},"14":{"start":{"line":46,"column":4},"end":{"line":46,"column":50}},"15":{"start":{"line":46,"column":36},"end":{"line":46,"column":50}},"16":{"start":{"line":47,"column":20},"end":{"line":55,"column":5}},"17":{"start":{"line":56,"column":4},"end":{"line":56,"column":53}},"18":{"start":{"line":56,"column":25},"end":{"line":56,"column":40}},"19":{"start":{"line":60,"column":24},"end":{"line":72,"column":3}},"20":{"start":{"line":74,"column":28},"end":{"line":86,"column":3}},"21":{"start":{"line":89,"column":22},"end":{"line":141,"column":3}},"22":{"start":{"line":144,"column":2},"end":{"line":152,"column":3}},"23":{"start":{"line":145,"column":4},"end":{"line":151,"column":7}},"24":{"start":{"line":155,"column":2},"end":{"line":162,"column":3}},"25":{"start":{"line":156,"column":4},"end":{"line":161,"column":7}},"26":{"start":{"line":165,"column":23},"end":{"line":165,"column":64}},"27":{"start":{"line":165,"column":47},"end":{"line":165,"column":56}},"28":{"start":{"line":167,"column":2},"end":{"line":281,"column":4}},"29":{"start":{"line":171,"column":24},"end":{"line":171,"column":43}},"30":{"start":{"line":198,"column":18},"end":{"line":203,"column":24}},"31":{"start":{"line":213,"column":18},"end":{"line":221,"column":24}},"32":{"start":{"line":233,"column":31},"end":{"line":233,"column":40}},"33":{"start":{"line":235,"column":20},"end":{"line":237,"column":25}},"34":{"start":{"line":255,"column":14},"end":{"line":259,"column":15}},"35":{"start":{"line":256,"column":16},"end":{"line":256,"column":36}},"36":{"start":{"line":258,"column":16},"end":{"line":258,"column":54}},"37":{"start":{"line":260,"column":14},"end":{"line":260,"column":24}},"38":{"start":{"line":268,"column":14},"end":{"line":272,"column":15}},"39":{"start":{"line":269,"column":16},"end":{"line":269,"column":35}},"40":{"start":{"line":271,"column":16},"end":{"line":271,"column":54}},"41":{"start":{"line":273,"column":14},"end":{"line":273,"column":24}}},"fnMap":{"0":{"name":"CompareTermsModal","decl":{"start":{"line":12,"column":24},"end":{"line":12,"column":41}},"loc":{"start":{"line":12,"column":94},"end":{"line":282,"column":1}},"line":12},"1":{"name":"(anonymous_1)","decl":{"start":{"line":14,"column":12},"end":{"line":14,"column":13}},"loc":{"start":{"line":14,"column":18},"end":{"line":29,"column":3}},"line":14},"2":{"name":"handleKeyDown","decl":{"start":{"line":15,"column":13},"end":{"line":15,"column":26}},"loc":{"start":{"line":15,"column":30},"end":{"line":20,"column":5}},"line":15},"3":{"name":"(anonymous_3)","decl":{"start":{"line":26,"column":11},"end":{"line":26,"column":12}},"loc":{"start":{"line":26,"column":17},"end":{"line":28,"column":5}},"line":26},"4":{"name":"hasChanged","decl":{"start":{"line":37,"column":11},"end":{"line":37,"column":21}},"loc":{"start":{"line":37,"column":52},"end":{"line":42,"column":3}},"line":37},"5":{"name":"formatDaysSelected","decl":{"start":{"line":45,"column":11},"end":{"line":45,"column":29}},"loc":{"start":{"line":45,"column":36},"end":{"line":57,"column":3}},"line":45},"6":{"name":"(anonymous_6)","decl":{"start":{"line":56,"column":20},"end":{"line":56,"column":21}},"loc":{"start":{"line":56,"column":25},"end":{"line":56,"column":40}},"line":56},"7":{"name":"(anonymous_7)","decl":{"start":{"line":165,"column":42},"end":{"line":165,"column":43}},"loc":{"start":{"line":165,"column":47},"end":{"line":165,"column":56}},"line":165},"8":{"name":"(anonymous_8)","decl":{"start":{"line":171,"column":17},"end":{"line":171,"column":18}},"loc":{"start":{"line":171,"column":24},"end":{"line":171,"column":43}},"line":171},"9":{"name":"(anonymous_9)","decl":{"start":{"line":197,"column":33},"end":{"line":197,"column":34}},"loc":{"start":{"line":198,"column":18},"end":{"line":203,"column":24}},"line":198},"10":{"name":"(anonymous_10)","decl":{"start":{"line":212,"column":33},"end":{"line":212,"column":34}},"loc":{"start":{"line":213,"column":18},"end":{"line":221,"column":24}},"line":213},"11":{"name":"(anonymous_11)","decl":{"start":{"line":233,"column":26},"end":{"line":233,"column":27}},"loc":{"start":{"line":233,"column":31},"end":{"line":233,"column":40}},"line":233},"12":{"name":"(anonymous_12)","decl":{"start":{"line":234,"column":23},"end":{"line":234,"column":24}},"loc":{"start":{"line":235,"column":20},"end":{"line":237,"column":25}},"line":235},"13":{"name":"(anonymous_13)","decl":{"start":{"line":254,"column":21},"end":{"line":254,"column":22}},"loc":{"start":{"line":254,"column":27},"end":{"line":261,"column":13}},"line":254},"14":{"name":"(anonymous_14)","decl":{"start":{"line":267,"column":21},"end":{"line":267,"column":22}},"loc":{"start":{"line":267,"column":27},"end":{"line":274,"column":13}},"line":267}},"branchMap":{"0":{"loc":{"start":{"line":16,"column":6},"end":{"line":19,"column":7}},"type":"if","locations":[{"start":{"line":16,"column":6},"end":{"line":19,"column":7}},{"start":{},"end":{}}],"line":16},"1":{"loc":{"start":{"line":22,"column":4},"end":{"line":24,"column":5}},"type":"if","locations":[{"start":{"line":22,"column":4},"end":{"line":24,"column":5}},{"start":{},"end":{}}],"line":22},"2":{"loc":{"start":{"line":32,"column":2},"end":{"line":34,"column":3}},"type":"if","locations":[{"start":{"line":32,"column":2},"end":{"line":34,"column":3}},{"start":{},"end":{}}],"line":32},"3":{"loc":{"start":{"line":32,"column":6},"end":{"line":32,"column":65}},"type":"binary-expr","locations":[{"start":{"line":32,"column":6},"end":{"line":32,"column":13}},{"start":{"line":32,"column":17},"end":{"line":32,"column":26}},{"start":{"line":32,"column":30},"end":{"line":32,"column":65}}],"line":32},"4":{"loc":{"start":{"line":39,"column":4},"end":{"line":39,"column":69}},"type":"if","locations":[{"start":{"line":39,"column":4},"end":{"line":39,"column":69}},{"start":{},"end":{}}],"line":39},"5":{"loc":{"start":{"line":39,"column":8},"end":{"line":39,"column":54}},"type":"binary-expr","locations":[{"start":{"line":39,"column":8},"end":{"line":39,"column":29}},{"start":{"line":39,"column":33},"end":{"line":39,"column":54}}],"line":39},"6":{"loc":{"start":{"line":40,"column":4},"end":{"line":40,"column":68}},"type":"if","locations":[{"start":{"line":40,"column":4},"end":{"line":40,"column":68}},{"start":{},"end":{}}],"line":40},"7":{"loc":{"start":{"line":40,"column":8},"end":{"line":40,"column":54}},"type":"binary-expr","locations":[{"start":{"line":40,"column":8},"end":{"line":40,"column":29}},{"start":{"line":40,"column":33},"end":{"line":40,"column":54}}],"line":40},"8":{"loc":{"start":{"line":46,"column":4},"end":{"line":46,"column":50}},"type":"if","locations":[{"start":{"line":46,"column":4},"end":{"line":46,"column":50}},{"start":{},"end":{}}],"line":46},"9":{"loc":{"start":{"line":46,"column":8},"end":{"line":46,"column":34}},"type":"binary-expr","locations":[{"start":{"line":46,"column":8},"end":{"line":46,"column":13}},{"start":{"line":46,"column":17},"end":{"line":46,"column":34}}],"line":46},"10":{"loc":{"start":{"line":56,"column":25},"end":{"line":56,"column":40}},"type":"binary-expr","locations":[{"start":{"line":56,"column":25},"end":{"line":56,"column":35}},{"start":{"line":56,"column":39},"end":{"line":56,"column":40}}],"line":56},"11":{"loc":{"start":{"line":106,"column":19},"end":{"line":106,"column":54}},"type":"binary-expr","locations":[{"start":{"line":106,"column":19},"end":{"line":106,"column":49}},{"start":{"line":106,"column":53},"end":{"line":106,"column":54}}],"line":106},"12":{"loc":{"start":{"line":107,"column":19},"end":{"line":107,"column":58}},"type":"binary-expr","locations":[{"start":{"line":107,"column":19},"end":{"line":107,"column":53}},{"start":{"line":107,"column":57},"end":{"line":107,"column":58}}],"line":107},"13":{"loc":{"start":{"line":112,"column":16},"end":{"line":112,"column":48}},"type":"binary-expr","locations":[{"start":{"line":112,"column":16},"end":{"line":112,"column":43}},{"start":{"line":112,"column":47},"end":{"line":112,"column":48}}],"line":112},"14":{"loc":{"start":{"line":113,"column":16},"end":{"line":113,"column":52}},"type":"binary-expr","locations":[{"start":{"line":113,"column":16},"end":{"line":113,"column":47}},{"start":{"line":113,"column":51},"end":{"line":113,"column":52}}],"line":113},"15":{"loc":{"start":{"line":118,"column":16},"end":{"line":118,"column":53}},"type":"binary-expr","locations":[{"start":{"line":118,"column":16},"end":{"line":118,"column":40}},{"start":{"line":118,"column":44},"end":{"line":118,"column":53}}],"line":118},"16":{"loc":{"start":{"line":119,"column":16},"end":{"line":119,"column":85}},"type":"binary-expr","locations":[{"start":{"line":119,"column":16},"end":{"line":119,"column":44}},{"start":{"line":119,"column":48},"end":{"line":119,"column":72}},{"start":{"line":119,"column":76},"end":{"line":119,"column":85}}],"line":119},"17":{"loc":{"start":{"line":124,"column":16},"end":{"line":124,"column":54}},"type":"binary-expr","locations":[{"start":{"line":124,"column":16},"end":{"line":124,"column":41}},{"start":{"line":124,"column":45},"end":{"line":124,"column":54}}],"line":124},"18":{"loc":{"start":{"line":125,"column":16},"end":{"line":125,"column":87}},"type":"binary-expr","locations":[{"start":{"line":125,"column":16},"end":{"line":125,"column":45}},{"start":{"line":125,"column":49},"end":{"line":125,"column":74}},{"start":{"line":125,"column":78},"end":{"line":125,"column":87}}],"line":125},"19":{"loc":{"start":{"line":131,"column":35},"end":{"line":131,"column":95}},"type":"binary-expr","locations":[{"start":{"line":131,"column":35},"end":{"line":131,"column":65}},{"start":{"line":131,"column":69},"end":{"line":131,"column":95}}],"line":131},"20":{"loc":{"start":{"line":137,"column":28},"end":{"line":137,"column":90}},"type":"binary-expr","locations":[{"start":{"line":137,"column":28},"end":{"line":137,"column":59}},{"start":{"line":137,"column":63},"end":{"line":137,"column":90}}],"line":137},"21":{"loc":{"start":{"line":144,"column":2},"end":{"line":152,"column":3}},"type":"if","locations":[{"start":{"line":144,"column":2},"end":{"line":152,"column":3}},{"start":{},"end":{}}],"line":144},"22":{"loc":{"start":{"line":144,"column":6},"end":{"line":144,"column":64}},"type":"binary-expr","locations":[{"start":{"line":144,"column":6},"end":{"line":144,"column":31}},{"start":{"line":144,"column":35},"end":{"line":144,"column":64}}],"line":144},"23":{"loc":{"start":{"line":147,"column":28},"end":{"line":147,"column":58}},"type":"binary-expr","locations":[{"start":{"line":147,"column":28},"end":{"line":147,"column":53}},{"start":{"line":147,"column":57},"end":{"line":147,"column":58}}],"line":147},"24":{"loc":{"start":{"line":148,"column":28},"end":{"line":148,"column":91}},"type":"binary-expr","locations":[{"start":{"line":148,"column":28},"end":{"line":148,"column":57}},{"start":{"line":148,"column":61},"end":{"line":148,"column":86}},{"start":{"line":148,"column":90},"end":{"line":148,"column":91}}],"line":148},"25":{"loc":{"start":{"line":155,"column":2},"end":{"line":162,"column":3}},"type":"if","locations":[{"start":{"line":155,"column":2},"end":{"line":162,"column":3}},{"start":{},"end":{}}],"line":155},"26":{"loc":{"start":{"line":158,"column":20},"end":{"line":158,"column":50}},"type":"binary-expr","locations":[{"start":{"line":158,"column":20},"end":{"line":158,"column":44}},{"start":{"line":158,"column":48},"end":{"line":158,"column":50}}],"line":158},"27":{"loc":{"start":{"line":159,"column":20},"end":{"line":159,"column":54}},"type":"binary-expr","locations":[{"start":{"line":159,"column":20},"end":{"line":159,"column":48}},{"start":{"line":159,"column":52},"end":{"line":159,"column":54}}],"line":159},"28":{"loc":{"start":{"line":178,"column":30},"end":{"line":178,"column":71}},"type":"cond-expr","locations":[{"start":{"line":178,"column":51},"end":{"line":178,"column":59}},{"start":{"line":178,"column":62},"end":{"line":178,"column":71}}],"line":178},"29":{"loc":{"start":{"line":200,"column":51},"end":{"line":200,"column":80}},"type":"cond-expr","locations":[{"start":{"line":200,"column":66},"end":{"line":200,"column":75}},{"start":{"line":200,"column":78},"end":{"line":200,"column":80}}],"line":200},"30":{"loc":{"start":{"line":201,"column":23},"end":{"line":201,"column":45}},"type":"binary-expr","locations":[{"start":{"line":201,"column":23},"end":{"line":201,"column":36}},{"start":{"line":201,"column":40},"end":{"line":201,"column":45}}],"line":201},"31":{"loc":{"start":{"line":215,"column":51},"end":{"line":215,"column":120}},"type":"cond-expr","locations":[{"start":{"line":215,"column":67},"end":{"line":215,"column":114}},{"start":{"line":215,"column":118},"end":{"line":215,"column":120}}],"line":215},"32":{"loc":{"start":{"line":215,"column":67},"end":{"line":215,"column":114}},"type":"cond-expr","locations":[{"start":{"line":215,"column":87},"end":{"line":215,"column":102}},{"start":{"line":215,"column":105},"end":{"line":215,"column":114}}],"line":215},"33":{"loc":{"start":{"line":216,"column":23},"end":{"line":216,"column":45}},"type":"binary-expr","locations":[{"start":{"line":216,"column":23},"end":{"line":216,"column":36}},{"start":{"line":216,"column":40},"end":{"line":216,"column":45}}],"line":216},"34":{"loc":{"start":{"line":217,"column":23},"end":{"line":219,"column":23}},"type":"binary-expr","locations":[{"start":{"line":217,"column":23},"end":{"line":217,"column":35}},{"start":{"line":218,"column":24},"end":{"line":218,"column":68}}],"line":217},"35":{"loc":{"start":{"line":228,"column":11},"end":{"line":241,"column":11}},"type":"binary-expr","locations":[{"start":{"line":228,"column":11},"end":{"line":228,"column":27}},{"start":{"line":229,"column":12},"end":{"line":240,"column":18}}],"line":228},"36":{"loc":{"start":{"line":255,"column":14},"end":{"line":259,"column":15}},"type":"if","locations":[{"start":{"line":255,"column":14},"end":{"line":259,"column":15}},{"start":{"line":257,"column":21},"end":{"line":259,"column":15}}],"line":255},"37":{"loc":{"start":{"line":268,"column":14},"end":{"line":272,"column":15}},"type":"if","locations":[{"start":{"line":268,"column":14},"end":{"line":272,"column":15}},{"start":{"line":270,"column":21},"end":{"line":272,"column":15}}],"line":268}},"s":{"0":0,"1":0,"2":0,"3":0,"4":0,"5":0,"6":0,"7":0,"8":0,"9":0,"10":0,"11":0,"12":0,"13":0,"14":0,"15":0,"16":0,"17":0,"18":0,"19":0,"20":0,"21":0,"22":0,"23":0,"24":0,"25":0,"26":0,"27":0,"28":0,"29":0,"30":0,"31":0,"32":0,"33":0,"34":0,"35":0,"36":0,"37":0,"38":0,"39":0,"40":0,"41":0},"f":{"0":0,"1":0,"2":0,"3":0,"4":0,"5":0,"6":0,"7":0,"8":0,"9":0,"10":0,"11":0,"12":0,"13":0,"14":0},"b":{"0":[0,0],"1":[0,0],"2":[0,0],"3":[0,0,0],"4":[0,0],"5":[0,0],"6":[0,0],"7":[0,0],"8":[0,0],"9":[0,0],"10":[0,0],"11":[0,0],"12":[0,0],"13":[0,0],"14":[0,0],"15":[0,0],"16":[0,0,0],"17":[0,0],"18":[0,0,0],"19":[0,0],"20":[0,0],"21":[0,0],"22":[0,0],"23":[0,0],"24":[0,0,0],"25":[0,0],"26":[0,0],"27":[0,0],"28":[0,0],"29":[0,0],"30":[0,0],"31":[0,0],"32":[0,0],"33":[0,0],"34":[0,0],"35":[0,0],"36":[0,0],"37":[0,0]}}
,"C:\\Users\\Split Lease\\splitleaseteam\\!Agent Context and Tools\\SL6\\pages\\guest-proposals\\src\\components\\proposals\\ConfirmModificationModal.jsx": {"path":"C:\\Users\\Split Lease\\splitleaseteam\\!Agent Context and Tools\\SL6\\pages\\guest-proposals\\src\\components\\proposals\\ConfirmModificationModal.jsx","statementMap":{"0":{"start":{"line":11,"column":2},"end":{"line":26,"column":15}},"1":{"start":{"line":13,"column":6},"end":{"line":16,"column":7}},"2":{"start":{"line":14,"column":8},"end":{"line":14,"column":27}},"3":{"start":{"line":19,"column":4},"end":{"line":21,"column":5}},"4":{"start":{"line":20,"column":6},"end":{"line":20,"column":56}},"5":{"start":{"line":23,"column":4},"end":{"line":25,"column":6}},"6":{"start":{"line":24,"column":6},"end":{"line":24,"column":59}},"7":{"start":{"line":28,"column":2},"end":{"line":28,"column":27}},"8":{"start":{"line":28,"column":15},"end":{"line":28,"column":27}},"9":{"start":{"line":30,"column":33},"end":{"line":68,"column":3}},"10":{"start":{"line":31,"column":4},"end":{"line":67,"column":5}},"11":{"start":{"line":33,"column":8},"end":{"line":38,"column":10}},"12":{"start":{"line":40,"column":8},"end":{"line":45,"column":10}},"13":{"start":{"line":47,"column":8},"end":{"line":52,"column":10}},"14":{"start":{"line":54,"column":8},"end":{"line":59,"column":10}},"15":{"start":{"line":61,"column":8},"end":{"line":66,"column":10}},"16":{"start":{"line":70,"column":15},"end":{"line":70,"column":39}},"17":{"start":{"line":72,"column":2},"end":{"line":142,"column":4}},"18":{"start":{"line":73,"column":51},"end":{"line":73,"column":70}},"19":{"start":{"line":76,"column":24},"end":{"line":76,"column":43}},"20":{"start":{"line":123,"column":16},"end":{"line":123,"column":55}},"21":{"start":{"line":124,"column":16},"end":{"line":124,"column":26}},"22":{"start":{"line":132,"column":16},"end":{"line":132,"column":28}},"23":{"start":{"line":133,"column":16},"end":{"line":133,"column":26}}},"fnMap":{"0":{"name":"ConfirmModificationModal","decl":{"start":{"line":10,"column":24},"end":{"line":10,"column":48}},"loc":{"start":{"line":10,"column":114},"end":{"line":143,"column":1}},"line":10},"1":{"name":"(anonymous_1)","decl":{"start":{"line":11,"column":12},"end":{"line":11,"column":13}},"loc":{"start":{"line":11,"column":18},"end":{"line":26,"column":3}},"line":11},"2":{"name":"handleKeyDown","decl":{"start":{"line":12,"column":13},"end":{"line":12,"column":26}},"loc":{"start":{"line":12,"column":30},"end":{"line":17,"column":5}},"line":12},"3":{"name":"(anonymous_3)","decl":{"start":{"line":23,"column":11},"end":{"line":23,"column":12}},"loc":{"start":{"line":23,"column":17},"end":{"line":25,"column":5}},"line":23},"4":{"name":"(anonymous_4)","decl":{"start":{"line":30,"column":33},"end":{"line":30,"column":34}},"loc":{"start":{"line":30,"column":39},"end":{"line":68,"column":3}},"line":30},"5":{"name":"(anonymous_5)","decl":{"start":{"line":73,"column":44},"end":{"line":73,"column":45}},"loc":{"start":{"line":73,"column":51},"end":{"line":73,"column":70}},"line":73},"6":{"name":"(anonymous_6)","decl":{"start":{"line":76,"column":17},"end":{"line":76,"column":18}},"loc":{"start":{"line":76,"column":24},"end":{"line":76,"column":43}},"line":76},"7":{"name":"(anonymous_7)","decl":{"start":{"line":121,"column":23},"end":{"line":121,"column":24}},"loc":{"start":{"line":121,"column":29},"end":{"line":125,"column":15}},"line":121},"8":{"name":"(anonymous_8)","decl":{"start":{"line":131,"column":23},"end":{"line":131,"column":24}},"loc":{"start":{"line":131,"column":29},"end":{"line":134,"column":15}},"line":131}},"branchMap":{"0":{"loc":{"start":{"line":13,"column":6},"end":{"line":16,"column":7}},"type":"if","locations":[{"start":{"line":13,"column":6},"end":{"line":16,"column":7}},{"start":{},"end":{}}],"line":13},"1":{"loc":{"start":{"line":19,"column":4},"end":{"line":21,"column":5}},"type":"if","locations":[{"start":{"line":19,"column":4},"end":{"line":21,"column":5}},{"start":{},"end":{}}],"line":19},"2":{"loc":{"start":{"line":28,"column":2},"end":{"line":28,"column":27}},"type":"if","locations":[{"start":{"line":28,"column":2},"end":{"line":28,"column":27}},{"start":{},"end":{}}],"line":28},"3":{"loc":{"start":{"line":31,"column":4},"end":{"line":67,"column":5}},"type":"switch","locations":[{"start":{"line":32,"column":6},"end":{"line":38,"column":10}},{"start":{"line":39,"column":6},"end":{"line":45,"column":10}},{"start":{"line":46,"column":6},"end":{"line":52,"column":10}},{"start":{"line":53,"column":6},"end":{"line":59,"column":10}},{"start":{"line":60,"column":6},"end":{"line":66,"column":10}}],"line":31}},"s":{"0":0,"1":0,"2":0,"3":0,"4":0,"5":0,"6":0,"7":0,"8":0,"9":0,"10":0,"11":0,"12":0,"13":0,"14":0,"15":0,"16":0,"17":0,"18":0,"19":0,"20":0,"21":0,"22":0,"23":0},"f":{"0":0,"1":0,"2":0,"3":0,"4":0,"5":0,"6":0,"7":0,"8":0},"b":{"0":[0,0],"1":[0,0],"2":[0,0],"3":[0,0,0,0,0]}}
,"C:\\Users\\Split Lease\\splitleaseteam\\!Agent Context and Tools\\SL6\\pages\\guest-proposals\\src\\components\\proposals\\CounterOfferBanner.jsx": {"path":"C:\\Users\\Split Lease\\splitleaseteam\\!Agent Context and Tools\\SL6\\pages\\guest-proposals\\src\\components\\proposals\\CounterOfferBanner.jsx","statementMap":{"0":{"start":{"line":12,"column":2},"end":{"line":14,"column":3}},"1":{"start":{"line":13,"column":4},"end":{"line":13,"column":16}},"2":{"start":{"line":17,"column":18},"end":{"line":17,"column":20}},"3":{"start":{"line":20,"column":2},"end":{"line":28,"column":3}},"4":{"start":{"line":22,"column":4},"end":{"line":27,"column":7}},"5":{"start":{"line":30,"column":2},"end":{"line":38,"column":3}},"6":{"start":{"line":32,"column":4},"end":{"line":37,"column":7}},"7":{"start":{"line":41,"column":2},"end":{"line":49,"column":3}},"8":{"start":{"line":43,"column":4},"end":{"line":48,"column":7}},"9":{"start":{"line":52,"column":2},"end":{"line":60,"column":3}},"10":{"start":{"line":54,"column":4},"end":{"line":59,"column":7}},"11":{"start":{"line":63,"column":23},"end":{"line":63,"column":70}},"12":{"start":{"line":64,"column":27},"end":{"line":64,"column":77}},"13":{"start":{"line":65,"column":2},"end":{"line":72,"column":3}},"14":{"start":{"line":66,"column":4},"end":{"line":71,"column":7}},"15":{"start":{"line":75,"column":2},"end":{"line":83,"column":3}},"16":{"start":{"line":77,"column":4},"end":{"line":82,"column":7}},"17":{"start":{"line":85,"column":2},"end":{"line":93,"column":3}},"18":{"start":{"line":87,"column":4},"end":{"line":92,"column":7}},"19":{"start":{"line":96,"column":2},"end":{"line":104,"column":3}},"20":{"start":{"line":98,"column":4},"end":{"line":103,"column":7}},"21":{"start":{"line":106,"column":2},"end":{"line":114,"column":3}},"22":{"start":{"line":108,"column":4},"end":{"line":113,"column":7}},"23":{"start":{"line":117,"column":24},"end":{"line":117,"column":69}},"24":{"start":{"line":118,"column":28},"end":{"line":118,"column":76}},"25":{"start":{"line":119,"column":2},"end":{"line":126,"column":3}},"26":{"start":{"line":120,"column":4},"end":{"line":125,"column":7}},"27":{"start":{"line":128,"column":22},"end":{"line":128,"column":36}},"28":{"start":{"line":131,"column":2},"end":{"line":133,"column":3}},"29":{"start":{"line":132,"column":4},"end":{"line":132,"column":16}},"30":{"start":{"line":135,"column":2},"end":{"line":164,"column":4}},"31":{"start":{"line":146,"column":14},"end":{"line":151,"column":19}}},"fnMap":{"0":{"name":"CounterOfferBanner","decl":{"start":{"line":10,"column":24},"end":{"line":10,"column":42}},"loc":{"start":{"line":10,"column":73},"end":{"line":165,"column":1}},"line":10},"1":{"name":"(anonymous_1)","decl":{"start":{"line":145,"column":25},"end":{"line":145,"column":26}},"loc":{"start":{"line":146,"column":14},"end":{"line":151,"column":19}},"line":146}},"branchMap":{"0":{"loc":{"start":{"line":12,"column":2},"end":{"line":14,"column":3}},"type":"if","locations":[{"start":{"line":12,"column":2},"end":{"line":14,"column":3}},{"start":{},"end":{}}],"line":12},"1":{"loc":{"start":{"line":12,"column":6},"end":{"line":12,"column":54}},"type":"binary-expr","locations":[{"start":{"line":12,"column":6},"end":{"line":12,"column":15}},{"start":{"line":12,"column":19},"end":{"line":12,"column":54}}],"line":12},"2":{"loc":{"start":{"line":20,"column":2},"end":{"line":28,"column":3}},"type":"if","locations":[{"start":{"line":20,"column":2},"end":{"line":28,"column":3}},{"start":{},"end":{}}],"line":20},"3":{"loc":{"start":{"line":20,"column":6},"end":{"line":21,"column":84}},"type":"binary-expr","locations":[{"start":{"line":20,"column":6},"end":{"line":20,"column":40}},{"start":{"line":21,"column":6},"end":{"line":21,"column":84}}],"line":20},"4":{"loc":{"start":{"line":30,"column":2},"end":{"line":38,"column":3}},"type":"if","locations":[{"start":{"line":30,"column":2},"end":{"line":38,"column":3}},{"start":{},"end":{}}],"line":30},"5":{"loc":{"start":{"line":30,"column":6},"end":{"line":31,"column":73}},"type":"binary-expr","locations":[{"start":{"line":30,"column":6},"end":{"line":30,"column":42}},{"start":{"line":31,"column":6},"end":{"line":31,"column":73}}],"line":30},"6":{"loc":{"start":{"line":41,"column":2},"end":{"line":49,"column":3}},"type":"if","locations":[{"start":{"line":41,"column":2},"end":{"line":49,"column":3}},{"start":{},"end":{}}],"line":41},"7":{"loc":{"start":{"line":41,"column":6},"end":{"line":42,"column":86}},"type":"binary-expr","locations":[{"start":{"line":41,"column":6},"end":{"line":41,"column":53}},{"start":{"line":42,"column":6},"end":{"line":42,"column":86}}],"line":41},"8":{"loc":{"start":{"line":52,"column":2},"end":{"line":60,"column":3}},"type":"if","locations":[{"start":{"line":52,"column":2},"end":{"line":60,"column":3}},{"start":{},"end":{}}],"line":52},"9":{"loc":{"start":{"line":52,"column":6},"end":{"line":53,"column":74}},"type":"binary-expr","locations":[{"start":{"line":52,"column":6},"end":{"line":52,"column":44}},{"start":{"line":53,"column":6},"end":{"line":53,"column":74}}],"line":52},"10":{"loc":{"start":{"line":63,"column":38},"end":{"line":63,"column":69}},"type":"binary-expr","locations":[{"start":{"line":63,"column":38},"end":{"line":63,"column":63}},{"start":{"line":63,"column":67},"end":{"line":63,"column":69}}],"line":63},"11":{"loc":{"start":{"line":64,"column":42},"end":{"line":64,"column":76}},"type":"binary-expr","locations":[{"start":{"line":64,"column":42},"end":{"line":64,"column":70}},{"start":{"line":64,"column":74},"end":{"line":64,"column":76}}],"line":64},"12":{"loc":{"start":{"line":65,"column":2},"end":{"line":72,"column":3}},"type":"if","locations":[{"start":{"line":65,"column":2},"end":{"line":72,"column":3}},{"start":{},"end":{}}],"line":65},"13":{"loc":{"start":{"line":65,"column":6},"end":{"line":65,"column":79}},"type":"binary-expr","locations":[{"start":{"line":65,"column":6},"end":{"line":65,"column":39}},{"start":{"line":65,"column":43},"end":{"line":65,"column":79}}],"line":65},"14":{"loc":{"start":{"line":69,"column":17},"end":{"line":69,"column":48}},"type":"binary-expr","locations":[{"start":{"line":69,"column":17},"end":{"line":69,"column":42}},{"start":{"line":69,"column":46},"end":{"line":69,"column":48}}],"line":69},"15":{"loc":{"start":{"line":70,"column":21},"end":{"line":70,"column":55}},"type":"binary-expr","locations":[{"start":{"line":70,"column":21},"end":{"line":70,"column":49}},{"start":{"line":70,"column":53},"end":{"line":70,"column":55}}],"line":70},"16":{"loc":{"start":{"line":75,"column":2},"end":{"line":83,"column":3}},"type":"if","locations":[{"start":{"line":75,"column":2},"end":{"line":83,"column":3}},{"start":{},"end":{}}],"line":75},"17":{"loc":{"start":{"line":75,"column":6},"end":{"line":76,"column":62}},"type":"binary-expr","locations":[{"start":{"line":75,"column":6},"end":{"line":75,"column":33}},{"start":{"line":76,"column":6},"end":{"line":76,"column":62}}],"line":75},"18":{"loc":{"start":{"line":85,"column":2},"end":{"line":93,"column":3}},"type":"if","locations":[{"start":{"line":85,"column":2},"end":{"line":93,"column":3}},{"start":{},"end":{}}],"line":85},"19":{"loc":{"start":{"line":85,"column":6},"end":{"line":86,"column":64}},"type":"binary-expr","locations":[{"start":{"line":85,"column":6},"end":{"line":85,"column":34}},{"start":{"line":86,"column":6},"end":{"line":86,"column":64}}],"line":85},"20":{"loc":{"start":{"line":96,"column":2},"end":{"line":104,"column":3}},"type":"if","locations":[{"start":{"line":96,"column":2},"end":{"line":104,"column":3}},{"start":{},"end":{}}],"line":96},"21":{"loc":{"start":{"line":96,"column":6},"end":{"line":97,"column":66}},"type":"binary-expr","locations":[{"start":{"line":96,"column":6},"end":{"line":96,"column":43}},{"start":{"line":97,"column":6},"end":{"line":97,"column":66}}],"line":96},"22":{"loc":{"start":{"line":106,"column":2},"end":{"line":114,"column":3}},"type":"if","locations":[{"start":{"line":106,"column":2},"end":{"line":114,"column":3}},{"start":{},"end":{}}],"line":106},"23":{"loc":{"start":{"line":106,"column":6},"end":{"line":107,"column":62}},"type":"binary-expr","locations":[{"start":{"line":106,"column":6},"end":{"line":106,"column":41}},{"start":{"line":107,"column":6},"end":{"line":107,"column":62}}],"line":106},"24":{"loc":{"start":{"line":117,"column":39},"end":{"line":117,"column":68}},"type":"binary-expr","locations":[{"start":{"line":117,"column":39},"end":{"line":117,"column":62}},{"start":{"line":117,"column":66},"end":{"line":117,"column":68}}],"line":117},"25":{"loc":{"start":{"line":118,"column":43},"end":{"line":118,"column":75}},"type":"binary-expr","locations":[{"start":{"line":118,"column":43},"end":{"line":118,"column":69}},{"start":{"line":118,"column":73},"end":{"line":118,"column":75}}],"line":118},"26":{"loc":{"start":{"line":119,"column":2},"end":{"line":126,"column":3}},"type":"if","locations":[{"start":{"line":119,"column":2},"end":{"line":126,"column":3}},{"start":{},"end":{}}],"line":119},"27":{"loc":{"start":{"line":119,"column":6},"end":{"line":119,"column":79}},"type":"binary-expr","locations":[{"start":{"line":119,"column":6},"end":{"line":119,"column":41}},{"start":{"line":119,"column":45},"end":{"line":119,"column":79}}],"line":119},"28":{"loc":{"start":{"line":123,"column":20},"end":{"line":123,"column":49}},"type":"binary-expr","locations":[{"start":{"line":123,"column":20},"end":{"line":123,"column":43}},{"start":{"line":123,"column":47},"end":{"line":123,"column":49}}],"line":123},"29":{"loc":{"start":{"line":124,"column":24},"end":{"line":124,"column":56}},"type":"binary-expr","locations":[{"start":{"line":124,"column":24},"end":{"line":124,"column":50}},{"start":{"line":124,"column":54},"end":{"line":124,"column":56}}],"line":124},"30":{"loc":{"start":{"line":131,"column":2},"end":{"line":133,"column":3}},"type":"if","locations":[{"start":{"line":131,"column":2},"end":{"line":133,"column":3}},{"start":{},"end":{}}],"line":131},"31":{"loc":{"start":{"line":141,"column":29},"end":{"line":141,"column":57}},"type":"cond-expr","locations":[{"start":{"line":141,"column":49},"end":{"line":141,"column":52}},{"start":{"line":141,"column":55},"end":{"line":141,"column":57}}],"line":141},"32":{"loc":{"start":{"line":143,"column":9},"end":{"line":154,"column":9}},"type":"binary-expr","locations":[{"start":{"line":143,"column":9},"end":{"line":143,"column":27}},{"start":{"line":143,"column":31},"end":{"line":143,"column":50}},{"start":{"line":144,"column":10},"end":{"line":153,"column":15}}],"line":143}},"s":{"0":0,"1":0,"2":0,"3":0,"4":0,"5":0,"6":0,"7":0,"8":0,"9":0,"10":0,"11":0,"12":0,"13":0,"14":0,"15":0,"16":0,"17":0,"18":0,"19":0,"20":0,"21":0,"22":0,"23":0,"24":0,"25":0,"26":0,"27":0,"28":0,"29":0,"30":0,"31":0},"f":{"0":0,"1":0},"b":{"0":[0,0],"1":[0,0],"2":[0,0],"3":[0,0],"4":[0,0],"5":[0,0],"6":[0,0],"7":[0,0],"8":[0,0],"9":[0,0],"10":[0,0],"11":[0,0],"12":[0,0],"13":[0,0],"14":[0,0],"15":[0,0],"16":[0,0],"17":[0,0],"18":[0,0],"19":[0,0],"20":[0,0],"21":[0,0],"22":[0,0],"23":[0,0],"24":[0,0],"25":[0,0],"26":[0,0],"27":[0,0],"28":[0,0],"29":[0,0],"30":[0,0],"31":[0,0],"32":[0,0,0]}}
,"C:\\Users\\Split Lease\\splitleaseteam\\!Agent Context and Tools\\SL6\\pages\\guest-proposals\\src\\components\\proposals\\DashboardConfigPanel.jsx": {"path":"C:\\Users\\Split Lease\\splitleaseteam\\!Agent Context and Tools\\SL6\\pages\\guest-proposals\\src\\components\\proposals\\DashboardConfigPanel.jsx","statementMap":{"0":{"start":{"line":11,"column":40},"end":{"line":11,"column":56}},"1":{"start":{"line":14,"column":22},"end":{"line":14,"column":54}},"2":{"start":{"line":15,"column":4},"end":{"line":15,"column":30}},"3":{"start":{"line":16,"column":4},"end":{"line":16,"column":30}},"4":{"start":{"line":19,"column":2},"end":{"line":19,"column":27}},"5":{"start":{"line":19,"column":15},"end":{"line":19,"column":27}},"6":{"start":{"line":21,"column":2},"end":{"line":165,"column":4}},"7":{"start":{"line":49,"column":35},"end":{"line":49,"column":77}},"8":{"start":{"line":59,"column":35},"end":{"line":59,"column":77}},"9":{"start":{"line":69,"column":35},"end":{"line":69,"column":77}},"10":{"start":{"line":85,"column":35},"end":{"line":85,"column":88}},"11":{"start":{"line":94,"column":35},"end":{"line":94,"column":87}},"12":{"start":{"line":107,"column":31},"end":{"line":107,"column":75}},"13":{"start":{"line":126,"column":35},"end":{"line":126,"column":93}},"14":{"start":{"line":135,"column":35},"end":{"line":135,"column":95}},"15":{"start":{"line":148,"column":36},"end":{"line":155,"column":15}},"16":{"start":{"line":156,"column":14},"end":{"line":156,"column":44}},"17":{"start":{"line":157,"column":14},"end":{"line":157,"column":44}}},"fnMap":{"0":{"name":"DashboardConfigPanel","decl":{"start":{"line":10,"column":24},"end":{"line":10,"column":44}},"loc":{"start":{"line":10,"column":90},"end":{"line":166,"column":1}},"line":10},"1":{"name":"handleConfigUpdate","decl":{"start":{"line":13,"column":11},"end":{"line":13,"column":29}},"loc":{"start":{"line":13,"column":42},"end":{"line":17,"column":3}},"line":13},"2":{"name":"(anonymous_2)","decl":{"start":{"line":49,"column":28},"end":{"line":49,"column":29}},"loc":{"start":{"line":49,"column":35},"end":{"line":49,"column":77}},"line":49},"3":{"name":"(anonymous_3)","decl":{"start":{"line":59,"column":28},"end":{"line":59,"column":29}},"loc":{"start":{"line":59,"column":35},"end":{"line":59,"column":77}},"line":59},"4":{"name":"(anonymous_4)","decl":{"start":{"line":69,"column":28},"end":{"line":69,"column":29}},"loc":{"start":{"line":69,"column":35},"end":{"line":69,"column":77}},"line":69},"5":{"name":"(anonymous_5)","decl":{"start":{"line":85,"column":28},"end":{"line":85,"column":29}},"loc":{"start":{"line":85,"column":35},"end":{"line":85,"column":88}},"line":85},"6":{"name":"(anonymous_6)","decl":{"start":{"line":94,"column":28},"end":{"line":94,"column":29}},"loc":{"start":{"line":94,"column":35},"end":{"line":94,"column":87}},"line":94},"7":{"name":"(anonymous_7)","decl":{"start":{"line":107,"column":24},"end":{"line":107,"column":25}},"loc":{"start":{"line":107,"column":31},"end":{"line":107,"column":75}},"line":107},"8":{"name":"(anonymous_8)","decl":{"start":{"line":126,"column":28},"end":{"line":126,"column":29}},"loc":{"start":{"line":126,"column":35},"end":{"line":126,"column":93}},"line":126},"9":{"name":"(anonymous_9)","decl":{"start":{"line":135,"column":28},"end":{"line":135,"column":29}},"loc":{"start":{"line":135,"column":35},"end":{"line":135,"column":95}},"line":135},"10":{"name":"(anonymous_10)","decl":{"start":{"line":147,"column":21},"end":{"line":147,"column":22}},"loc":{"start":{"line":147,"column":27},"end":{"line":158,"column":13}},"line":147}},"branchMap":{"0":{"loc":{"start":{"line":19,"column":2},"end":{"line":19,"column":27}},"type":"if","locations":[{"start":{"line":19,"column":2},"end":{"line":19,"column":27}},{"start":{},"end":{}}],"line":19}},"s":{"0":0,"1":0,"2":0,"3":0,"4":0,"5":0,"6":0,"7":0,"8":0,"9":0,"10":0,"11":0,"12":0,"13":0,"14":0,"15":0,"16":0,"17":0},"f":{"0":0,"1":0,"2":0,"3":0,"4":0,"5":0,"6":0,"7":0,"8":0,"9":0,"10":0},"b":{"0":[0,0]}}
,"C:\\Users\\Split Lease\\splitleaseteam\\!Agent Context and Tools\\SL6\\pages\\guest-proposals\\src\\components\\proposals\\EmptyState.jsx": {"path":"C:\\Users\\Split Lease\\splitleaseteam\\!Agent Context and Tools\\SL6\\pages\\guest-proposals\\src\\components\\proposals\\EmptyState.jsx","statementMap":{"0":{"start":{"line":7,"column":2},"end":{"line":18,"column":4}}},"fnMap":{"0":{"name":"EmptyState","decl":{"start":{"line":6,"column":24},"end":{"line":6,"column":34}},"loc":{"start":{"line":6,"column":49},"end":{"line":19,"column":1}},"line":6}},"branchMap":{"0":{"loc":{"start":{"line":12,"column":9},"end":{"line":12,"column":46}},"type":"cond-expr","locations":[{"start":{"line":12,"column":20},"end":{"line":12,"column":38}},{"start":{"line":12,"column":41},"end":{"line":12,"column":46}}],"line":12}},"s":{"0":0},"f":{"0":0},"b":{"0":[0,0]}}
,"C:\\Users\\Split Lease\\splitleaseteam\\!Agent Context and Tools\\SL6\\pages\\guest-proposals\\src\\components\\proposals\\ErrorState.jsx": {"path":"C:\\Users\\Split Lease\\splitleaseteam\\!Agent Context and Tools\\SL6\\pages\\guest-proposals\\src\\components\\proposals\\ErrorState.jsx","statementMap":{"0":{"start":{"line":7,"column":2},"end":{"line":20,"column":4}}},"fnMap":{"0":{"name":"ErrorState","decl":{"start":{"line":6,"column":24},"end":{"line":6,"column":34}},"loc":{"start":{"line":6,"column":55},"end":{"line":21,"column":1}},"line":6}},"branchMap":{"0":{"loc":{"start":{"line":12,"column":9},"end":{"line":12,"column":57}},"type":"binary-expr","locations":[{"start":{"line":12,"column":9},"end":{"line":12,"column":23}},{"start":{"line":12,"column":27},"end":{"line":12,"column":57}}],"line":12},"1":{"loc":{"start":{"line":14,"column":7},"end":{"line":18,"column":7}},"type":"binary-expr","locations":[{"start":{"line":14,"column":7},"end":{"line":14,"column":14}},{"start":{"line":15,"column":8},"end":{"line":17,"column":17}}],"line":14}},"s":{"0":0},"f":{"0":0},"b":{"0":[0,0],"1":[0,0]}}
,"C:\\Users\\Split Lease\\splitleaseteam\\!Agent Context and Tools\\SL6\\pages\\guest-proposals\\src\\components\\proposals\\FloatingProposalSummary.jsx": {"path":"C:\\Users\\Split Lease\\splitleaseteam\\!Agent Context and Tools\\SL6\\pages\\guest-proposals\\src\\components\\proposals\\FloatingProposalSummary.jsx","statementMap":{"0":{"start":{"line":11,"column":2},"end":{"line":11,"column":29}},"1":{"start":{"line":11,"column":17},"end":{"line":11,"column":29}},"2":{"start":{"line":13,"column":21},"end":{"line":13,"column":51}},"3":{"start":{"line":15,"column":2},"end":{"line":63,"column":4}},"4":{"start":{"line":68,"column":20},"end":{"line":79,"column":3}},"5":{"start":{"line":81,"column":2},"end":{"line":81,"column":71}}},"fnMap":{"0":{"name":"FloatingProposalSummary","decl":{"start":{"line":10,"column":24},"end":{"line":10,"column":47}},"loc":{"start":{"line":10,"column":62},"end":{"line":64,"column":1}},"line":10},"1":{"name":"getStatusInfo","decl":{"start":{"line":67,"column":9},"end":{"line":67,"column":22}},"loc":{"start":{"line":67,"column":31},"end":{"line":82,"column":1}},"line":67}},"branchMap":{"0":{"loc":{"start":{"line":11,"column":2},"end":{"line":11,"column":29}},"type":"if","locations":[{"start":{"line":11,"column":2},"end":{"line":11,"column":29}},{"start":{},"end":{}}],"line":11},"1":{"loc":{"start":{"line":30,"column":11},"end":{"line":34,"column":11}},"type":"binary-expr","locations":[{"start":{"line":30,"column":11},"end":{"line":30,"column":32}},{"start":{"line":31,"column":12},"end":{"line":33,"column":18}}],"line":30},"2":{"loc":{"start":{"line":43,"column":11},"end":{"line":48,"column":11}},"type":"binary-expr","locations":[{"start":{"line":43,"column":11},"end":{"line":43,"column":33}},{"start":{"line":44,"column":12},"end":{"line":47,"column":18}}],"line":43},"3":{"loc":{"start":{"line":49,"column":11},"end":{"line":54,"column":11}},"type":"binary-expr","locations":[{"start":{"line":49,"column":11},"end":{"line":49,"column":31}},{"start":{"line":49,"column":35},"end":{"line":49,"column":61}},{"start":{"line":50,"column":12},"end":{"line":53,"column":18}}],"line":49},"4":{"loc":{"start":{"line":81,"column":9},"end":{"line":81,"column":70}},"type":"binary-expr","locations":[{"start":{"line":81,"column":9},"end":{"line":81,"column":26}},{"start":{"line":81,"column":30},"end":{"line":81,"column":70}}],"line":81}},"s":{"0":0,"1":0,"2":0,"3":0,"4":0,"5":0},"f":{"0":0,"1":0},"b":{"0":[0,0],"1":[0,0],"2":[0,0],"3":[0,0,0],"4":[0,0]}}
,"C:\\Users\\Split Lease\\splitleaseteam\\!Agent Context and Tools\\SL6\\pages\\guest-proposals\\src\\components\\proposals\\HostProfileModal.jsx": {"path":"C:\\Users\\Split Lease\\splitleaseteam\\!Agent Context and Tools\\SL6\\pages\\guest-proposals\\src\\components\\proposals\\HostProfileModal.jsx","statementMap":{"0":{"start":{"line":12,"column":2},"end":{"line":27,"column":15}},"1":{"start":{"line":14,"column":6},"end":{"line":17,"column":7}},"2":{"start":{"line":15,"column":8},"end":{"line":15,"column":27}},"3":{"start":{"line":20,"column":4},"end":{"line":22,"column":5}},"4":{"start":{"line":21,"column":6},"end":{"line":21,"column":56}},"5":{"start":{"line":24,"column":4},"end":{"line":26,"column":6}},"6":{"start":{"line":25,"column":6},"end":{"line":25,"column":59}},"7":{"start":{"line":29,"column":2},"end":{"line":29,"column":36}},"8":{"start":{"line":29,"column":24},"end":{"line":29,"column":36}},"9":{"start":{"line":32,"column":20},"end":{"line":39,"column":3}},"10":{"start":{"line":41,"column":21},"end":{"line":41,"column":78}},"11":{"start":{"line":43,"column":2},"end":{"line":164,"column":4}},"12":{"start":{"line":47,"column":24},"end":{"line":47,"column":43}}},"fnMap":{"0":{"name":"HostProfileModal","decl":{"start":{"line":10,"column":24},"end":{"line":10,"column":40}},"loc":{"start":{"line":10,"column":68},"end":{"line":165,"column":1}},"line":10},"1":{"name":"(anonymous_1)","decl":{"start":{"line":12,"column":12},"end":{"line":12,"column":13}},"loc":{"start":{"line":12,"column":18},"end":{"line":27,"column":3}},"line":12},"2":{"name":"handleKeyDown","decl":{"start":{"line":13,"column":13},"end":{"line":13,"column":26}},"loc":{"start":{"line":13,"column":30},"end":{"line":18,"column":5}},"line":13},"3":{"name":"(anonymous_3)","decl":{"start":{"line":24,"column":11},"end":{"line":24,"column":12}},"loc":{"start":{"line":24,"column":17},"end":{"line":26,"column":5}},"line":24},"4":{"name":"(anonymous_4)","decl":{"start":{"line":47,"column":17},"end":{"line":47,"column":18}},"loc":{"start":{"line":47,"column":24},"end":{"line":47,"column":43}},"line":47}},"branchMap":{"0":{"loc":{"start":{"line":14,"column":6},"end":{"line":17,"column":7}},"type":"if","locations":[{"start":{"line":14,"column":6},"end":{"line":17,"column":7}},{"start":{},"end":{}}],"line":14},"1":{"loc":{"start":{"line":20,"column":4},"end":{"line":22,"column":5}},"type":"if","locations":[{"start":{"line":20,"column":4},"end":{"line":22,"column":5}},{"start":{},"end":{}}],"line":20},"2":{"loc":{"start":{"line":29,"column":2},"end":{"line":29,"column":36}},"type":"if","locations":[{"start":{"line":29,"column":2},"end":{"line":29,"column":36}},{"start":{},"end":{}}],"line":29},"3":{"loc":{"start":{"line":29,"column":6},"end":{"line":29,"column":22}},"type":"binary-expr","locations":[{"start":{"line":29,"column":6},"end":{"line":29,"column":13}},{"start":{"line":29,"column":17},"end":{"line":29,"column":22}}],"line":29},"4":{"loc":{"start":{"line":33,"column":12},"end":{"line":33,"column":32}},"type":"binary-expr","locations":[{"start":{"line":33,"column":12},"end":{"line":33,"column":23}},{"start":{"line":33,"column":27},"end":{"line":33,"column":32}}],"line":33},"5":{"loc":{"start":{"line":34,"column":13},"end":{"line":34,"column":38}},"type":"binary-expr","locations":[{"start":{"line":34,"column":13},"end":{"line":34,"column":29}},{"start":{"line":34,"column":33},"end":{"line":34,"column":38}}],"line":34},"6":{"loc":{"start":{"line":35,"column":18},"end":{"line":35,"column":49}},"type":"binary-expr","locations":[{"start":{"line":35,"column":18},"end":{"line":35,"column":35}},{"start":{"line":35,"column":39},"end":{"line":35,"column":49}}],"line":35},"7":{"loc":{"start":{"line":36,"column":19},"end":{"line":36,"column":44}},"type":"binary-expr","locations":[{"start":{"line":36,"column":19},"end":{"line":36,"column":37}},{"start":{"line":36,"column":41},"end":{"line":36,"column":44}}],"line":36},"8":{"loc":{"start":{"line":37,"column":18},"end":{"line":37,"column":42}},"type":"binary-expr","locations":[{"start":{"line":37,"column":18},"end":{"line":37,"column":35}},{"start":{"line":37,"column":39},"end":{"line":37,"column":42}}],"line":37},"9":{"loc":{"start":{"line":38,"column":18},"end":{"line":38,"column":44}},"type":"binary-expr","locations":[{"start":{"line":38,"column":18},"end":{"line":38,"column":35}},{"start":{"line":38,"column":39},"end":{"line":38,"column":44}}],"line":38},"10":{"loc":{"start":{"line":41,"column":21},"end":{"line":41,"column":78}},"type":"binary-expr","locations":[{"start":{"line":41,"column":21},"end":{"line":41,"column":44}},{"start":{"line":41,"column":48},"end":{"line":41,"column":69}},{"start":{"line":41,"column":73},"end":{"line":41,"column":78}}],"line":41},"11":{"loc":{"start":{"line":66,"column":15},"end":{"line":72,"column":15}},"type":"binary-expr","locations":[{"start":{"line":66,"column":15},"end":{"line":66,"column":32}},{"start":{"line":67,"column":16},"end":{"line":71,"column":18}}],"line":66},"12":{"loc":{"start":{"line":69,"column":23},"end":{"line":69,"column":54}},"type":"binary-expr","locations":[{"start":{"line":69,"column":23},"end":{"line":69,"column":36}},{"start":{"line":69,"column":40},"end":{"line":69,"column":54}}],"line":69},"13":{"loc":{"start":{"line":75,"column":19},"end":{"line":75,"column":101}},"type":"binary-expr","locations":[{"start":{"line":75,"column":19},"end":{"line":75,"column":32}},{"start":{"line":75,"column":36},"end":{"line":75,"column":91}},{"start":{"line":75,"column":95},"end":{"line":75,"column":101}}],"line":75},"14":{"loc":{"start":{"line":75,"column":39},"end":{"line":75,"column":59}},"type":"binary-expr","locations":[{"start":{"line":75,"column":39},"end":{"line":75,"column":53}},{"start":{"line":75,"column":57},"end":{"line":75,"column":59}}],"line":75},"15":{"loc":{"start":{"line":75,"column":63},"end":{"line":75,"column":82}},"type":"binary-expr","locations":[{"start":{"line":75,"column":63},"end":{"line":75,"column":76}},{"start":{"line":75,"column":80},"end":{"line":75,"column":82}}],"line":75},"16":{"loc":{"start":{"line":77,"column":17},"end":{"line":84,"column":17}},"type":"binary-expr","locations":[{"start":{"line":77,"column":17},"end":{"line":77,"column":27}},{"start":{"line":78,"column":18},"end":{"line":83,"column":24}}],"line":77},"17":{"loc":{"start":{"line":127,"column":13},"end":{"line":132,"column":13}},"type":"binary-expr","locations":[{"start":{"line":127,"column":13},"end":{"line":127,"column":21}},{"start":{"line":128,"column":14},"end":{"line":131,"column":20}}],"line":127},"18":{"loc":{"start":{"line":129,"column":27},"end":{"line":129,"column":51}},"type":"binary-expr","locations":[{"start":{"line":129,"column":27},"end":{"line":129,"column":41}},{"start":{"line":129,"column":45},"end":{"line":129,"column":51}}],"line":129},"19":{"loc":{"start":{"line":135,"column":13},"end":{"line":144,"column":13}},"type":"binary-expr","locations":[{"start":{"line":135,"column":13},"end":{"line":135,"column":27}},{"start":{"line":135,"column":31},"end":{"line":135,"column":56}},{"start":{"line":136,"column":14},"end":{"line":143,"column":20}}],"line":135},"20":{"loc":{"start":{"line":139,"column":19},"end":{"line":141,"column":36}},"type":"cond-expr","locations":[{"start":{"line":140,"column":22},"end":{"line":140,"column":47}},{"start":{"line":141,"column":22},"end":{"line":141,"column":36}}],"line":139},"21":{"loc":{"start":{"line":147,"column":13},"end":{"line":152,"column":13}},"type":"binary-expr","locations":[{"start":{"line":147,"column":13},"end":{"line":147,"column":26}},{"start":{"line":148,"column":14},"end":{"line":151,"column":20}}],"line":147}},"s":{"0":0,"1":0,"2":0,"3":0,"4":0,"5":0,"6":0,"7":0,"8":0,"9":0,"10":0,"11":0,"12":0},"f":{"0":0,"1":0,"2":0,"3":0,"4":0},"b":{"0":[0,0],"1":[0,0],"2":[0,0],"3":[0,0],"4":[0,0],"5":[0,0],"6":[0,0],"7":[0,0],"8":[0,0],"9":[0,0],"10":[0,0,0],"11":[0,0],"12":[0,0],"13":[0,0,0],"14":[0,0],"15":[0,0],"16":[0,0],"17":[0,0],"18":[0,0],"19":[0,0,0],"20":[0,0],"21":[0,0]}}
,"C:\\Users\\Split Lease\\splitleaseteam\\!Agent Context and Tools\\SL6\\pages\\guest-proposals\\src\\components\\proposals\\LoadingState.jsx": {"path":"C:\\Users\\Split Lease\\splitleaseteam\\!Agent Context and Tools\\SL6\\pages\\guest-proposals\\src\\components\\proposals\\LoadingState.jsx","statementMap":{"0":{"start":{"line":7,"column":2},"end":{"line":12,"column":4}}},"fnMap":{"0":{"name":"LoadingState","decl":{"start":{"line":6,"column":24},"end":{"line":6,"column":36}},"loc":{"start":{"line":6,"column":39},"end":{"line":13,"column":1}},"line":6}},"branchMap":{},"s":{"0":0},"f":{"0":0},"b":{}}
,"C:\\Users\\Split Lease\\splitleaseteam\\!Agent Context and Tools\\SL6\\pages\\guest-proposals\\src\\components\\proposals\\MapsModal.jsx": {"path":"C:\\Users\\Split Lease\\splitleaseteam\\!Agent Context and Tools\\SL6\\pages\\guest-proposals\\src\\components\\proposals\\MapsModal.jsx","statementMap":{"0":{"start":{"line":11,"column":17},"end":{"line":11,"column":29}},"1":{"start":{"line":12,"column":24},"end":{"line":12,"column":38}},"2":{"start":{"line":13,"column":32},"end":{"line":13,"column":46}},"3":{"start":{"line":14,"column":28},"end":{"line":14,"column":42}},"4":{"start":{"line":16,"column":2},"end":{"line":34,"column":24}},"5":{"start":{"line":17,"column":4},"end":{"line":17,"column":36}},"6":{"start":{"line":17,"column":29},"end":{"line":17,"column":36}},"7":{"start":{"line":20,"column":4},"end":{"line":26,"column":9}},"8":{"start":{"line":21,"column":18},"end":{"line":21,"column":33}},"9":{"start":{"line":23,"column":8},"end":{"line":23,"column":58}},"10":{"start":{"line":24,"column":8},"end":{"line":24,"column":64}},"11":{"start":{"line":25,"column":8},"end":{"line":25,"column":26}},"12":{"start":{"line":28,"column":4},"end":{"line":33,"column":6}},"13":{"start":{"line":30,"column":6},"end":{"line":32,"column":7}},"14":{"start":{"line":37,"column":4},"end":{"line":61,"column":7}},"15":{"start":{"line":39,"column":6},"end":{"line":42,"column":7}},"16":{"start":{"line":40,"column":8},"end":{"line":40,"column":18}},"17":{"start":{"line":41,"column":8},"end":{"line":41,"column":15}},"18":{"start":{"line":45,"column":29},"end":{"line":45,"column":89}},"19":{"start":{"line":46,"column":6},"end":{"line":50,"column":7}},"20":{"start":{"line":47,"column":8},"end":{"line":47,"column":57}},"21":{"start":{"line":48,"column":8},"end":{"line":48,"column":57}},"22":{"start":{"line":49,"column":8},"end":{"line":49,"column":15}},"23":{"start":{"line":53,"column":21},"end":{"line":53,"column":53}},"24":{"start":{"line":55,"column":6},"end":{"line":55,"column":144}},"25":{"start":{"line":56,"column":6},"end":{"line":56,"column":26}},"26":{"start":{"line":57,"column":6},"end":{"line":57,"column":26}},"27":{"start":{"line":58,"column":6},"end":{"line":58,"column":47}},"28":{"start":{"line":59,"column":6},"end":{"line":59,"column":47}},"29":{"start":{"line":60,"column":6},"end":{"line":60,"column":40}},"30":{"start":{"line":65,"column":4},"end":{"line":65,"column":50}},"31":{"start":{"line":65,"column":43},"end":{"line":65,"column":50}},"32":{"start":{"line":67,"column":4},"end":{"line":121,"column":5}},"33":{"start":{"line":70,"column":26},"end":{"line":73,"column":7}},"34":{"start":{"line":76,"column":24},"end":{"line":83,"column":8}},"35":{"start":{"line":86,"column":21},"end":{"line":91,"column":8}},"36":{"start":{"line":94,"column":25},"end":{"line":103,"column":8}},"37":{"start":{"line":105,"column":6},"end":{"line":107,"column":9}},"38":{"start":{"line":106,"column":8},"end":{"line":106,"column":43}},"39":{"start":{"line":110,"column":6},"end":{"line":110,"column":41}},"40":{"start":{"line":115,"column":6},"end":{"line":115,"column":24}},"41":{"start":{"line":116,"column":6},"end":{"line":116,"column":24}},"42":{"start":{"line":118,"column":6},"end":{"line":118,"column":52}},"43":{"start":{"line":119,"column":6},"end":{"line":119,"column":59}},"44":{"start":{"line":120,"column":6},"end":{"line":120,"column":24}},"45":{"start":{"line":125,"column":2},"end":{"line":140,"column":15}},"46":{"start":{"line":127,"column":6},"end":{"line":130,"column":7}},"47":{"start":{"line":128,"column":8},"end":{"line":128,"column":27}},"48":{"start":{"line":133,"column":4},"end":{"line":135,"column":5}},"49":{"start":{"line":134,"column":6},"end":{"line":134,"column":56}},"50":{"start":{"line":137,"column":4},"end":{"line":139,"column":6}},"51":{"start":{"line":138,"column":6},"end":{"line":138,"column":59}},"52":{"start":{"line":142,"column":2},"end":{"line":142,"column":27}},"53":{"start":{"line":142,"column":15},"end":{"line":142,"column":27}},"54":{"start":{"line":144,"column":2},"end":{"line":202,"column":4}},"55":{"start":{"line":148,"column":24},"end":{"line":148,"column":43}},"56":{"start":{"line":174,"column":37},"end":{"line":174,"column":61}}},"fnMap":{"0":{"name":"MapsModal","decl":{"start":{"line":10,"column":24},"end":{"line":10,"column":33}},"loc":{"start":{"line":10,"column":64},"end":{"line":203,"column":1}},"line":10},"1":{"name":"(anonymous_1)","decl":{"start":{"line":16,"column":12},"end":{"line":16,"column":13}},"loc":{"start":{"line":16,"column":18},"end":{"line":34,"column":3}},"line":16},"2":{"name":"(anonymous_2)","decl":{"start":{"line":21,"column":12},"end":{"line":21,"column":13}},"loc":{"start":{"line":21,"column":18},"end":{"line":21,"column":33}},"line":21},"3":{"name":"(anonymous_3)","decl":{"start":{"line":22,"column":13},"end":{"line":22,"column":14}},"loc":{"start":{"line":22,"column":20},"end":{"line":26,"column":7}},"line":22},"4":{"name":"(anonymous_4)","decl":{"start":{"line":28,"column":11},"end":{"line":28,"column":12}},"loc":{"start":{"line":28,"column":17},"end":{"line":33,"column":5}},"line":28},"5":{"name":"loadGoogleMapsScript","decl":{"start":{"line":36,"column":11},"end":{"line":36,"column":31}},"loc":{"start":{"line":36,"column":34},"end":{"line":62,"column":3}},"line":36},"6":{"name":"(anonymous_6)","decl":{"start":{"line":37,"column":23},"end":{"line":37,"column":24}},"loc":{"start":{"line":37,"column":44},"end":{"line":61,"column":5}},"line":37},"7":{"name":"initializeMap","decl":{"start":{"line":64,"column":11},"end":{"line":64,"column":24}},"loc":{"start":{"line":64,"column":27},"end":{"line":122,"column":3}},"line":64},"8":{"name":"(anonymous_8)","decl":{"start":{"line":105,"column":34},"end":{"line":105,"column":35}},"loc":{"start":{"line":105,"column":40},"end":{"line":107,"column":7}},"line":105},"9":{"name":"(anonymous_9)","decl":{"start":{"line":125,"column":12},"end":{"line":125,"column":13}},"loc":{"start":{"line":125,"column":18},"end":{"line":140,"column":3}},"line":125},"10":{"name":"handleKeyDown","decl":{"start":{"line":126,"column":13},"end":{"line":126,"column":26}},"loc":{"start":{"line":126,"column":30},"end":{"line":131,"column":5}},"line":126},"11":{"name":"(anonymous_11)","decl":{"start":{"line":137,"column":11},"end":{"line":137,"column":12}},"loc":{"start":{"line":137,"column":17},"end":{"line":139,"column":5}},"line":137},"12":{"name":"(anonymous_12)","decl":{"start":{"line":148,"column":17},"end":{"line":148,"column":18}},"loc":{"start":{"line":148,"column":24},"end":{"line":148,"column":43}},"line":148},"13":{"name":"(anonymous_13)","decl":{"start":{"line":174,"column":31},"end":{"line":174,"column":32}},"loc":{"start":{"line":174,"column":37},"end":{"line":174,"column":61}},"line":174}},"branchMap":{"0":{"loc":{"start":{"line":17,"column":4},"end":{"line":17,"column":36}},"type":"if","locations":[{"start":{"line":17,"column":4},"end":{"line":17,"column":36}},{"start":{},"end":{}}],"line":17},"1":{"loc":{"start":{"line":17,"column":8},"end":{"line":17,"column":27}},"type":"binary-expr","locations":[{"start":{"line":17,"column":8},"end":{"line":17,"column":15}},{"start":{"line":17,"column":19},"end":{"line":17,"column":27}}],"line":17},"2":{"loc":{"start":{"line":30,"column":6},"end":{"line":32,"column":7}},"type":"if","locations":[{"start":{"line":30,"column":6},"end":{"line":32,"column":7}},{"start":{},"end":{}}],"line":30},"3":{"loc":{"start":{"line":39,"column":6},"end":{"line":42,"column":7}},"type":"if","locations":[{"start":{"line":39,"column":6},"end":{"line":42,"column":7}},{"start":{},"end":{}}],"line":39},"4":{"loc":{"start":{"line":39,"column":10},"end":{"line":39,"column":45}},"type":"binary-expr","locations":[{"start":{"line":39,"column":10},"end":{"line":39,"column":23}},{"start":{"line":39,"column":27},"end":{"line":39,"column":45}}],"line":39},"5":{"loc":{"start":{"line":46,"column":6},"end":{"line":50,"column":7}},"type":"if","locations":[{"start":{"line":46,"column":6},"end":{"line":50,"column":7}},{"start":{},"end":{}}],"line":46},"6":{"loc":{"start":{"line":55,"column":66},"end":{"line":55,"column":124}},"type":"binary-expr","locations":[{"start":{"line":55,"column":66},"end":{"line":55,"column":106}},{"start":{"line":55,"column":110},"end":{"line":55,"column":124}}],"line":55},"7":{"loc":{"start":{"line":65,"column":4},"end":{"line":65,"column":50}},"type":"if","locations":[{"start":{"line":65,"column":4},"end":{"line":65,"column":50}},{"start":{},"end":{}}],"line":65},"8":{"loc":{"start":{"line":65,"column":8},"end":{"line":65,"column":41}},"type":"binary-expr","locations":[{"start":{"line":65,"column":8},"end":{"line":65,"column":23}},{"start":{"line":65,"column":27},"end":{"line":65,"column":41}}],"line":65},"9":{"loc":{"start":{"line":70,"column":26},"end":{"line":73,"column":7}},"type":"binary-expr","locations":[{"start":{"line":70,"column":26},"end":{"line":70,"column":45}},{"start":{"line":70,"column":49},"end":{"line":73,"column":7}}],"line":70},"10":{"loc":{"start":{"line":99,"column":16},"end":{"line":99,"column":63}},"type":"cond-expr","locations":[{"start":{"line":99,"column":35},"end":{"line":99,"column":58}},{"start":{"line":99,"column":61},"end":{"line":99,"column":63}}],"line":99},"11":{"loc":{"start":{"line":99,"column":66},"end":{"line":99,"column":91}},"type":"binary-expr","locations":[{"start":{"line":99,"column":66},"end":{"line":99,"column":85}},{"start":{"line":99,"column":89},"end":{"line":99,"column":91}}],"line":99},"12":{"loc":{"start":{"line":127,"column":6},"end":{"line":130,"column":7}},"type":"if","locations":[{"start":{"line":127,"column":6},"end":{"line":130,"column":7}},{"start":{},"end":{}}],"line":127},"13":{"loc":{"start":{"line":133,"column":4},"end":{"line":135,"column":5}},"type":"if","locations":[{"start":{"line":133,"column":4},"end":{"line":135,"column":5}},{"start":{},"end":{}}],"line":133},"14":{"loc":{"start":{"line":142,"column":2},"end":{"line":142,"column":27}},"type":"if","locations":[{"start":{"line":142,"column":2},"end":{"line":142,"column":27}},{"start":{},"end":{}}],"line":142},"15":{"loc":{"start":{"line":164,"column":11},"end":{"line":169,"column":11}},"type":"binary-expr","locations":[{"start":{"line":164,"column":11},"end":{"line":164,"column":18}},{"start":{"line":165,"column":12},"end":{"line":168,"column":18}}],"line":164},"16":{"loc":{"start":{"line":171,"column":11},"end":{"line":176,"column":11}},"type":"binary-expr","locations":[{"start":{"line":171,"column":11},"end":{"line":171,"column":16}},{"start":{"line":172,"column":12},"end":{"line":175,"column":18}}],"line":171},"17":{"loc":{"start":{"line":184,"column":23},"end":{"line":184,"column":58}},"type":"cond-expr","locations":[{"start":{"line":184,"column":42},"end":{"line":184,"column":48}},{"start":{"line":184,"column":51},"end":{"line":184,"column":58}}],"line":184},"18":{"loc":{"start":{"line":184,"column":23},"end":{"line":184,"column":39}},"type":"binary-expr","locations":[{"start":{"line":184,"column":23},"end":{"line":184,"column":30}},{"start":{"line":184,"column":34},"end":{"line":184,"column":39}}],"line":184},"19":{"loc":{"start":{"line":193,"column":46},"end":{"line":193,"column":71}},"type":"binary-expr","locations":[{"start":{"line":193,"column":46},"end":{"line":193,"column":62}},{"start":{"line":193,"column":66},"end":{"line":193,"column":71}}],"line":193},"20":{"loc":{"start":{"line":196,"column":41},"end":{"line":196,"column":69}},"type":"binary-expr","locations":[{"start":{"line":196,"column":41},"end":{"line":196,"column":60}},{"start":{"line":196,"column":64},"end":{"line":196,"column":69}}],"line":196}},"s":{"0":0,"1":0,"2":0,"3":0,"4":0,"5":0,"6":0,"7":0,"8":0,"9":0,"10":0,"11":0,"12":0,"13":0,"14":0,"15":0,"16":0,"17":0,"18":0,"19":0,"20":0,"21":0,"22":0,"23":0,"24":0,"25":0,"26":0,"27":0,"28":0,"29":0,"30":0,"31":0,"32":0,"33":0,"34":0,"35":0,"36":0,"37":0,"38":0,"39":0,"40":0,"41":0,"42":0,"43":0,"44":0,"45":0,"46":0,"47":0,"48":0,"49":0,"50":0,"51":0,"52":0,"53":0,"54":0,"55":0,"56":0},"f":{"0":0,"1":0,"2":0,"3":0,"4":0,"5":0,"6":0,"7":0,"8":0,"9":0,"10":0,"11":0,"12":0,"13":0},"b":{"0":[0,0],"1":[0,0],"2":[0,0],"3":[0,0],"4":[0,0],"5":[0,0],"6":[0,0],"7":[0,0],"8":[0,0],"9":[0,0],"10":[0,0],"11":[0,0],"12":[0,0],"13":[0,0],"14":[0,0],"15":[0,0],"16":[0,0],"17":[0,0],"18":[0,0],"19":[0,0],"20":[0,0]}}
,"C:\\Users\\Split Lease\\splitleaseteam\\!Agent Context and Tools\\SL6\\pages\\guest-proposals\\src\\components\\proposals\\ProposalCard.jsx": {"path":"C:\\Users\\Split Lease\\splitleaseteam\\!Agent Context and Tools\\SL6\\pages\\guest-proposals\\src\\components\\proposals\\ProposalCard.jsx","statementMap":{"0":{"start":{"line":28,"column":15},"end":{"line":28,"column":50}},"1":{"start":{"line":29,"column":19},"end":{"line":29,"column":97}},"2":{"start":{"line":31,"column":2},"end":{"line":42,"column":4}},"3":{"start":{"line":34,"column":27},"end":{"line":34,"column":81}},"4":{"start":{"line":35,"column":8},"end":{"line":39,"column":10}},"5":{"start":{"line":48,"column":17},"end":{"line":48,"column":52}},"6":{"start":{"line":50,"column":2},"end":{"line":63,"column":4}},"7":{"start":{"line":53,"column":8},"end":{"line":60,"column":14}},"8":{"start":{"line":67,"column":44},"end":{"line":67,"column":59}},"9":{"start":{"line":68,"column":58},"end":{"line":68,"column":73}},"10":{"start":{"line":69,"column":64},"end":{"line":69,"column":79}},"11":{"start":{"line":70,"column":60},"end":{"line":70,"column":75}},"12":{"start":{"line":71,"column":46},"end":{"line":71,"column":61}},"13":{"start":{"line":72,"column":28},"end":{"line":72,"column":42}},"14":{"start":{"line":73,"column":46},"end":{"line":73,"column":60}},"15":{"start":{"line":75,"column":2},"end":{"line":81,"column":3}},"16":{"start":{"line":76,"column":4},"end":{"line":80,"column":6}},"17":{"start":{"line":83,"column":44},"end":{"line":83,"column":52}},"18":{"start":{"line":86,"column":21},"end":{"line":86,"column":53}},"19":{"start":{"line":89,"column":23},"end":{"line":89,"column":58}},"20":{"start":{"line":92,"column":18},"end":{"line":94,"column":86}},"21":{"start":{"line":97,"column":2},"end":{"line":102,"column":3}},"22":{"start":{"line":98,"column":4},"end":{"line":101,"column":13}},"23":{"start":{"line":99,"column":6},"end":{"line":99,"column":21}},"24":{"start":{"line":100,"column":6},"end":{"line":100,"column":30}},"25":{"start":{"line":104,"column":2},"end":{"line":429,"column":4}},"26":{"start":{"line":131,"column":30},"end":{"line":131,"column":60}},"27":{"start":{"line":149,"column":31},"end":{"line":149,"column":58}},"28":{"start":{"line":155,"column":31},"end":{"line":155,"column":53}},"29":{"start":{"line":179,"column":33},"end":{"line":179,"column":67}},"30":{"start":{"line":189,"column":24},"end":{"line":196,"column":29}},"31":{"start":{"line":237,"column":20},"end":{"line":246,"column":22}},"32":{"start":{"line":241,"column":24},"end":{"line":241,"column":58}},"33":{"start":{"line":242,"column":24},"end":{"line":242,"column":49}},"34":{"start":{"line":242,"column":38},"end":{"line":242,"column":49}},"35":{"start":{"line":244,"column":31},"end":{"line":244,"column":44}},"36":{"start":{"line":245,"column":28},"end":{"line":245,"column":60}},"37":{"start":{"line":258,"column":33},"end":{"line":258,"column":74}},"38":{"start":{"line":267,"column":33},"end":{"line":267,"column":63}},"39":{"start":{"line":276,"column":33},"end":{"line":276,"column":71}},"40":{"start":{"line":285,"column":33},"end":{"line":285,"column":71}},"41":{"start":{"line":296,"column":20},"end":{"line":304,"column":22}},"42":{"start":{"line":299,"column":24},"end":{"line":299,"column":58}},"43":{"start":{"line":300,"column":24},"end":{"line":300,"column":49}},"44":{"start":{"line":300,"column":38},"end":{"line":300,"column":49}},"45":{"start":{"line":302,"column":31},"end":{"line":302,"column":44}},"46":{"start":{"line":331,"column":31},"end":{"line":331,"column":60}},"47":{"start":{"line":337,"column":31},"end":{"line":337,"column":75}},"48":{"start":{"line":354,"column":23},"end":{"line":354,"column":46}},"49":{"start":{"line":359,"column":23},"end":{"line":359,"column":53}},"50":{"start":{"line":364,"column":23},"end":{"line":364,"column":54}},"51":{"start":{"line":368,"column":10},"end":{"line":375,"column":86}},"52":{"start":{"line":369,"column":46},"end":{"line":369,"column":74}},"53":{"start":{"line":371,"column":14},"end":{"line":371,"column":71}},"54":{"start":{"line":372,"column":14},"end":{"line":372,"column":46}},"55":{"start":{"line":373,"column":14},"end":{"line":373,"column":39}},"56":{"start":{"line":373,"column":28},"end":{"line":373,"column":39}},"57":{"start":{"line":375,"column":28},"end":{"line":375,"column":84}},"58":{"start":{"line":379,"column":10},"end":{"line":391,"column":12}},"59":{"start":{"line":382,"column":14},"end":{"line":382,"column":57}},"60":{"start":{"line":383,"column":14},"end":{"line":383,"column":46}},"61":{"start":{"line":384,"column":14},"end":{"line":384,"column":39}},"62":{"start":{"line":384,"column":28},"end":{"line":384,"column":39}},"63":{"start":{"line":386,"column":21},"end":{"line":386,"column":34}},"64":{"start":{"line":396,"column":23},"end":{"line":396,"column":56}},"65":{"start":{"line":399,"column":10},"end":{"line":411,"column":14}},"66":{"start":{"line":401,"column":14},"end":{"line":410,"column":15}},"67":{"start":{"line":405,"column":18},"end":{"line":405,"column":52}},"68":{"start":{"line":406,"column":18},"end":{"line":406,"column":52}},"69":{"start":{"line":407,"column":18},"end":{"line":407,"column":43}},"70":{"start":{"line":407,"column":32},"end":{"line":407,"column":43}},"71":{"start":{"line":409,"column":25},"end":{"line":409,"column":38}},"72":{"start":{"line":414,"column":10},"end":{"line":425,"column":14}},"73":{"start":{"line":416,"column":14},"end":{"line":424,"column":15}},"74":{"start":{"line":419,"column":18},"end":{"line":419,"column":52}},"75":{"start":{"line":420,"column":18},"end":{"line":420,"column":52}},"76":{"start":{"line":421,"column":18},"end":{"line":421,"column":43}},"77":{"start":{"line":421,"column":32},"end":{"line":421,"column":43}},"78":{"start":{"line":423,"column":25},"end":{"line":423,"column":38}}},"fnMap":{"0":{"name":"WeeklySchedule","decl":{"start":{"line":27,"column":9},"end":{"line":27,"column":23}},"loc":{"start":{"line":27,"column":42},"end":{"line":43,"column":1}},"line":27},"1":{"name":"(anonymous_1)","decl":{"start":{"line":33,"column":16},"end":{"line":33,"column":17}},"loc":{"start":{"line":33,"column":32},"end":{"line":40,"column":7}},"line":33},"2":{"name":"ProgressTracker","decl":{"start":{"line":46,"column":9},"end":{"line":46,"column":24}},"loc":{"start":{"line":46,"column":43},"end":{"line":64,"column":1}},"line":46},"3":{"name":"(anonymous_3)","decl":{"start":{"line":52,"column":18},"end":{"line":52,"column":19}},"loc":{"start":{"line":53,"column":8},"end":{"line":60,"column":14}},"line":53},"4":{"name":"ProposalCard","decl":{"start":{"line":66,"column":24},"end":{"line":66,"column":36}},"loc":{"start":{"line":66,"column":76},"end":{"line":430,"column":1}},"line":66},"5":{"name":"(anonymous_5)","decl":{"start":{"line":98,"column":15},"end":{"line":98,"column":16}},"loc":{"start":{"line":98,"column":21},"end":{"line":101,"column":5}},"line":98},"6":{"name":"(anonymous_6)","decl":{"start":{"line":131,"column":24},"end":{"line":131,"column":25}},
[...]
:{"start":{"line":327,"column":6},"end":{"line":327,"column":13}},"82":{"start":{"line":331,"column":4},"end":{"line":333,"column":5}},"83":{"start":{"line":332,"column":6},"end":{"line":332,"column":47}},"84":{"start":{"line":336,"column":4},"end":{"line":336,"column":51}},"85":{"start":{"line":337,"column":4},"end":{"line":339,"column":5}},"86":{"start":{"line":338,"column":6},"end":{"line":338,"column":74}},"87":{"start":{"line":353,"column":2},"end":{"line":367,"column":3}},"88":{"start":{"line":354,"column":4},"end":{"line":354,"column":52}},"89":{"start":{"line":356,"column":4},"end":{"line":361,"column":5}},"90":{"start":{"line":357,"column":6},"end":{"line":360,"column":9}},"91":{"start":{"line":363,"column":4},"end":{"line":363,"column":52}},"92":{"start":{"line":364,"column":4},"end":{"line":366,"column":5}},"93":{"start":{"line":365,"column":6},"end":{"line":365,"column":60}},"94":{"start":{"line":378,"column":2},"end":{"line":399,"column":3}},"95":{"start":{"line":379,"column":22},"end":{"line":381,"column":5}},"96":{"start":{"line":383,"column":4},"end":{"line":385,"column":5}},"97":{"start":{"line":384,"column":6},"end":{"line":384,"column":13}},"98":{"start":{"line":387,"column":4},"end":{"line":387,"column":38}},"99":{"start":{"line":389,"column":4},"end":{"line":393,"column":5}},"100":{"start":{"line":390,"column":6},"end":{"line":392,"column":9}},"101":{"start":{"line":395,"column":4},"end":{"line":395,"column":48}},"102":{"start":{"line":396,"column":4},"end":{"line":398,"column":5}},"103":{"start":{"line":397,"column":6},"end":{"line":397,"column":58}},"104":{"start":{"line":410,"column":2},"end":{"line":431,"column":3}},"105":{"start":{"line":411,"column":22},"end":{"line":413,"column":5}},"106":{"start":{"line":415,"column":4},"end":{"line":417,"column":5}},"107":{"start":{"line":416,"column":6},"end":{"line":416,"column":13}},"108":{"start":{"line":419,"column":4},"end":{"line":419,"column":44}},"109":{"start":{"line":421,"column":4},"end":{"line":425,"column":5}},"110":{"start":{"line":422,"column":6},"end":{"line":424,"column":9}},"111":{"start":{"line":427,"column":4},"end":{"line":427,"column":49}},"112":{"start":{"line":428,"column":4},"end":{"line":430,"column":5}},"113":{"start":{"line":429,"column":6},"end":{"line":429,"column":65}},"114":{"start":{"line":442,"column":2},"end":{"line":444,"column":3}},"115":{"start":{"line":443,"column":4},"end":{"line":443,"column":37}},"116":{"start":{"line":446,"column":2},"end":{"line":448,"column":3}},"117":{"start":{"line":447,"column":4},"end":{"line":447,"column":41}},"118":{"start":{"line":450,"column":2},"end":{"line":456,"column":3}},"119":{"start":{"line":451,"column":4},"end":{"line":455,"column":5}},"120":{"start":{"line":452,"column":6},"end":{"line":452,"column":33}},"121":{"start":{"line":454,"column":6},"end":{"line":454,"column":42}},"122":{"start":{"line":458,"column":2},"end":{"line":460,"column":3}},"123":{"start":{"line":459,"column":4},"end":{"line":459,"column":34}},"124":{"start":{"line":462,"column":2},"end":{"line":464,"column":3}},"125":{"start":{"line":463,"column":4},"end":{"line":463,"column":34}},"126":{"start":{"line":466,"column":2},"end":{"line":466,"column":27}},"127":{"start":{"line":477,"column":2},"end":{"line":479,"column":3}},"128":{"start":{"line":478,"column":4},"end":{"line":478,"column":17}},"129":{"start":{"line":482,"column":2},"end":{"line":484,"column":3}},"130":{"start":{"line":483,"column":4},"end":{"line":483,"column":16}},"131":{"start":{"line":486,"column":2},"end":{"line":486,"column":15}}},"fnMap":{"0":{"name":"requestVirtualMeeting","decl":{"start":{"line":30,"column":22},"end":{"line":30,"column":43}},"loc":{"start":{"line":30,"column":65},"end":{"line":74,"column":1}},"line":30},"1":{"name":"requestAlternativeMeeting","decl":{"start":{"line":85,"column":22},"end":{"line":85,"column":47}},"loc":{"start":{"line":85,"column":83},"end":{"line":103,"column":1}},"line":85},"2":{"name":"respondToVirtualMeeting","decl":{"start":{"line":113,"column":22},"end":{"line":113,"column":45}},"loc":{"start":{"line":113,"column":64},"end":{"line":138,"column":1}},"line":113},"3":{"name":"declineVirtualMeeting","decl":{"start":{"line":146,"column":22},"end":{"line":146,"column":43}},"loc":{"start":{"line":146,"column":50},"end":{"line":170,"column":1}},"line":146},"4":{"name":"cancelVirtualMeetingRequest","decl":{"start":{"line":179,"column":22},"end":{"line":179,"column":49}},"loc":{"start":{"line":179,"column":56},"end":{"line":203,"column":1}},"line":179},"5":{"name":"getConfirmedMeetingDetails","decl":{"start":{"line":212,"column":16},"end":{"line":212,"column":42}},"loc":{"start":{"line":212,"column":47},"end":{"line":225,"column":1}},"line":212},"6":{"name":"handleRequestVirtualMeeting","decl":{"start":{"line":237,"column":22},"end":{"line":237,"column":49}},"loc":{"start":{"line":243,"column":2},"end":{"line":341,"column":1}},"line":243},"7":{"name":"handleRespondWithDate","decl":{"start":{"line":352,"column":22},"end":{"line":352,"column":43}},"loc":{"start":{"line":352,"column":82},"end":{"line":368,"column":1}},"line":352},"8":{"name":"handleDeclineVirtualMeeting","decl":{"start":{"line":377,"column":22},"end":{"line":377,"column":49}},"loc":{"start":{"line":377,"column":76},"end":{"line":400,"column":1}},"line":377},"9":{"name":"handleCancelVirtualMeetingRequest","decl":{"start":{"line":409,"column":22},"end":{"line":409,"column":55}},"loc":{"start":{"line":409,"column":82},"end":{"line":432,"column":1}},"line":409},"10":{"name":"getVMButtonText","decl":{"start":{"line":441,"column":16},"end":{"line":441,"column":31}},"loc":{"start":{"line":441,"column":51},"end":{"line":467,"column":1}},"line":441},"11":{"name":"isVMButtonDisabled","decl":{"start":{"line":476,"column":16},"end":{"line":476,"column":34}},"loc":{"start":{"line":476,"column":54},"end":{"line":487,"column":1}},"line":476}},"branchMap":{"0":{"loc":{"start":{"line":31,"column":2},"end":{"line":33,"column":3}},"type":"if","locations":[{"start":{"line":31,"column":2},"end":{"line":33,"column":3}},{"start":{},"end":{}}],"line":31},"1":{"loc":{"start":{"line":31,"column":6},"end":{"line":31,"column":29}},"type":"binary-expr","locations":[{"start":{"line":31,"column":6},"end":{"line":31,"column":17}},{"start":{"line":31,"column":21},"end":{"line":31,"column":29}}],"line":31},"2":{"loc":{"start":{"line":58,"column":2},"end":{"line":61,"column":3}},"type":"if","locations":[{"start":{"line":58,"column":2},"end":{"line":61,"column":3}},{"start":{},"end":{}}],"line":58},"3":{"loc":{"start":{"line":86,"column":2},"end":{"line":88,"column":3}},"type":"if","locations":[{"start":{"line":86,"column":2},"end":{"line":88,"column":3}},{"start":{},"end":{}}],"line":86},"4":{"loc":{"start":{"line":86,"column":6},"end":{"line":86,"column":46}},"type":"binary-expr","locations":[{"start":{"line":86,"column":6},"end":{"line":86,"column":19}},{"start":{"line":86,"column":23},"end":{"line":86,"column":34}},{"start":{"line":86,"column":38},"end":{"line":86,"column":46}}],"line":86},"5":{"loc":{"start":{"line":114,"column":2},"end":{"line":116,"column":3}},"type":"if","locations":[{"start":{"line":114,"column":2},"end":{"line":116,"column":3}},{"start":{},"end":{}}],"line":114},"6":{"loc":{"start":{"line":114,"column":6},"end":{"line":114,"column":26}},"type":"binary-expr","locations":[{"start":{"line":114,"column":6},"end":{"line":114,"column":11}},{"start":{"line":114,"column":15},"end":{"line":114,"column":26}}],"line":114},"7":{"loc":{"start":{"line":131,"column":2},"end":{"line":134,"column":3}},"type":"if","locations":[{"start":{"line":131,"column":2},"end":{"line":134,"column":3}},{"start":{},"end":{}}],"line":131},"8":{"loc":{"start":{"line":147,"column":2},"end":{"line":149,"column":3}},"type":"if","locations":[{"start":{"line":147,"column":2},"end":{"line":149,"column":3}},{"start":{},"end":{}}],"line":147},"9":{"loc":{"start":{"line":163,"column":2},"end":{"line":166,"column":3}},"type":"if","locations":[{"start":{"line":163,"column":2},"end":{"line":166,"column":3}},{"start":{},"end":{}}],"line":163},"10":{"loc":{"start":{"line":180,"column":2},"end":{"line":182,"column":3}},"type":"if","locations":[{"start":{"line":180,"column":2},"end":{"line":182,"column":3}},{"start":{},"end":{}}],"line":180},"11":{"loc":{"start":{"line":196,"column":2},"end":{"line":199,"column":3}},"type":"if","locations":[{"start":{"line":196,"column":2},"end":{"line":199,"column":3}},{"start":{},"end":{}}],"line":196},"12":{"loc":{"start":{"line":213,"column":2},"end":{"line":215,"column":3}},"type":"if","locations":[{"start":{"line":213,"column":2},"end":{"line":215,"column":3}},{"start":{},"end":{}}],"line":213},"13":{"loc":{"start":{"line":213,"column":6},"end":{"line":213,"column":40}},"type":"binary-expr","locations":[{"start":{"line":213,"column":6},"end":{"line":213,"column":9}},{"start":{"line":213,"column":13},"end":{"line":213,"column":40}}],"line":213},"14":{"loc":{"start":{"line":245,"column":23},"end":{"line":245,"column":50}},"type":"binary-expr","locations":[{"start":{"line":245,"column":23},"end":{"line":245,"column":35}},{"start":{"line":245,"column":39},"end":{"line":245,"column":50}}],"line":245},"15":{"loc":{"start":{"line":249,"column":4},"end":{"line":267,"column":5}},"type":"if","locations":[{"start":{"line":249,"column":4},"end":{"line":267,"column":5}},{"start":{},"end":{}}],"line":249},"16":{"loc":{"start":{"line":254,"column":6},"end":{"line":256,"column":7}},"type":"if","locations":[{"start":{"line":254,"column":6},"end":{"line":256,"column":7}},{"start":{},"end":{}}],"line":254},"17":{"loc":{"start":{"line":260,"column":6},"end":{"line":265,"column":7}},"type":"if","locations":[{"start":{"line":260,"column":6},"end":{"line":265,"column":7}},{"start":{},"end":{}}],"line":260},"18":{"loc":{"start":{"line":270,"column":4},"end":{"line":288,"column":5}},"type":"if","locations":[{"start":{"line":270,"column":4},"end":{"line":288,"column":5}},{"start":{},"end":{}}],"line":270},"19":{"loc":{"start":{"line":275,"column":6},"end":{"line":277,"column":7}},"type":"if","locations":[{"start":{"line":275,"column":6},"end":{"line":277,"column":7}},{"start":{},"end":{}}],"line":275},"20":{"loc":{"start":{"line":281,"column":6},"end":{"line":286,"column":7}},"type":"if","locations":[{"start":{"line":281,"column":6},"end":{"line":286,"column":7}},{"start":{},"end":{}}],"line":281},"21":{"loc":{"start":{"line":291,"column":4},"end":{"line":297,"column":5}},"type":"if","locations":[{"start":{"line":291,"column":4},"end":{"line":297,"column":5}},{"start":{},"end":{}}],"line":291},"22":{"loc":{"start":{"line":291,"column":8},"end":{"line":291,"column":60}},"type":"binary-expr","locations":[{"start":{"line":291,"column":8},"end":{"line":291,"column":41}},{"start":{"line":291,"column":45},"end":{"line":291,"column":60}}],"line":291},"23":{"loc":{"start":{"line":293,"column":6},"end":{"line":295,"column":7}},"type":"if","locations":[{"start":{"line":293,"column":6},"end":{"line":295,"column":7}},{"start":{},"end":{}}],"line":293},"24":{"loc":{"start":{"line":300,"column":4},"end":{"line":310,"column":5}},"type":"if","locations":[{"start":{"line":300,"column":4},"end":{"line":310,"column":5}},{"start":{},"end":{}}],"line":300},"25":{"loc":{"start":{"line":300,"column":8},"end":{"line":300,"column":53}},"type":"binary-expr","locations":[{"start":{"line":300,"column":8},"end":{"line":300,"column":22}},{"start":{"line":300,"column":26},"end":{"line":300,"column":53}}],"line":300},"26":{"loc":{"start":{"line":301,"column":6},"end":{"line":308,"column":7}},"type":"if","locations":[{"start":{"line":301,"column":6},"end":{"line":308,"column":7}},{"start":{},"end":{}}],"line":301},"27":{"loc":{"start":{"line":313,"column":4},"end":{"line":328,"column":5}},"type":"if","locations":[{"start":{"line":313,"column":4},"end":{"line":328,"column":5}},{"start":{},"end":{}}],"line":313},"28":{"loc":{"start":{"line":313,"column":8},"end":{"line":313,"column":52}},"type":"binary-expr","locations":[{"start":{"line":313,"column":8},"end":{"line":313,"column":22}},{"start":{"line":313,"column":26},"end":{"line":313,"column":52}}],"line":313},"29":{"loc":{"start":{"line":314,"column":6},"end":{"line":326,"column":7}},"type":"if","locations":[{"start":{"line":314,"column":6},"end":{"line":326,"column":7}},{"start":{"line":322,"column":13},"end":{"line":326,"column":7}}],"line":314},"30":{"loc":{"start":{"line":316,"column":8},"end":{"line":321,"column":9}},"type":"if","locations":[{"start":{"line":316,"column":8},"end":{"line":321,"column":9}},{"start":{},"end":{}}],"line":316},"31":{"loc":{"start":{"line":323,"column":8},"end":{"line":325,"column":9}},"type":"if","locations":[{"start":{"line":323,"column":8},"end":{"line":325,"column":9}},{"start":{},"end":{}}],"line":323},"32":{"loc":{"start":{"line":331,"column":4},"end":{"line":333,"column":5}},"type":"if","locations":[{"start":{"line":331,"column":4},"end":{"line":333,"column":5}},{"start":{},"end":{}}],"line":331},"33":{"loc":{"start":{"line":337,"column":4},"end":{"line":339,"column":5}},"type":"if","locations":[{"start":{"line":337,"column":4},"end":{"line":339,"column":5}},{"start":{},"end":{}}],"line":337},"34":{"loc":{"start":{"line":338,"column":14},"end":{"line":338,"column":72}},"type":"binary-expr","locations":[{"start":{"line":338,"column":14},"end":{"line":338,"column":25}},{"start":{"line":338,"column":29},"end":{"line":338,"column":72}}],"line":338},"35":{"loc":{"start":{"line":356,"column":4},"end":{"line":361,"column":5}},"type":"if","locations":[{"start":{"line":356,"column":4},"end":{"line":361,"column":5}},{"start":{},"end":{}}],"line":356},"36":{"loc":{"start":{"line":364,"column":4},"end":{"line":366,"column":5}},"type":"if","locations":[{"start":{"line":364,"column":4},"end":{"line":366,"column":5}},{"start":{},"end":{}}],"line":364},"37":{"loc":{"start":{"line":365,"column":14},"end":{"line":365,"column":58}},"type":"binary-expr","locations":[{"start":{"line":365,"column":14},"end":{"line":365,"column":25}},{"start":{"line":365,"column":29},"end":{"line":365,"column":58}}],"line":365},"38":{"loc":{"start":{"line":383,"column":4},"end":{"line":385,"column":5}},"type":"if","locations":[{"start":{"line":383,"column":4},"end":{"line":385,"column":5}},{"start":{},"end":{}}],"line":383},"39":{"loc":{"start":{"line":389,"column":4},"end":{"line":393,"column":5}},"type":"if","locations":[{"start":{"line":389,"column":4},"end":{"line":393,"column":5}},{"start":{},"end":{}}],"line":389},"40":{"loc":{"start":{"line":396,"column":4},"end":{"line":398,"column":5}},"type":"if","locations":[{"start":{"line":396,"column":4},"end":{"line":398,"column":5}},{"start":{},"end":{}}],"line":396},"41":{"loc":{"start":{"line":397,"column":14},"end":{"line":397,"column":56}},"type":"binary-expr","locations":[{"start":{"line":397,"column":14},"end":{"line":397,"column":25}},{"start":{"line":397,"column":29},"end":{"line":397,"column":56}}],"line":397},"42":{"loc":{"start":{"line":415,"column":4},"end":{"line":417,"column":5}},"type":"if","locations":[{"start":{"line":415,"column":4},"end":{"line":417,"column":5}},{"start":{},"end":{}}],"line":415},"43":{"loc":{"start":{"line":421,"column":4},"end":{"line":425,"column":5}},"type":"if","locations":[{"start":{"line":421,"column":4},"end":{"line":425,"column":5}},{"start":{},"end":{}}],"line":421},"44":{"loc":{"start":{"line":428,"column":4},"end":{"line":430,"column":5}},"type":"if","locations":[{"start":{"line":428,"column":4},"end":{"line":430,"column":5}},{"start":{},"end":{}}],"line":428},"45":{"loc":{"start":{"line":429,"column":14},"end":{"line":429,"column":63}},"type":"binary-expr","locations":[{"start":{"line":429,"column":14},"end":{"line":429,"column":25}},{"start":{"line":429,"column":29},"end":{"line":429,"column":63}}],"line":429},"46":{"loc":{"start":{"line":442,"column":2},"end":{"line":444,"column":3}},"type":"if","locations":[{"start":{"line":442,"column":2},"end":{"line":444,"column":3}},{"start":{},"end":{}}],"line":442},"47":{"loc":{"start":{"line":446,"column":2},"end":{"line":448,"column":3}},"type":"if","locations":[{"start":{"line":446,"column":2},"end":{"line":448,"column":3}},{"start":{},"end":{}}],"line":446},"48":{"loc":{"start":{"line":450,"column":2},"end":{"line":456,"column":3}},"type":"if","locations":[{"start":{"line":450,"column":2},"end":{"line":456,"column":3}},{"start":{},"end":{}}],"line":450},"49":{"loc":{"start":{"line":451,"column":4},"end":{"line":455,"column":5}},"type":"if","locations":[{"start":{"line":451,"column":4},"end":{"line":455,"column":5}},{"start":{"line":453,"column":11},"end":{"line":455,"column":5}}],"line":451},"50":{"loc":{"start":{"line":458,"column":2},"end":{"line":460,"column":3}},"type":"if","locations":[{"start":{"line":458,"column":2},"end":{"line":460,"column":3}},{"start":{},"end":{}}],"line":458},"51":{"loc":{"start":{"line":458,"column":6},"end":{"line":458,"column":51}},"type":"binary-expr","locations":[{"start":{"line":458,"column":6},"end":{"line":458,"column":20}},{"start":{"line":458,"column":24},"end":{"line":458,"column":51}}],"line":458},"52":{"loc":{"start":{"line":462,"column":2},"end":{"line":464,"column":3}},"type":"if","locations":[{"start":{"line":462,"column":2},"end":{"line":464,"column":3}},{"start":{},"end":{}}],"line":462},"53":{"loc":{"start":{"line":462,"column":6},"end":{"line":462,"column":50}},"type":"binary-expr","locations":[{"start":{"line":462,"column":6},"end":{"line":462,"column":20}},{"start":{"line":462,"column":24},"end":{"line":462,"column":50}}],"line":462},"54":{"loc":{"start":{"line":477,"column":2},"end":{"line":479,"column":3}},"type":"if","locations":[{"start":{"line":477,"column":2},"end":{"line":479,"column":3}},{"start":{},"end":{}}],"line":477},"55":{"loc":{"start":{"line":482,"column":2},"end":{"line":484,"column":3}},"type":"if","locations":[{"start":{"line":482,"column":2},"end":{"line":484,"column":3}},{"start":{},"end":{}}],"line":482},"56":{"loc":{"start":{"line":482,"column":6},"end":{"line":482,"column":82}},"type":"binary-expr","locations":[{"start":{"line":482,"column":6},"end":{"line":482,"column":39}},{"start":{"line":482,"column":43},"end":{"line":482,"column":58}},{"start":{"line":482,"column":62},"end":{"line":482,"column":82}}],"line":482}},"s":{"0":0,"1":0,"2":0,"3":0,"4":0,"5":0,"6":0,"7":0,"8":0,"9":0,"10":0,"11":0,"12":0,"13":0,"14":0,"15":0,"16":0,"17":0,"18":0,"19":0,"20":0,"21":0,"22":0,"23":0,"24":0,"25":0,"26":0,"27":0,"28":0,"29":0,"30":0,"31":0,"32":0,"33":0,"34":0,"35":0,"36":0,"37":0,"38":0,"39":0,"40":0,"41":0,"42":0,"43":0,"44":0,"45":0,"46":0,"47":0,"48":0,"49":0,"50":0,"51":0,"52":0,"53":0,"54":0,"55":0,"56":0,"57":0,"58":0,"59":0,"60":0,"61":0,"62":0,"63":0,"64":0,"65":0,"66":0,"67":0,"68":0,"69":0,"70":0,"71":0,"72":0,"73":0,"74":0,"75":0,"76":0,"77":0,"78":0,"79":0,"80":0,"81":0,"82":0,"83":0,"84":0,"85":0,"86":0,"87":0,"88":0,"89":0,"90":0,"91":0,"92":0,"93":0,"94":0,"95":0,"96":0,"97":0,"98":0,"99":0,"100":0,"101":0,"102":0,"103":0,"104":0,"105":0,"106":0,"107":0,"108":0,"109":0,"110":0,"111":0,"112":0,"113":0,"114":0,"115":0,"116":0,"117":0,"118":0,"119":0,"120":0,"121":0,"122":0,"123":0,"124":0,"125":0,"126":0,"127":0,"128":0,"129":0,"130":0,"131":0},"f":{"0":0,"1":0,"2":0,"3":0,"4":0,"5":0,"6":0,"7":0,"8":0,"9":0,"10":0,"11":0},"b":{"0":[0,0],"1":[0,0],"2":[0,0],"3":[0,0],"4":[0,0,0],"5":[0,0],"6":[0,0],"7":[0,0],"8":[0,0],"9":[0,0],"10":[0,0],"11":[0,0],"12":[0,0],"13":[0,0],"14":[0,0],"15":[0,0],"16":[0,0],"17":[0,0],"18":[0,0],"19":[0,0],"20":[0,0],"21":[0,0],"22":[0,0],"23":[0,0],"24":[0,0],"25":[0,0],"26":[0,0],"27":[0,0],"28":[0,0],"29":[0,0],"30":[0,0],"31":[0,0],"32":[0,0],"33":[0,0],"34":[0,0],"35":[0,0],"36":[0,0],"37":[0,0],"38":[0,0],"39":[0,0],"40":[0,0],"41":[0,0],"42":[0,0],"43":[0,0],"44":[0,0],"45":[0,0],"46":[0,0],"47":[0,0],"48":[0,0],"49":[0,0],"50":[0,0],"51":[0,0],"52":[0,0],"53":[0,0],"54":[0,0],"55":[0,0],"56":[0,0,0]}}
}
