TN:
SF:src\components\proposals\CalendarWidget.jsx
FN:10,CalendarWidget
FN:15,getDaysInMonth
FN:38,handlePrevMonth
FN:42,handleNextMonth
FN:46,handleDateClick
FN:52,isPastDate
FN:59,isSelectedDate
FN:68,isToday
FN:78,getDayStatus
FN:117,(anonymous_9)
FN:123,(anonymous_10)
FN:130,(anonymous_11)
FN:140,(anonymous_12)
FN:147,(anonymous_13)
FN:159,(anonymous_14)
FNF:15
FNH:0
FNDA:0,CalendarWidget
FNDA:0,getDaysInMonth
FNDA:0,handlePrevMonth
FNDA:0,handleNextMonth
FNDA:0,handleDateClick
FNDA:0,isPastDate
FNDA:0,isSelectedDate
FNDA:0,isToday
FNDA:0,getDayStatus
FNDA:0,(anonymous_9)
FNDA:0,(anonymous_10)
FNDA:0,(anonymous_11)
FNDA:0,(anonymous_12)
FNDA:0,(anonymous_13)
FNDA:0,(anonymous_14)
DA:11,0
DA:12,0
DA:16,0
DA:17,0
DA:18,0
DA:19,0
DA:20,0
DA:21,0
DA:23,0
DA:26,0
DA:27,0
DA:31,0
DA:32,0
DA:35,0
DA:39,0
DA:43,0
DA:47,0
DA:48,0
DA:53,0
DA:54,0
DA:55,0
DA:56,0
DA:60,0
DA:61,0
DA:69,0
DA:70,0
DA:71,0
DA:85,0
DA:88,0
DA:89,0
DA:90,0
DA:92,0
DA:117,0
DA:123,0
DA:130,0
DA:141,0
DA:148,0
DA:149,0
DA:150,0
DA:151,0
DA:153,0
DA:159,0
LF:42
LH:0
BRDA:47,0,0,0
BRDA:47,0,1,0
BRDA:47,1,0,0
BRDA:47,1,1,0
BRDA:53,2,0,0
BRDA:53,2,1,0
BRDA:60,3,0,0
BRDA:60,3,1,0
BRDA:60,4,0,0
BRDA:60,4,1,0
BRDA:62,5,0,0
BRDA:62,5,1,0
BRDA:62,5,2,0
BRDA:69,6,0,0
BRDA:69,6,1,0
BRDA:72,7,0,0
BRDA:72,7,1,0
BRDA:72,7,2,0
BRDA:116,8,0,0
BRDA:116,8,1,0
BRDA:122,9,0,0
BRDA:122,9,1,0
BRDA:129,10,0,0
BRDA:129,10,1,0
BRDA:156,11,0,0
BRDA:156,11,1,0
BRDA:156,12,0,0
BRDA:156,12,1,0
BRDA:157,13,0,0
BRDA:157,13,1,0
BRDA:158,14,0,0
BRDA:158,14,1,0
BRDA:158,15,0,0
BRDA:158,15,1,0
BRDA:161,16,0,0
BRDA:161,16,1,0
BRF:36
BRH:0
end_of_record
TN:
SF:src\components\proposals\CompareTermsModal.jsx
FN:12,CompareTermsModal
FN:14,(anonymous_1)
FN:15,handleKeyDown
FN:26,(anonymous_3)
FN:37,hasChanged
FN:45,formatDaysSelected
FN:56,(anonymous_6)
FN:165,(anonymous_7)
FN:171,(anonymous_8)
FN:197,(anonymous_9)
FN:212,(anonymous_10)
FN:233,(anonymous_11)
FN:234,(anonymous_12)
FN:254,(anonymous_13)
FN:267,(anonymous_14)
FNF:15
FNH:0
FNDA:0,CompareTermsModal
FNDA:0,(anonymous_1)
FNDA:0,handleKeyDown
FNDA:0,(anonymous_3)
FNDA:0,hasChanged
FNDA:0,formatDaysSelected
FNDA:0,(anonymous_6)
FNDA:0,(anonymous_7)
FNDA:0,(anonymous_8)
FNDA:0,(anonymous_9)
FNDA:0,(anonymous_10)
FNDA:0,(anonymous_11)
FNDA:0,(anonymous_12)
FNDA:0,(anonymous_13)
FNDA:0,(anonymous_14)
DA:14,0
DA:16,0
DA:17,0
DA:22,0
DA:23,0
DA:26,0
DA:27,0
DA:32,0
DA:33,0
DA:39,0
DA:40,0
DA:41,0
DA:46,0
DA:47,0
DA:56,0
DA:60,0
DA:74,0
DA:89,0
DA:144,0
DA:145,0
DA:155,0
DA:156,0
DA:165,0
DA:167,0
DA:171,0
DA:198,0
DA:213,0
DA:233,0
DA:235,0
DA:255,0
DA:256,0
DA:258,0
DA:260,0
DA:268,0
DA:269,0
DA:271,0
DA:273,0
LF:37
LH:0
BRDA:16,0,0,0
BRDA:16,0,1,0
BRDA:22,1,0,0
BRDA:22,1,1,0
BRDA:32,2,0,0
BRDA:32,2,1,0
BRDA:32,3,0,0
BRDA:32,3,1,0
BRDA:32,3,2,0
BRDA:39,4,0,0
BRDA:39,4,1,0
BRDA:39,5,0,0
BRDA:39,5,1,0
BRDA:40,6,0,0
BRDA:40,6,1,0
BRDA:40,7,0,0
BRDA:40,7,1,0
BRDA:46,8,0,0
BRDA:46,8,1,0
BRDA:46,9,0,0
BRDA:46,9,1,0
BRDA:56,10,0,0
BRDA:56,10,1,0
BRDA:106,11,0,0
BRDA:106,11,1,0
BRDA:107,12,0,0
BRDA:107,12,1,0
BRDA:112,13,0,0
BRDA:112,13,1,0
BRDA:113,14,0,0
BRDA:113,14,1,0
BRDA:118,15,0,0
BRDA:118,15,1,0
BRDA:119,16,0,0
BRDA:119,16,1,0
BRDA:119,16,2,0
BRDA:124,17,0,0
BRDA:124,17,1,0
BRDA:125,18,0,0
BRDA:125,18,1,0
BRDA:125,18,2,0
BRDA:131,19,0,0
BRDA:131,19,1,0
BRDA:137,20,0,0
BRDA:137,20,1,0
BRDA:144,21,0,0
BRDA:144,21,1,0
BRDA:144,22,0,0
BRDA:144,22,1,0
BRDA:147,23,0,0
BRDA:147,23,1,0
BRDA:148,24,0,0
BRDA:148,24,1,0
BRDA:148,24,2,0
BRDA:155,25,0,0
BRDA:155,25,1,0
BRDA:158,26,0,0
BRDA:158,26,1,0
BRDA:159,27,0,0
BRDA:159,27,1,0
BRDA:178,28,0,0
BRDA:178,28,1,0
BRDA:200,29,0,0
BRDA:200,29,1,0
BRDA:201,30,0,0
BRDA:201,30,1,0
BRDA:215,31,0,0
BRDA:215,31,1,0
BRDA:215,32,0,0
BRDA:215,32,1,0
BRDA:216,33,0,0
BRDA:216,33,1,0
BRDA:217,34,0,0
BRDA:217,34,1,0
BRDA:228,35,0,0
BRDA:228,35,1,0
BRDA:255,36,0,0
BRDA:255,36,1,0
BRDA:268,37,0,0
BRDA:268,37,1,0
BRF:80
BRH:0
end_of_record
TN:
SF:src\components\proposals\ConfirmModificationModal.jsx
FN:10,ConfirmModificationModal
FN:11,(anonymous_1)
FN:12,handleKeyDown
FN:23,(anonymous_3)
FN:30,(anonymous_4)
FN:73,(anonymous_5)
FN:76,(anonymous_6)
FN:121,(anonymous_7)
FN:131,(anonymous_8)
FNF:9
FNH:0
FNDA:0,ConfirmModificationModal
FNDA:0,(anonymous_1)
FNDA:0,handleKeyDown
FNDA:0,(anonymous_3)
FNDA:0,(anonymous_4)
FNDA:0,(anonymous_5)
FNDA:0,(anonymous_6)
FNDA:0,(anonymous_7)
FNDA:0,(anonymous_8)
DA:11,0
DA:13,0
DA:14,0
DA:19,0
DA:20,0
DA:23,0
DA:24,0
DA:28,0
DA:30,0
DA:31,0
DA:33,0
DA:40,0
DA:47,0
DA:54,0
DA:61,0
DA:70,0
DA:72,0
DA:73,0
DA:76,0
DA:123,0
DA:124,0
DA:132,0
DA:133,0
LF:23
LH:0
BRDA:13,0,0,0
BRDA:13,0,1,0
BRDA:19,1,0,0
BRDA:19,1,1,0
BRDA:28,2,0,0
BRDA:28,2,1,0
BRDA:31,3,0,0
BRDA:31,3,1,0
BRDA:31,3,2,0
BRDA:31,3,3,0
BRDA:31,3,4,0
BRF:11
BRH:0
end_of_record
TN:
SF:src\components\proposals\CounterOfferBanner.jsx
FN:10,CounterOfferBanner
FN:145,(anonymous_1)
FNF:2
FNH:0
FNDA:0,CounterOfferBanner
FNDA:0,(anonymous_1)
DA:12,0
DA:13,0
DA:17,0
DA:20,0
DA:22,0
DA:30,0
DA:32,0
DA:41,0
DA:43,0
DA:52,0
DA:54,0
DA:63,0
DA:64,0
DA:65,0
DA:66,0
DA:75,0
DA:77,0
DA:85,0
DA:87,0
DA:96,0
DA:98,0
DA:106,0
DA:108,0
DA:117,0
DA:118,0
DA:119,0
DA:120,0
DA:128,0
DA:131,0
DA:132,0
DA:135,0
DA:146,0
LF:32
LH:0
BRDA:12,0,0,0
BRDA:12,0,1,0
BRDA:12,1,0,0
BRDA:12,1,1,0
BRDA:20,2,0,0
BRDA:20,2,1,0
BRDA:20,3,0,0
BRDA:20,3,1,0
BRDA:30,4,0,0
BRDA:30,4,1,0
BRDA:30,5,0,0
BRDA:30,5,1,0
BRDA:41,6,0,0
BRDA:41,6,1,0
BRDA:41,7,0,0
BRDA:41,7,1,0
BRDA:52,8,0,0
BRDA:52,8,1,0
BRDA:52,9,0,0
BRDA:52,9,1,0
BRDA:63,10,0,0
BRDA:63,10,1,0
BRDA:64,11,0,0
BRDA:64,11,1,0
BRDA:65,12,0,0
BRDA:65,12,1,0
BRDA:65,13,0,0
BRDA:65,13,1,0
BRDA:69,14,0,0
BRDA:69,14,1,0
BRDA:70,15,0,0
BRDA:70,15,1,0
BRDA:75,16,0,0
BRDA:75,16,1,0
BRDA:75,17,0,0
BRDA:75,17,1,0
BRDA:85,18,0,0
BRDA:85,18,1,0
BRDA:85,19,0,0
BRDA:85,19,1,0
BRDA:96,20,0,0
BRDA:96,20,1,0
BRDA:96,21,0,0
BRDA:96,21,1,0
BRDA:106,22,0,0
BRDA:106,22,1,0
BRDA:106,23,0,0
BRDA:106,23,1,0
BRDA:117,24,0,0
BRDA:117,24,1,0
BRDA:118,25,0,0
BRDA:118,25,1,0
BRDA:119,26,0,0
BRDA:119,26,1,0
BRDA:119,27,0,0
BRDA:119,27,1,0
BRDA:123,28,0,0
BRDA:123,28,1,0
BRDA:124,29,0,0
BRDA:124,29,1,0
BRDA:131,30,0,0
BRDA:131,30,1,0
BRDA:141,31,0,0
BRDA:141,31,1,0
BRDA:143,32,0,0
BRDA:143,32,1,0
BRDA:143,32,2,0
BRF:67
BRH:0
end_of_record
TN:
SF:src\components\proposals\DashboardConfigPanel.jsx
FN:10,DashboardConfigPanel
FN:13,handleConfigUpdate
FN:49,(anonymous_2)
FN:59,(anonymous_3)
FN:69,(anonymous_4)
FN:85,(anonymous_5)
FN:94,(anonymous_6)
FN:107,(anonymous_7)
FN:126,(anonymous_8)
FN:135,(anonymous_9)
FN:147,(anonymous_10)
FNF:11
FNH:0
FNDA:0,DashboardConfigPanel
FNDA:0,handleConfigUpdate
FNDA:0,(anonymous_2)
FNDA:0,(anonymous_3)
FNDA:0,(anonymous_4)
FNDA:0,(anonymous_5)
FNDA:0,(anonymous_6)
FNDA:0,(anonymous_7)
FNDA:0,(anonymous_8)
FNDA:0,(anonymous_9)
FNDA:0,(anonymous_10)
DA:11,0
DA:14,0
DA:15,0
DA:16,0
DA:19,0
DA:21,0
DA:49,0
DA:59,0
DA:69,0
DA:85,0
DA:94,0
DA:107,0
DA:126,0
DA:135,0
DA:148,0
DA:156,0
DA:157,0
LF:17
LH:0
BRDA:19,0,0,0
BRDA:19,0,1,0
BRF:2
BRH:0
end_of_record
TN:
SF:src\components\proposals\EmptyState.jsx
FN:6,EmptyState
FNF:1
FNH:0
FNDA:0,EmptyState
DA:7,0
LF:1
LH:0
BRDA:12,0,0,0
BRDA:12,0,1,0
BRF:2
BRH:0
end_of_record
TN:
SF:src\components\proposals\ErrorState.jsx
FN:6,ErrorState
FNF:1
FNH:0
FNDA:0,ErrorState
DA:7,0
LF:1
LH:0
BRDA:12,0,0,0
BRDA:12,0,1,0
BRDA:14,1,0,0
BRDA:14,1,1,0
BRF:4
BRH:0
end_of_record
TN:
SF:src\components\proposals\FloatingProposalSummary.jsx
FN:10,FloatingProposalSummary
FN:67,getStatusInfo
FNF:2
FNH:0
FNDA:0,FloatingProposalSummary
FNDA:0,getStatusInfo
DA:11,0
DA:13,0
DA:15,0
DA:68,0
DA:81,0
LF:5
LH:0
BRDA:11,0,0,0
BRDA:11,0,1,0
BRDA:30,1,0,0
BRDA:30,1,1,0
BRDA:43,2,0,0
BRDA:43,2,1,0
BRDA:49,3,0,0
BRDA:49,3,1,0
BRDA:49,3,2,0
BRDA:81,4,0,0
BRDA:81,4,1,0
BRF:11
BRH:0
end_of_record
TN:
SF:src\components\proposals\HostProfileModal.jsx
FN:10,HostProfileModal
FN:12,(anonymous_1)
FN:13,handleKeyDown
FN:24,(anonymous_3)
FN:47,(anonymous_4)
FNF:5
FNH:0
FNDA:0,HostProfileModal
FNDA:0,(anonymous_1)
FNDA:0,handleKeyDown
FNDA:0,(anonymous_3)
FNDA:0,(anonymous_4)
DA:12,0
DA:14,0
DA:15,0
DA:20,0
DA:21,0
DA:24,0
DA:25,0
DA:29,0
DA:32,0
DA:41,0
DA:43,0
DA:47,0
LF:12
LH:0
BRDA:14,0,0,0
BRDA:14,0,1,0
BRDA:20,1,0,0
BRDA:20,1,1,0
BRDA:29,2,0,0
BRDA:29,2,1,0
BRDA:29,3,0,0
BRDA:29,3,1,0
BRDA:33,4,0,0
BRDA:33,4,1,0
BRDA:34,5,0,0
BRDA:34,5,1,0
BRDA:35,6,0,0
BRDA:35,6,1,0
BRDA:36,7,0,0
BRDA:36,7,1,0
BRDA:37,8,0,0
BRDA:37,8,1,0
BRDA:38,9,0,0
BRDA:38,9,1,0
BRDA:41,10,0,0
BRDA:41,10,1,0
BRDA:41,10,2,0
BRDA:66,11,0,0
BRDA:66,11,1,0
BRDA:69,12,0,0
BRDA:69,12,1,0
BRDA:75,13,0,0
BRDA:75,13,1,0
BRDA:75,13,2,0
BRDA:75,14,0,0
BRDA:75,14,1,0
BRDA:75,15,0,0
BRDA:75,15,1,0
BRDA:77,16,0,0
BRDA:77,16,1,0
BRDA:127,17,0,0
BRDA:127,17,1,0
BRDA:129,18,0,0
BRDA:129,18,1,0
BRDA:135,19,0,0
BRDA:135,19,1,0
BRDA:135,19,2,0
BRDA:139,20,0,0
BRDA:139,20,1,0
BRDA:147,21,0,0
BRDA:147,21,1,0
BRF:47
BRH:0
end_of_record
TN:
SF:src\components\proposals\LoadingState.jsx
FN:6,LoadingState
FNF:1
FNH:0
FNDA:0,LoadingState
DA:7,0
LF:1
LH:0
BRF:0
BRH:0
end_of_record
TN:
SF:src\components\proposals\MapsModal.jsx
FN:10,MapsModal
FN:16,(anonymous_1)
FN:21,(anonymous_2)
FN:22,(anonymous_3)
FN:28,(anonymous_4)
FN:36,loadGoogleMapsScript
FN:37,(anonymous_6)
FN:64,initializeMap
FN:105,(anonymous_8)
FN:125,(anonymous_9)
FN:126,handleKeyDown
FN:137,(anonymous_11)
FN:148,(anonymous_12)
FN:174,(anonymous_13)
FNF:14
FNH:0
FNDA:0,MapsModal
FNDA:0,(anonymous_1)
FNDA:0,(anonymous_2)
FNDA:0,(anonymous_3)
FNDA:0,(anonymous_4)
FNDA:0,loadGoogleMapsScript
FNDA:0,(anonymous_6)
FNDA:0,initializeMap
FNDA:0,(anonymous_8)
FNDA:0,(anonymous_9)
FNDA:0,handleKeyDown
FNDA:0,(anonymous_11)
FNDA:0,(anonymous_12)
FNDA:0,(anonymous_13)
DA:11,0
DA:12,0
DA:13,0
DA:14,0
DA:16,0
DA:17,0
DA:20,0
DA:21,0
DA:23,0
DA:24,0
DA:25,0
DA:28,0
DA:30,0
DA:37,0
DA:39,0
DA:40,0
DA:41,0
DA:45,0
DA:46,0
DA:47,0
DA:48,0
DA:49,0
DA:53,0
DA:55,0
DA:56,0
DA:57,0
DA:58,0
DA:59,0
DA:60,0
DA:65,0
DA:67,0
DA:70,0
DA:76,0
DA:86,0
DA:94,0
DA:105,0
DA:106,0
DA:110,0
DA:115,0
DA:116,0
DA:118,0
DA:119,0
DA:120,0
DA:125,0
DA:127,0
DA:128,0
DA:133,0
DA:134,0
DA:137,0
DA:138,0
DA:142,0
DA:144,0
DA:148,0
DA:174,0
LF:54
LH:0
BRDA:17,0,0,0
BRDA:17,0,1,0
BRDA:17,1,0,0
BRDA:17,1,1,0
BRDA:30,2,0,0
BRDA:30,2,1,0
BRDA:39,3,0,0
BRDA:39,3,1,0
BRDA:39,4,0,0
BRDA:39,4,1,0
BRDA:46,5,0,0
BRDA:46,5,1,0
BRDA:55,6,0,0
BRDA:55,6,1,0
BRDA:65,7,0,0
BRDA:65,7,1,0
BRDA:65,8,0,0
BRDA:65,8,1,0
BRDA:70,9,0,0
BRDA:70,9,1,0
BRDA:99,10,0,0
BRDA:99,10,1,0
BRDA:99,11,0,0
BRDA:99,11,1,0
BRDA:127,12,0,0
BRDA:127,12,1,0
BRDA:133,13,0,0
BRDA:133,13,1,0
BRDA:142,14,0,0
BRDA:142,14,1,0
BRDA:164,15,0,0
BRDA:164,15,1,0
BRDA:171,16,0,0
BRDA:171,16,1,0
BRDA:184,17,0,0
BRDA:184,17,1,0
BRDA:184,18,0,0
BRDA:184,18,1,0
BRDA:193,19,0,0
BRDA:193,19,1,0
BRDA:196,20,0,0
BRDA:196,20,1,0
BRF:42
BRH:0
end_of_record
TN:
SF:src\components\proposals\ProposalCard.jsx
FN:27,WeeklySchedule
FN:33,(anonymous_1)
FN:46,ProgressTracker
FN:52,(anonymous_3)
FN:66,ProposalCard
FN:98,(anonymous_5)
FN:131,(anonymous_6)
FN:149,(anonymous_7)
FN:155,(anonymous_8)
FN:179,(anonymous_9)
FN:188,(anonymous_10)
FN:236,(anonymous_11)
FN:240,(anonymous_12)
FN:244,(anonymous_13)
FN:245,(anonymous_14)
FN:258,(anonymous_15)
FN:267,(anonymous_16)
FN:276,(anonymous_17)
FN:285,(anonymous_18)
FN:295,(anonymous_19)
FN:298,(anonymous_20)
FN:302,(anonymous_21)
FN:331,(anonymous_22)
FN:337,(anonymous_23)
FN:354,(anonymous_24)
FN:359,(anonymous_25)
FN:364,(anonymous_26)
FN:366,(anonymous_27)
FN:369,(anonymous_28)
FN:370,(anonymous_29)
FN:375,(anonymous_30)
FN:377,(anonymous_31)
FN:381,(anonymous_32)
FN:386,(anonymous_33)
FN:396,(anonymous_34)
FN:398,(anonymous_35)
FN:400,(anonymous_36)
FN:404,(anonymous_37)
FN:409,(anonymous_38)
FN:413,(anonymous_39)
FN:415,(anonymous_40)
FN:418,(anonymous_41)
FN:423,(anonymous_42)
FNF:43
FNH:0
FNDA:0,WeeklySchedule
FNDA:0,(anonymous_1)
FNDA:0,ProgressTracker
FNDA:0,(anonymous_3)
FNDA:0,ProposalCard
FNDA:0,(anonymous_5)
FNDA:0,(anonymous_6)
FNDA:0,(anonymous_7)
FNDA:0,(anonymous_8)
FNDA:0,(anonymous_9)
FNDA:0,(anonymous_10)
FNDA:0,(anonymous_11)
FNDA:0,(anonymous_12)
FNDA:0,(anonymous_13)
FNDA:0,(anonymous_14)
FNDA:0,(anonymous_15)
FNDA:0,(anonymous_16)
FNDA:0,(anonymous_17)
FNDA:0,(anonymous_18)
FNDA:0,(anonymous_19)
FNDA:0,(anonymous_20)
FNDA:0,(anonymous_21)
FNDA:0,(anonymous_22)
FNDA:0,(anonymous_23)
FNDA:0,(anonymous_24)
FNDA:0,(anonymous_25)
FNDA:0,(anonymous_26)
FNDA:0,(anonymous_27)
FNDA:0,(anonymous_28)
FNDA:0,(anonymous_29)
FNDA:0,(anonymous_30)
FNDA:0,(anonymous_31)
FNDA:0,(anonymous_32)
FNDA:0,(anonymous_33)
FNDA:0,(anonymous_34)
FNDA:0,(anonymous_35)
FNDA:0,(anonymous_36)
FNDA:0,(anonymous_37)
FNDA:0,(anonymous_38)
FNDA:0,(anonymous_39)
FNDA:0,(anonymous_40)
FNDA:0,(anonymous_41)
FNDA:0,(anonymous_42)
DA:28,0
DA:29,0
DA:31,0
DA:34,0
DA:35,0
DA:48,0
DA:50,0
DA:53,0
DA:67,0
DA:68,0
DA:69,0
DA:70,0
DA:71,0
DA:72,0
DA:73,0
DA:75,0
DA:76,0
DA:83,0
DA:86,0
DA:89,0
DA:92,0
DA:97,0
DA:98,0
DA:99,0
DA:100,0
DA:104,0
DA:131,0
DA:149,0
DA:155,0
DA:179,0
DA:189,0
DA:237,0
DA:241,0
DA:242,0
DA:244,0
DA:245,0
DA:258,0
DA:267,0
DA:276,0
DA:285,0
DA:296,0
DA:299,0
DA:300,0
DA:302,0
DA:331,0
DA:337,0
DA:354,0
DA:359,0
DA:364,0
DA:368,0
DA:369,0
DA:371,0
DA:372,0
DA:373,0
DA:375,0
DA:379,0
DA:382,0
DA:383,0
DA:384,0
DA:386,0
DA:396,0
DA:399,0
DA:401,0
DA:405,0
DA:406,0
DA:407,0
DA:409,0
DA:414,0
DA:416,0
DA:419,0
DA:420,0
DA:421,0
DA:423,0
LF:73
LH:0
BRDA:34,0,0,0
BRDA:34,0,1,0
BRDA:36,1,0,0
BRDA:36,1,1,0
BRDA:54,2,0,0
BRDA:54,2,1,0
BRDA:54,3,0,0
BRDA:54,3,1,0
BRDA:54,4,0,0
BRDA:54,4,1,0
BRDA:55,5,0,0
BRDA:55,5,1,0
BRDA:75,6,0,0
BRDA:75,6,1,0
BRDA:92,7,0,0
BRDA:92,7,1,0
BRDA:97,8,0,0
BRDA:97,8,1,0
BRDA:97,9,0,0
BRDA:97,9,1,0
BRDA:107,10,0,0
BRDA:107,10,1,0
BRDA:112,11,0,0
BRDA:112,11,1,0
BRDA:119,12,0,0
BRDA:119,12,1,0
BRDA:122,13,0,0
BRDA:122,13,1,0
BRDA:142,14,0,0
BRDA:142,14,1,0
BRDA:142,15,0,0
BRDA:142,15,1,0
BRDA:144,16,0,0
BRDA:144,16,1,0
BRDA:144,16,2,0
BRDA:169,17,0,0
BRDA:169,17,1,0
BRDA:175,18,0,0
BRDA:175,18,1,0
BRDA:175,18,2,0
BRDA:183,19,0,0
BRDA:183,19,1,0
BRDA:185,20,0,0
BRDA:185,20,1,0
BRDA:189,21,0,0
BRDA:189,21,1,0
BRDA:190,22,0,0
BRDA:190,22,1,0
BRDA:195,23,0,0
BRDA:195,23,1,0
BRDA:209,24,0,0
BRDA:209,24,1,0
BRDA:213,25,0,0
BRDA:213,25,1,0
BRDA:216,26,0,0
BRDA:216,26,1,0
BRDA:216,26,2,0
BRDA:221,27,0,0
BRDA:221,27,1,0
BRDA:233,28,0,0
BRDA:233,28,1,0
BRDA:235,29,0,0
BRDA:235,29,1,0
BRDA:242,30,0,0
BRDA:242,30,1,0
BRDA:255,31,0,0
BRDA:255,31,1,0
BRDA:264,32,0,0
BRDA:264,32,1,0
BRDA:273,33,0,0
BRDA:273,33,1,0
BRDA:282,34,0,0
BRDA:282,34,1,0
BRDA:292,35,0,0
BRDA:292,35,1,0
BRDA:300,36,0,0
BRDA:300,36,1,0
BRDA:319,37,0,0
BRDA:319,37,1,0
BRDA:325,38,0,0
BRDA:325,38,1,0
BRDA:328,39,0,0
BRDA:328,39,1,0
BRDA:373,40,0,0
BRDA:373,40,1,0
BRDA:375,41,0,0
BRDA:375,41,1,0
BRDA:384,42,0,0
BRDA:384,42,1,0
BRDA:407,43,0,0
BRDA:407,43,1,0
BRDA:421,44,0,0
BRDA:421,44,1,0
BRF:93
BRH:0
end_of_record
TN:
SF:src\components\proposals\ProposalSelector.jsx
FN:11,ProposalSelector
FN:25,(anonymous_1)
FN:27,(anonymous_2)
FNF:3
FNH:0
FNDA:0,ProposalSelector
FNDA:0,(anonymous_1)
FNDA:0,(anonymous_2)
DA:16,0
DA:25,0
DA:28,0
LF:3
LH:0
BRDA:24,0,0,0
BRDA:24,0,1,0
BRF:2
BRH:0
end_of_record
TN:
SF:src\components\proposals\RespondVirtualMeetingModal.jsx
FN:11,RespondVirtualMeetingModal
FN:19,(anonymous_1)
FN:35,formatMeetingDateTime
FN:54,handleAccept
FN:58,handleSuggestTime
FN:63,handleDecline
FN:67,handleDateSelect
FN:71,handleSubmit
FN:87,(anonymous_8)
FN:110,(anonymous_9)
FN:219,(anonymous_10)
FN:238,(anonymous_11)
FN:259,(anonymous_12)
FN:272,(anonymous_13)
FNF:14
FNH:0
FNDA:0,RespondVirtualMeetingModal
FNDA:0,(anonymous_1)
FNDA:0,formatMeetingDateTime
FNDA:0,handleAccept
FNDA:0,handleSuggestTime
FNDA:0,handleDecline
FNDA:0,handleDateSelect
FNDA:0,handleSubmit
FNDA:0,(anonymous_8)
FNDA:0,(anonymous_9)
FNDA:0,(anonymous_10)
FNDA:0,(anonymous_11)
FNDA:0,(anonymous_12)
FNDA:0,(anonymous_13)
DA:12,0
DA:13,0
DA:14,0
DA:15,0
DA:16,0
DA:17,0
DA:19,0
DA:20,0
DA:22,0
DA:23,0
DA:24,0
DA:25,0
DA:26,0
DA:27,0
DA:31,0
DA:33,0
DA:36,0
DA:37,0
DA:38,0
DA:39,0
DA:50,0
DA:55,0
DA:59,0
DA:60,0
DA:64,0
DA:68,0
DA:72,0
DA:74,0
DA:76,0
DA:78,0
DA:87,0
DA:90,0
DA:92,0
DA:94,0
DA:95,0
DA:97,0
DA:102,0
DA:106,0
DA:110,0
DA:219,0
DA:238,0
DA:259,0
DA:272,0
LF:43
LH:0
BRDA:20,0,0,0
BRDA:20,0,1,0
BRDA:31,1,0,0
BRDA:31,1,1,0
BRDA:31,2,0,0
BRDA:31,2,1,0
BRDA:36,3,0,0
BRDA:36,3,1,0
BRDA:72,4,0,0
BRDA:72,4,1,0
BRDA:90,5,0,0
BRDA:90,5,1,0
BRDA:90,6,0,0
BRDA:90,6,1,0
BRDA:102,7,0,0
BRDA:102,7,1,0
BRDA:102,7,2,0
BRDA:102,7,3,0
BRDA:102,7,4,0
BRDA:102,7,5,0
BRDA:129,8,0,0
BRDA:129,8,1,0
BRDA:132,9,0,0
BRDA:132,9,1,0
BRDA:138,10,0,0
BRDA:138,10,1,0
BRDA:138,10,2,0
BRDA:141,11,0,0
BRDA:141,11,1,0
BRDA:150,12,0,0
BRDA:150,12,1,0
BRDA:154,13,0,0
BRDA:154,13,1,0
BRDA:161,14,0,0
BRDA:161,14,1,0
BRDA:171,15,0,0
BRDA:171,15,1,0
BRDA:198,16,0,0
BRDA:198,16,1,0
BRDA:202,17,0,0
BRDA:202,17,1,0
BRDA:209,18,0,0
BRDA:209,18,1,0
BRDA:216,19,0,0
BRDA:216,19,1,0
BRDA:231,20,0,0
BRDA:231,20,1,0
BRDA:249,21,0,0
BRDA:249,21,1,0
BRDA:268,22,0,0
BRDA:268,22,1,0
BRDA:280,23,0,0
BRDA:280,23,1,0
BRDA:282,24,0,0
BRDA:282,24,1,0
BRF:55
BRH:0
end_of_record
TN:
SF:src\components\proposals\SuggestedProposalsSection.jsx
FN:10,SuggestedProposalsSection
FN:25,(anonymous_1)
FN:33,SuggestionCard
FN:67,(anonymous_3)
FN:96,(anonymous_4)
FN:104,(anonymous_5)
FNF:6
FNH:0
FNDA:0,SuggestedProposalsSection
FNDA:0,(anonymous_1)
FNDA:0,SuggestionCard
FNDA:0,(anonymous_3)
FNDA:0,(anonymous_4)
FNDA:0,(anonymous_5)
DA:11,0
DA:12,0
DA:15,0
DA:26,0
DA:34,0
DA:36,0
DA:68,0
DA:97,0
DA:105,0
LF:9
LH:0
BRDA:11,0,0,0
BRDA:11,0,1,0
BRDA:11,1,0,0
BRDA:11,1,1,0
BRDA:42,2,0,0
BRDA:42,2,1,0
BRDA:59,3,0,0
BRDA:59,3,1,0
BRDA:59,4,0,0
BRDA:59,4,1,0
BRDA:61,5,0,0
BRDA:61,5,1,0
BRDA:65,6,0,0
BRDA:65,6,1,0
BRDA:65,6,2,0
BRDA:77,7,0,0
BRDA:77,7,1,0
BRDA:85,8,0,0
BRDA:85,8,1,0
BRF:19
BRH:0
end_of_record
TN:
SF:src\components\proposals\VirtualMeetingsSection.jsx
FN:11,VirtualMeetingsSection
FN:23,handleRespondClick
FN:28,handleModalClose
FN:33,getStatusBadgeClass
FN:43,getStatusLabel
FN:53,formatMeetingDateTime
FN:84,(anonymous_6)
FN:146,(anonymous_7)
FNF:8
FNH:0
FNDA:0,VirtualMeetingsSection
FNDA:0,handleRespondClick
FNDA:0,handleModalClose
FNDA:0,getStatusBadgeClass
FNDA:0,getStatusLabel
FNDA:0,formatMeetingDateTime
FNDA:0,(anonymous_6)
FNDA:0,(anonymous_7)
DA:12,0
DA:13,0
DA:16,0
DA:19,0
DA:20,0
DA:24,0
DA:25,0
DA:29,0
DA:30,0
DA:34,0
DA:40,0
DA:44,0
DA:50,0
DA:54,0
DA:56,0
DA:57,0
DA:58,0
DA:68,0
DA:70,0
DA:74,0
DA:85,0
DA:146,0
LF:22
LH:0
BRDA:16,0,0,0
BRDA:16,0,1,0
BRDA:19,1,0,0
BRDA:19,1,1,0
BRDA:40,2,0,0
BRDA:40,2,1,0
BRDA:50,3,0,0
BRDA:50,3,1,0
BRDA:54,4,0,0
BRDA:54,4,1,0
BRDA:88,5,0,0
BRDA:88,5,1,0
BRDA:91,6,0,0
BRDA:91,6,1,0
BRDA:97,7,0,0
BRDA:97,7,1,0
BRDA:99,8,0,0
BRDA:99,8,1,0
BRDA:108,9,0,0
BRDA:108,9,1,0
BRDA:112,10,0,0
BRDA:112,10,1,0
BRDA:119,11,0,0
BRDA:119,11,1,0
BRDA:119,11,2,0
BRDA:143,12,0,0
BRDA:143,12,1,0
BRDA:143,12,2,0
BRDA:151,13,0,0
BRDA:151,13,1,0
BRDA:162,14,0,0
BRDA:162,14,1,0
BRF:32
BRH:0
end_of_record
TN:
SF:src\islands\pages\ProposalsIsland.jsx
FN:32,ProposalsIsland
FN:43,(anonymous_1)
FN:48,(anonymous_2)
FN:56,loadProposals
FN:89,handleProposalSelect
FN:90,(anonymous_5)
FN:102,handleConfigChange
FN:129,(anonymous_7)
FN:164,(anonymous_8)
FNF:9
FNH:0
FNDA:0,ProposalsIsland
FNDA:0,(anonymous_1)
FNDA:0,(anonymous_2)
FNDA:0,loadProposals
FNDA:0,handleProposalSelect
FNDA:0,(anonymous_5)
FNDA:0,handleConfigChange
FNDA:0,(anonymous_7)
FNDA:0,(anonymous_8)
DA:33,0
DA:34,0
DA:35,0
DA:36,0
DA:37,0
DA:38,0
DA:39,0
DA:40,0
DA:43,0
DA:44,0
DA:48,0
DA:49,0
DA:50,0
DA:51,0
DA:52,0
DA:57,0
DA:58,0
DA:59,0
DA:67,0
DA:70,0
DA:71,0
DA:73,0
DA:74,0
DA:75,0
DA:77,0
DA:78,0
DA:79,0
DA:82,0
DA:83,0
DA:85,0
DA:90,0
DA:92,0
DA:93,0
DA:96,0
DA:98,0
DA:103,0
DA:104,0
DA:105,0
DA:109,0
DA:110,0
DA:114,0
DA:115,0
DA:119,0
DA:120,0
DA:124,0
DA:129,0
DA:164,0
LF:47
LH:0
BRDA:49,0,0,0
BRDA:49,0,1,0
BRDA:71,1,0,0
BRDA:71,1,1,0
BRDA:77,2,0,0
BRDA:77,2,1,0
BRDA:92,3,0,0
BRDA:92,3,1,0
BRDA:109,4,0,0
BRDA:109,4,1,0
BRDA:114,5,0,0
BRDA:114,5,1,0
BRDA:119,6,0,0
BRDA:119,6,1,0
BRDA:143,7,0,0
BRDA:143,7,1,0
BRDA:152,8,0,0
BRDA:152,8,1,0
BRDA:157,9,0,0
BRDA:157,9,1,0
BRF:20
BRH:0
end_of_record
TN:
SF:src\islands\shared\Footer.jsx
FN:4,Footer
FN:13,(anonymous_1)
FN:19,(anonymous_2)
FN:26,(anonymous_3)
FN:68,(anonymous_4)
FN:90,(anonymous_5)
FN:149,(anonymous_6)
FN:159,(anonymous_7)
FN:169,(anonymous_8)
FN:189,(anonymous_9)
FN:196,(anonymous_10)
FNF:11
FNH:0
FNDA:0,Footer
FNDA:0,(anonymous_1)
FNDA:0,(anonymous_2)
FNDA:0,(anonymous_3)
FNDA:0,(anonymous_4)
FNDA:0,(anonymous_5)
FNDA:0,(anonymous_6)
FNDA:0,(anonymous_7)
FNDA:0,(anonymous_8)
FNDA:0,(anonymous_9)
FNDA:0,(anonymous_10)
DA:5,0
DA:6,0
DA:7,0
DA:8,0
DA:9,0
DA:10,0
DA:13,0
DA:14,0
DA:15,0
DA:19,0
DA:20,0
DA:26,0
DA:27,0
DA:28,0
DA:29,0
DA:33,0
DA:34,0
DA:35,0
DA:38,0
DA:40,0
DA:42,0
DA:53,0
DA:54,0
DA:55,0
DA:57,0
DA:60,0
DA:61,0
DA:63,0
DA:68,0
DA:69,0
DA:70,0
DA:71,0
DA:75,0
DA:76,0
DA:77,0
DA:81,0
DA:82,0
DA:83,0
DA:86,0
DA:88,0
DA:90,0
DA:91,0
DA:92,0
DA:93,0
DA:95,0
DA:96,0
DA:98,0
DA:102,0
DA:149,0
DA:159,0
DA:169,0
DA:189,0
DA:196,0
LF:53
LH:0
BRDA:20,0,0,0
BRDA:20,0,1,0
BRDA:27,1,0,0
BRDA:27,1,1,0
BRDA:33,2,0,0
BRDA:33,2,1,0
BRDA:33,3,0,0
BRDA:33,3,1,0
BRDA:53,4,0,0
BRDA:53,4,1,0
BRDA:69,5,0,0
BRDA:69,5,1,0
BRDA:69,6,0,0
BRDA:69,6,1,0
BRDA:75,7,0,0
BRDA:75,7,1,0
BRDA:75,8,0,0
BRDA:75,8,1,0
BRDA:81,9,0,0
BRDA:81,9,1,0
BRDA:81,10,0,0
BRDA:81,10,1,0
BRDA:176,11,0,0
BRDA:176,11,1,0
BRDA:203,12,0,0
BRDA:203,12,1,0
BRF:26
BRH:0
end_of_record
TN:
SF:src\islands\shared\Header.jsx
FN:5,Header
FN:33,(anonymous_1)
FN:34,(anonymous_2)
FN:45,(anonymous_3)
FN:54,(anonymous_4)
FN:87,(anonymous_5)
FN:89,(anonymous_6)
FN:109,(anonymous_7)
FN:120,(anonymous_8)
FN:129,(anonymous_9)
FN:135,(anonymous_10)
FN:136,(anonymous_11)
FN:152,(anonymous_12)
FN:158,(anonymous_13)
FN:159,(anonymous_14)
FN:167,(anonymous_15)
FN:173,(anonymous_16)
FN:178,(anonymous_17)
FN:183,(anonymous_18)
FN:192,(anonymous_19)
FN:202,(anonymous_20)
FN:222,(anonymous_21)
FN:237,(anonymous_22)
FN:247,(anonymous_23)
FN:255,(anonymous_24)
FN:265,(anonymous_25)
FN:313,(anonymous_26)
FN:317,(anonymous_27)
FN:401,(anonymous_28)
FN:405,(anonymous_29)
FN:491,(anonymous_30)
FN:495,(anonymous_31)
FN:536,(anonymous_32)
FN:551,(anonymous_33)
FN:561,(anonymous_34)
FN:599,(anonymous_35)
FN:637,(anonymous_36)
FN:649,(anonymous_37)
FN:650,(anonymous_38)
FN:669,(anonymous_39)
FN:682,(anonymous_40)
FN:683,(anonymous_41)
FN:687,(anonymous_42)
FN:733,(anonymous_43)
FN:781,(anonymous_44)
FN:826,(anonymous_45)
FN:864,(anonymous_46)
FN:876,(anonymous_47)
FN:877,(anonymous_48)
FN:896,(anonymous_49)
FN:910,(anonymous_50)
FN:911,(anonymous_51)
FN:915,(anonymous_52)
FN:949,(anonymous_53)
FN:963,(anonymous_54)
FN:964,(anonymous_55)
FN:968,(anonymous_56)
FN:1014,(anonymous_57)
FN:1062,(anonymous_58)
FNF:59
FNH:0
FNDA:0,Header
FNDA:0,(anonymous_1)
FNDA:0,(anonymous_2)
FNDA:0,(anonymous_3)
FNDA:0,(anonymous_4)
FNDA:0,(anonymous_5)
FNDA:0,(anonymous_6)
FNDA:0,(anonymous_7)
FNDA:0,(anonymous_8)
FNDA:0,(anonymous_9)
FNDA:0,(anonymous_10)
FNDA:0,(anonymous_11)
FNDA:0,(anonymous_12)
FNDA:0,(anonymous_13)
FNDA:0,(anonymous_14)
FNDA:0,(anonymous_15)
FNDA:0,(anonymous_16)
FNDA:0,(anonymous_17)
FNDA:0,(anonymous_18)
FNDA:0,(anonymous_19)
FNDA:0,(anonymous_20)
FNDA:0,(anonymous_21)
FNDA:0,(anonymous_22)
FNDA:0,(anonymous_23)
FNDA:0,(anonymous_24)
FNDA:0,(anonymous_25)
FNDA:0,(anonymous_26)
FNDA:0,(anonymous_27)
FNDA:0,(anonymous_28)
FNDA:0,(anonymous_29)
FNDA:0,(anonymous_30)
FNDA:0,(anonymous_31)
FNDA:0,(anonymous_32)
FNDA:0,(anonymous_33)
FNDA:0,(anonymous_34)
FNDA:0,(anonymous_35)
FNDA:0,(anonymous_36)
FNDA:0,(anonymous_37)
FNDA:0,(anonymous_38)
FNDA:0,(anonymous_39)
FNDA:0,(anonymous_40)
FNDA:0,(anonymous_41)
FNDA:0,(anonymous_42)
FNDA:0,(anonymous_43)
FNDA:0,(anonymous_44)
FNDA:0,(anonymous_45)
FNDA:0,(anonymous_46)
FNDA:0,(anonymous_47)
FNDA:0,(anonymous_48)
FNDA:0,(anonymous_49)
FNDA:0,(anonymous_50)
FNDA:0,(anonymous_51)
FNDA:0,(anonymous_52)
FNDA:0,(anonymous_53)
FNDA:0,(anonymous_54)
FNDA:0,(anonymous_55)
FNDA:0,(anonymous_56)
FNDA:0,(anonymous_57)
FNDA:0,(anonymous_58)
DA:6,0
DA:7,0
DA:8,0
DA:9,0
DA:12,0
DA:13,0
DA:14,0
DA:15,0
DA:16,0
DA:19,0
DA:20,0
DA:21,0
DA:22,0
DA:23,0
DA:24,0
DA:27,0
DA:28,0
DA:29,0
DA:33,0
DA:34,0
DA:36,0
DA:37,0
DA:38,0
DA:39,0
DA:40,0
DA:44,0
DA:45,0
DA:46,0
DA:50,0
DA:54,0
DA:55,0
DA:56,0
DA:58,0
DA:60,0
DA:63,0
DA:68,0
DA:69,0
DA:70,0
DA:71,0
DA:72,0
DA:76,0
DA:77,0
DA:79,0
DA:83,0
DA:87,0
DA:89,0
DA:90,0
DA:91,0
DA:95,0
DA:96,0
DA:98,0
DA:102,0
DA:103,0
DA:107,0
DA:109,0
DA:110,0
DA:111,0
DA:120,0
DA:121,0
DA:122,0
DA:129,0
DA:130,0
DA:131,0
DA:135,0
DA:136,0
DA:137,0
DA:139,0
DA:141,0
DA:144,0
DA:147,0
DA:150,0
DA:152,0
DA:153,0
DA:158,0
DA:159,0
DA:160,0
DA:161,0
DA:165,0
DA:167,0
DA:168,0
DA:173,0
DA:174,0
DA:178,0
DA:179,0
DA:183,0
DA:184,0
DA:185,0
DA:186,0
DA:187,0
DA:188,0
DA:192,0
DA:193,0
DA:194,0
DA:195,0
DA:196,0
DA:197,0
DA:198,0
DA:202,0
DA:203,0
DA:204,0
DA:205,0
DA:207,0
DA:209,0
DA:211,0
DA:213,0
DA:214,0
DA:217,0
DA:222,0
DA:223,0
DA:224,0
DA:225,0
DA:227,0
DA:229,0
DA:231,0
DA:233,0
DA:234,0
DA:237,0
DA:238,0
DA:242,0
DA:247,0
DA:248,0
DA:249,0
DA:250,0
DA:255,0
DA:256,0
DA:257,0
DA:258,0
DA:259,0
DA:260,0
DA:265,0
DA:266,0
DA:269,0
DA:271,0
DA:272,0
DA:274,0
DA:276,0
DA:280,0
DA:314,0
DA:315,0
DA:317,0
DA:402,0
DA:403,0
DA:405,0
DA:492,0
DA:493,0
DA:495,0
DA:537,0
DA:538,0
DA:552,0
DA:553,0
DA:562,0
DA:563,0
DA:599,0
DA:637,0
DA:649,0
DA:650,0
DA:669,0
DA:682,0
DA:683,0
DA:687,0
DA:733,0
DA:782,0
DA:783,0
DA:826,0
DA:864,0
DA:876,0
DA:877,0
DA:896,0
DA:910,0
DA:911,0
DA:915,0
DA:949,0
DA:963,0
DA:964,0
DA:968,0
DA:1014,0
DA:1063,0
DA:1064,0
LF:178
LH:0
BRDA:5,0,0,0
BRDA:37,1,0,0
BRDA:37,1,1,0
BRDA:44,2,0,0
BRDA:44,2,1,0
BRDA:58,3,0,0
BRDA:58,3,1,0
BRDA:68,4,0,0
BRDA:68,4,1,0
BRDA:68,5,0,0
BRDA:68,5,1,0
BRDA:71,6,0,0
BRDA:71,6,1,0
BRDA:71,7,0,0
BRDA:71,7,1,0
BRDA:95,8,0,0
BRDA:95,8,1,0
BRDA:102,9,0,0
BRDA:102,9,1,0
BRDA:121,10,0,0
BRDA:121,10,1,0
BRDA:122,11,0,0
BRDA:122,11,1,0
BRDA:130,12,0,0
BRDA:130,12,1,0
BRDA:131,13,0,0
BRDA:131,13,1,0
BRDA:139,14,0,0
BRDA:139,14,1,0
BRDA:139,15,0,0
BRDA:139,15,1,0
BRDA:160,16,0,0
BRDA:160,16,1,0
BRDA:179,17,0,0
BRDA:179,17,1,0
BRDA:211,18,0,0
BRDA:211,18,1,0
BRDA:217,19,0,0
BRDA:217,19,1,0
BRDA:231,20,0,0
BRDA:231,20,1,0
BRDA:242,21,0,0
BRDA:242,21,1,0
BRDA:248,22,0,0
BRDA:248,22,1,0
BRDA:256,23,0,0
BRDA:256,23,1,0
BRDA:256,24,0,0
BRDA:256,24,1,0
BRDA:259,25,0,0
BRDA:259,25,1,0
BRDA:271,26,0,0
BRDA:271,26,1,0
BRDA:281,27,0,0
BRDA:281,27,1,0
BRDA:293,28,0,0
BRDA:293,28,1,0
BRDA:303,29,0,0
BRDA:303,29,1,0
BRDA:305,30,0,0
BRDA:305,30,1,0
BRDA:305,30,2,0
BRDA:338,31,0,0
BRDA:338,31,1,0
BRDA:393,32,0,0
BRDA:393,32,1,0
BRDA:393,32,2,0
BRDA:426,33,0,0
BRDA:426,33,1,0
BRDA:477,34,0,0
BRDA:477,34,1,0
BRDA:482,35,0,0
BRDA:482,35,1,0
BRDA:482,36,0,0
BRDA:482,36,1,0
BRDA:497,37,0,0
BRDA:497,37,1,0
BRDA:499,38,0,0
BRDA:499,38,1,0
BRDA:528,39,0,0
BRDA:528,39,1,0
BRDA:574,40,0,0
BRDA:574,40,1,0
BRDA:667,41,0,0
BRDA:667,41,1,0
BRDA:701,42,0,0
BRDA:701,42,1,0
BRDA:707,43,0,0
BRDA:707,43,1,0
BRDA:754,44,0,0
BRDA:754,44,1,0
BRDA:760,45,0,0
BRDA:760,45,1,0
BRDA:761,46,0,0
BRDA:761,46,1,0
BRDA:764,47,0,0
BRDA:764,47,1,0
BRDA:801,48,0,0
BRDA:801,48,1,0
BRDA:894,49,0,0
BRDA:894,49,1,0
BRDA:929,50,0,0
BRDA:929,50,1,0
BRDA:947,51,0,0
BRDA:947,51,1,0
BRDA:982,52,0,0
BRDA:982,52,1,0
BRDA:988,53,0,0
BRDA:988,53,1,0
BRDA:1035,54,0,0
BRDA:1035,54,1,0
BRDA:1041,55,0,0
BRDA:1041,55,1,0
BRDA:1042,56,0,0
BRDA:1042,56,1,0
BRDA:1045,57,0,0
BRDA:1045,57,1,0
BRF:117
BRH:0
end_of_record
TN:
SF:src\lib\auth.js
FN:6,getAuthToken
FN:10,isProtectedPage
FN:15,validateTokenAndFetchUser
FN:21,loginUser
FN:27,signupUser
FN:33,logoutUser
FN:39,redirectToLogin
FNF:7
FNH:0
FNDA:0,getAuthToken
FNDA:0,isProtectedPage
FNDA:0,validateTokenAndFetchUser
FNDA:0,loginUser
FNDA:0,signupUser
FNDA:0,logoutUser
FNDA:0,redirectToLogin
DA:7,0
DA:12,0
DA:18,0
DA:23,0
DA:24,0
DA:29,0
DA:30,0
DA:35,0
DA:36,0
DA:41,0
LF:10
LH:0
BRF:0
BRH:0
end_of_record
TN:
SF:src\lib\constants.js
FNF:0
FNH:0
DA:3,0
DA:4,0
DA:5,0
DA:7,0
DA:13,0
DA:22,0
DA:23,0
LF:7
LH:0
BRF:0
BRH:0
end_of_record
TN:
SF:src\lib\constants\proposalStages.js
FN:72,getStageById
FN:76,(anonymous_1)
FN:84,getStageByName
FN:90,(anonymous_3)
FN:100,getStageProgress
FN:104,(anonymous_5)
FN:121,getCompletedStages
FN:125,(anonymous_7)
FN:133,getRemainingStages
FN:137,(anonymous_9)
FN:146,isStageCompleted
FN:159,isCurrentStage
FN:172,isStagePending
FN:184,getPreviousStage
FN:196,getNextStage
FN:209,formatStageDisplay
FN:241,getAllStagesFormatted
FN:242,(anonymous_17)
FNF:18
FNH:18
FNDA:55,getStageById
FNDA:163,(anonymous_1)
FNDA:8,getStageByName
FNDA:10,(anonymous_3)
FNDA:5,getStageProgress
FNDA:23,(anonymous_5)
FNDA:5,getCompletedStages
FNDA:18,(anonymous_7)
FNDA:4,getRemainingStages
FNDA:18,(anonymous_9)
FNDA:36,isStageCompleted
FNDA:23,isCurrentStage
FNDA:7,isStagePending
FNDA:10,getPreviousStage
FNDA:9,getNextStage
FNDA:30,formatStageDisplay
FNDA:4,getAllStagesFormatted
FNDA:24,(anonymous_17)
DA:16,1
DA:73,55
DA:74,7
DA:76,163
DA:85,8
DA:86,3
DA:88,5
DA:89,5
DA:90,10
DA:101,5
DA:102,5
DA:103,5
DA:104,23
DA:106,5
DA:122,5
DA:123,2
DA:125,18
DA:134,4
DA:135,1
DA:137,18
DA:147,36
DA:148,3
DA:150,33
DA:160,23
DA:161,2
DA:163,21
DA:173,7
DA:174,1
DA:176,6
DA:185,10
DA:186,4
DA:188,6
DA:197,9
DA:198,3
DA:200,6
DA:210,30
DA:211,30
DA:212,2
DA:215,28
DA:216,28
DA:218,28
DA:219,11
DA:220,11
DA:221,17
DA:222,5
DA:223,5
DA:226,28
DA:242,24
LF:48
LH:48
BRDA:73,0,0,7
BRDA:73,0,1,48
BRDA:73,1,0,55
BRDA:73,1,1,51
BRDA:73,1,2,50
BRDA:76,2,0,48
BRDA:76,2,1,0
BRDA:85,3,0,3
BRDA:85,3,1,5
BRDA:89,4,0,5
BRDA:89,4,1,1
BRDA:90,5,0,10
BRDA:90,5,1,8
BRDA:100,6,0,0
BRDA:104,7,0,5
BRDA:104,7,1,2
BRDA:122,8,0,2
BRDA:122,8,1,3
BRDA:134,9,0,1
BRDA:134,9,1,3
BRDA:147,10,0,3
BRDA:147,10,1,33
BRDA:147,11,0,36
BRDA:147,11,1,34
BRDA:160,12,0,2
BRDA:160,12,1,21
BRDA:160,13,0,23
BRDA:160,13,1,22
BRDA:173,14,0,1
BRDA:173,14,1,6
BRDA:173,15,0,7
BRDA:173,15,1,7
BRDA:185,16,0,4
BRDA:185,16,1,6
BRDA:185,17,0,10
BRDA:185,17,1,8
BRDA:197,18,0,3
BRDA:197,18,1,6
BRDA:197,19,0,9
BRDA:197,19,1,8
BRDA:211,20,0,2
BRDA:211,20,1,28
BRDA:218,21,0,11
BRDA:218,21,1,17
BRDA:221,22,0,5
BRDA:221,22,1,12
BRF:46
BRH:44
end_of_record
TN:
SF:src\lib\constants\proposalStatuses.js
FN:154,getStatusConfig
FN:167,(anonymous_1)
FN:185,getStageFromStatus
FN:195,getActionsForStatus
FN:205,isActiveStatus
FN:215,isTerminalStatus
FN:225,isCompletedStatus
FN:234,getStatusesByColor
FN:235,(anonymous_8)
FN:243,getStatusesByStage
FN:244,(anonymous_10)
FNF:11
FNH:11
FNDA:36,getStatusConfig
FNDA:281,(anonymous_1)
FNDA:11,getStageFromStatus
FNDA:4,getActionsForStatus
FNDA:9,isActiveStatus
FNDA:7,isTerminalStatus
FNDA:5,isCompletedStatus
FNDA:6,getStatusesByColor
FNDA:90,(anonymous_8)
FNDA:9,getStatusesByStage
FNDA:135,(anonymous_10)
DA:15,1
DA:155,36
DA:156,2
DA:166,34
DA:167,281
DA:171,34
DA:186,11
DA:187,11
DA:196,4
DA:197,4
DA:206,9
DA:207,9
DA:216,7
DA:217,7
DA:226,5
DA:235,90
DA:244,135
LF:17
LH:17
BRDA:155,0,0,2
BRDA:155,0,1,34
BRDA:171,1,0,34
BRDA:171,1,1,4
BRDA:197,2,0,4
BRDA:197,2,1,0
BRDA:217,3,0,7
BRDA:217,3,1,4
BRDA:217,3,2,4
BRF:9
BRH:8
end_of_record
TN:
SF:src\lib\supabase\dataTransformers.js
FN:18,transformUserData
FN:37,transformListingData
FN:73,transformHostData
FN:95,transformGuestData
FN:117,transformVirtualMeetingData
FN:136,transformProposalData
FN:191,getProposalDisplayText
FN:207,formatPrice
FN:226,formatDate
FNF:9
FNH:0
FNDA:0,transformUserData
FNDA:0,transformListingData
FNDA:0,transformHostData
FNDA:0,transformGuestData
FNDA:0,transformVirtualMeetingData
FNDA:0,transformProposalData
FNDA:0,getProposalDisplayText
FNDA:0,formatPrice
FNDA:0,formatDate
DA:19,0
DA:21,0
DA:38,0
DA:41,0
DA:42,0
DA:46,0
DA:74,0
DA:76,0
DA:96,0
DA:98,0
DA:118,0
DA:120,0
DA:137,0
DA:140,0
DA:141,0
DA:142,0
DA:143,0
DA:145,0
DA:192,0
DA:194,0
DA:195,0
DA:197,0
DA:208,0
DA:210,0
DA:217,0
DA:227,0
DA:229,0
DA:231,0
DA:233,0
LF:29
LH:0
BRDA:19,0,0,0
BRDA:19,0,1,0
BRDA:38,1,0,0
BRDA:38,1,1,0
BRDA:42,2,0,0
BRDA:42,2,1,0
BRDA:42,3,0,0
BRDA:42,3,1,0
BRDA:44,4,0,0
BRDA:44,4,1,0
BRDA:74,5,0,0
BRDA:74,5,1,0
BRDA:96,6,0,0
BRDA:96,6,1,0
BRDA:118,7,0,0
BRDA:118,7,1,0
BRDA:137,8,0,0
BRDA:137,8,1,0
BRDA:192,9,0,0
BRDA:192,9,1,0
BRDA:194,10,0,0
BRDA:194,10,1,0
BRDA:194,10,2,0
BRDA:195,11,0,0
BRDA:195,11,1,0
BRDA:207,12,0,0
BRDA:208,13,0,0
BRDA:208,13,1,0
BRDA:208,14,0,0
BRDA:208,14,1,0
BRDA:213,15,0,0
BRDA:213,15,1,0
BRDA:214,16,0,0
BRDA:214,16,1,0
BRDA:227,17,0,0
BRDA:227,17,1,0
BRDA:229,18,0,0
BRDA:229,18,1,0
BRDA:231,19,0,0
BRDA:231,19,1,0
BRF:40
BRH:0
end_of_record
TN:
SF:src\lib\supabase\houseRulesQueries.js
FN:22,fetchHouseRulesByIds
FN:29,(anonymous_1)
FN:47,(anonymous_2)
FN:68,resolveProposalHouseRules
FN:102,resolveListingHouseRules
FN:115,compareHouseRules
FN:139,(anonymous_6)
FN:140,(anonymous_7)
FN:160,fetchAllHouseRules
FN:172,(anonymous_9)
FN:189,groupHouseRulesByCategory
FN:206,formatHouseRulesForDisplay
FN:211,(anonymous_12)
FNF:13
FNH:0
FNDA:0,fetchHouseRulesByIds
FNDA:0,(anonymous_1)
FNDA:0,(anonymous_2)
FNDA:0,resolveProposalHouseRules
FNDA:0,resolveListingHouseRules
FNDA:0,compareHouseRules
FNDA:0,(anonymous_6)
FNDA:0,(anonymous_7)
FNDA:0,fetchAllHouseRules
FNDA:0,(anonymous_9)
FNDA:0,groupHouseRulesByCategory
FNDA:0,formatHouseRulesForDisplay
FNDA:0,(anonymous_12)
DA:24,0
DA:25,0
DA:29,0
DA:31,0
DA:32,0
DA:35,0
DA:36,0
DA:41,0
DA:42,0
DA:43,0
DA:47,0
DA:53,0
DA:54,0
DA:69,0
DA:70,0
DA:73,0
DA:76,0
DA:77,0
DA:80,0
DA:81,0
DA:84,0
DA:85,0
DA:89,0
DA:90,0
DA:94,0
DA:103,0
DA:104,0
DA:107,0
DA:116,0
DA:117,0
DA:127,0
DA:128,0
DA:130,0
DA:136,0
DA:137,0
DA:139,0
DA:140,0
DA:142,0
DA:147,0
DA:161,0
DA:162,0
DA:167,0
DA:168,0
DA:169,0
DA:172,0
DA:178,0
DA:179,0
DA:190,0
DA:191,0
DA:196,0
DA:207,0
DA:208,0
DA:211,0
LF:53
LH:0
BRDA:24,0,0,0
BRDA:24,0,1,0
BRDA:24,1,0,0
BRDA:24,1,1,0
BRDA:24,1,2,0
BRDA:29,2,0,0
BRDA:29,2,1,0
BRDA:31,3,0,0
BRDA:31,3,1,0
BRDA:41,4,0,0
BRDA:41,4,1,0
BRDA:47,5,0,0
BRDA:47,5,1,0
BRDA:49,6,0,0
BRDA:49,6,1,0
BRDA:50,7,0,0
BRDA:50,7,1,0
BRDA:69,8,0,0
BRDA:69,8,1,0
BRDA:76,9,0,0
BRDA:76,9,1,0
BRDA:76,10,0,0
BRDA:76,10,1,0
BRDA:80,11,0,0
BRDA:80,11,1,0
BRDA:84,12,0,0
BRDA:84,12,1,0
BRDA:89,13,0,0
BRDA:89,13,1,0
BRDA:89,14,0,0
BRDA:89,14,1,0
BRDA:103,15,0,0
BRDA:103,15,1,0
BRDA:103,16,0,0
BRDA:103,16,1,0
BRDA:116,17,0,0
BRDA:116,17,1,0
BRDA:116,18,0,0
BRDA:116,18,1,0
BRDA:127,19,0,0
BRDA:127,19,1,0
BRDA:128,20,0,0
BRDA:128,20,1,0
BRDA:152,21,0,0
BRDA:152,21,1,0
BRDA:167,22,0,0
BRDA:167,22,1,0
BRDA:172,23,0,0
BRDA:172,23,1,0
BRDA:174,24,0,0
BRDA:174,24,1,0
BRDA:175,25,0,0
BRDA:175,25,1,0
BRDA:190,26,0,0
BRDA:190,26,1,0
BRDA:190,27,0,0
BRDA:190,27,1,0
BRDA:207,28,0,0
BRDA:207,28,1,0
BRDA:207,29,0,0
BRDA:207,29,1,0
BRF:61
BRH:0
end_of_record
TN:
SF:src\lib\supabase\supabase.js
FNF:0
FNH:0
DA:9,0
DA:10,0
DA:12,0
DA:13,0
DA:14,0
DA:18,0
DA:28,0
LF:7
LH:0
BRDA:9,0,0,0
BRDA:9,0,1,0
BRDA:10,1,0,0
BRDA:10,1,1,0
BRDA:12,2,0,0
BRDA:12,2,1,0
BRDA:12,3,0,0
BRDA:12,3,1,0
BRF:8
BRH:0
end_of_record
TN:
SF:src\lib\supabase\userProposalQueries.js
FN:25,fetchUserWithProposalList
FN:59,extractProposalIds
FN:95,fetchProposalsByIds
FN:145,(anonymous_3)
FN:170,(anonymous_4)
FN:174,(anonymous_5)
FN:199,(anonymous_6)
FN:223,(anonymous_7)
FN:224,(anonymous_8)
FN:257,(anonymous_9)
FN:290,(anonymous_10)
FN:322,(anonymous_11)
FN:329,(anonymous_12)
FN:331,(anonymous_13)
FN:333,(anonymous_14)
FN:335,(anonymous_15)
FN:336,(anonymous_16)
FN:338,(anonymous_17)
FN:344,(anonymous_18)
FN:393,fetchUserProposalsFromUrl
FN:433,(anonymous_20)
FNF:21
FNH:0
FNDA:0,fetchUserWithProposalList
FNDA:0,extractProposalIds
FNDA:0,fetchProposalsByIds
FNDA:0,(anonymous_3)
FNDA:0,(anonymous_4)
FNDA:0,(anonymous_5)
FNDA:0,(anonymous_6)
FNDA:0,(anonymous_7)
FNDA:0,(anonymous_8)
FNDA:0,(anonymous_9)
FNDA:0,(anonymous_10)
FNDA:0,(anonymous_11)
FNDA:0,(anonymous_12)
FNDA:0,(anonymous_13)
FNDA:0,(anonymous_14)
FNDA:0,(anonymous_15)
FNDA:0,(anonymous_16)
FNDA:0,(anonymous_17)
FNDA:0,(anonymous_18)
FNDA:0,fetchUserProposalsFromUrl
FNDA:0,(anonymous_20)
DA:26,0
DA:40,0
DA:41,0
DA:42,0
DA:45,0
DA:46,0
DA:49,0
DA:50,0
DA:60,0
DA:62,0
DA:63,0
DA:64,0
DA:68,0
DA:70,0
DA:71,0
DA:72,0
DA:73,0
DA:74,0
DA:76,0
DA:77,0
DA:80,0
DA:81,0
DA:84,0
DA:85,0
DA:96,0
DA:97,0
DA:98,0
DA:102,0
DA:139,0
DA:140,0
DA:141,0
DA:145,0
DA:146,0
DA:149,0
DA:152,0
DA:154,0
DA:157,0
DA:158,0
DA:159,0
DA:163,0
DA:164,0
DA:166,0
DA:170,0
DA:172,0
DA:173,0
DA:174,0
DA:177,0
DA:180,0
DA:197,0
DA:198,0
DA:199,0
DA:203,0
DA:205,0
DA:216,0
DA:217,0
DA:219,0
DA:223,0
DA:224,0
DA:226,0
DA:228,0
DA:229,0
DA:231,0
DA:232,0
DA:237,0
DA:238,0
DA:239,0
DA:243,0
DA:244,0
DA:249,0
DA:250,0
DA:251,0
DA:257,0
DA:259,0
DA:261,0
DA:262,0
DA:265,0
DA:281,0
DA:282,0
DA:284,0
DA:285,0
DA:290,0
DA:292,0
DA:294,0
DA:295,0
DA:296,0
DA:311,0
DA:312,0
DA:314,0
DA:315,0
DA:320,0
DA:322,0
DA:323,0
DA:324,0
DA:326,0
DA:329,0
DA:331,0
DA:333,0
DA:335,0
DA:336,0
DA:338,0
DA:341,0
DA:343,0
DA:345,0
DA:347,0
DA:349,0
DA:351,0
DA:352,0
DA:354,0
DA:356,0
DA:360,0
DA:364,0
DA:366,0
DA:383,0
DA:384,0
DA:395,0
DA:396,0
DA:397,0
DA:401,0
DA:404,0
DA:407,0
DA:408,0
DA:409,0
DA:417,0
DA:419,0
DA:420,0
DA:421,0
DA:429,0
DA:430,0
DA:432,0
DA:433,0
DA:434,0
DA:435,0
DA:436,0
DA:438,0
DA:441,0
DA:442,0
DA:445,0
LF:137
LH:0
BRDA:40,0,0,0
BRDA:40,0,1,0
BRDA:45,1,0,0
BRDA:45,1,1,0
BRDA:49,2,0,0
BRDA:49,2,1,0
BRDA:62,3,0,0
BRDA:62,3,1,0
BRDA:70,4,0,0
BRDA:70,4,1,0
BRDA:72,5,0,0
BRDA:72,5,1,0
BRDA:96,6,0,0
BRDA:96,6,1,0
BRDA:96,7,0,0
BRDA:96,7,1,0
BRDA:139,8,0,0
BRDA:139,8,1,0
BRDA:145,9,0,0
BRDA:145,9,1,0
BRDA:146,10,0,0
BRDA:146,10,1,0
BRDA:149,11,0,0
BRDA:149,11,1,0
BRDA:152,12,0,0
BRDA:152,12,1,0
BRDA:157,13,0,0
BRDA:157,13,1,0
BRDA:163,14,0,0
BRDA:163,14,1,0
BRDA:172,15,0,0
BRDA:172,15,1,0
BRDA:197,16,0,0
BRDA:197,16,1,0
BRDA:216,17,0,0
BRDA:216,17,1,0
BRDA:219,18,0,0
BRDA:219,18,1,0
BRDA:223,19,0,0
BRDA:223,19,1,0
BRDA:224,20,0,0
BRDA:224,20,1,0
BRDA:231,21,0,0
BRDA:231,21,1,0
BRDA:237,22,0,0
BRDA:237,22,1,0
BRDA:238,23,0,0
BRDA:238,23,1,0
BRDA:243,24,0,0
BRDA:243,24,1,0
BRDA:249,25,0,0
BRDA:249,25,1,0
BRDA:250,26,0,0
BRDA:250,26,1,0
BRDA:257,27,0,0
BRDA:257,27,1,0
BRDA:262,28,0,0
BRDA:262,28,1,0
BRDA:281,29,0,0
BRDA:281,29,1,0
BRDA:284,30,0,0
BRDA:284,30,1,0
BRDA:295,31,0,0
BRDA:295,31,1,0
BRDA:311,32,0,0
BRDA:311,32,1,0
BRDA:314,33,0,0
BRDA:314,33,1,0
BRDA:329,34,0,0
BRDA:329,34,1,0
BRDA:338,35,0,0
BRDA:338,35,1,0
BRDA:347,36,0,0
BRDA:347,36,1,0
BRDA:351,37,0,0
BRDA:351,37,1,0
BRDA:352,38,0,0
BRDA:352,38,1,0
BRDA:354,39,0,0
BRDA:354,39,1,0
BRDA:356,40,0,0
BRDA:356,40,1,0
BRDA:368,41,0,0
BRDA:368,41,1,0
BRDA:376,42,0,0
BRDA:376,42,1,0
BRDA:396,43,0,0
BRDA:396,43,1,0
BRDA:407,44,0,0
BRDA:407,44,1,0
BRDA:419,45,0,0
BRDA:419,45,1,0
BRDA:432,46,0,0
BRDA:432,46,1,0
BRDA:434,47,0,0
BRDA:434,47,1,0
BRDA:436,48,0,0
BRDA:436,48,1,0
BRDA:441,49,0,0
BRDA:441,49,1,0
BRF:100
BRH:0
end_of_record
TN:
SF:src\lib\supabase\virtualMeetingQueries.js
FN:33,fetchVirtualMeetingsByProposalIds
FN:73,fetchVirtualMeetingById
FN:113,fetchVirtualMeetingByProposalId
FN:159,getVirtualMeetingState
FN:263,isVirtualMeetingActive
FN:285,formatVirtualMeetingDate
FN:315,getVirtualMeetingBadgeColor
FN:336,canPerformVMAction
FN:366,createVirtualMeetingLookupMap
FN:374,(anonymous_9)
FNF:10
FNH:0
FNDA:0,fetchVirtualMeetingsByProposalIds
FNDA:0,fetchVirtualMeetingById
FNDA:0,fetchVirtualMeetingByProposalId
FNDA:0,getVirtualMeetingState
FNDA:0,isVirtualMeetingActive
FNDA:0,formatVirtualMeetingDate
FNDA:0,getVirtualMeetingBadgeColor
FNDA:0,canPerformVMAction
FNDA:0,createVirtualMeetingLookupMap
FNDA:0,(anonymous_9)
DA:34,0
DA:35,0
DA:38,0
DA:39,0
DA:56,0
DA:57,0
DA:58,0
DA:61,0
DA:63,0
DA:64,0
DA:74,0
DA:75,0
DA:78,0
DA:79,0
DA:96,0
DA:97,0
DA:98,0
DA:101,0
DA:103,0
DA:104,0
DA:114,0
DA:115,0
DA:118,0
DA:119,0
DA:138,0
DA:139,0
DA:140,0
DA:143,0
DA:145,0
DA:146,0
DA:161,0
DA:162,0
DA:174,0
DA:175,0
DA:188,0
DA:190,0
DA:192,0
DA:203,0
DA:217,0
DA:218,0
DA:232,0
DA:233,0
DA:249,0
DA:264,0
DA:265,0
DA:268,0
DA:269,0
DA:273,0
DA:274,0
DA:276,0
DA:286,0
DA:287,0
DA:290,0
DA:291,0
DA:292,0
DA:303,0
DA:305,0
DA:306,0
DA:316,0
DA:326,0
DA:337,0
DA:338,0
DA:341,0
DA:344,0
DA:348,0
DA:352,0
DA:355,0
DA:367,0
DA:369,0
DA:370,0
DA:374,0
DA:375,0
DA:376,0
DA:380,0
LF:74
LH:0
BRDA:34,0,0,0
BRDA:34,0,1,0
BRDA:34,1,0,0
BRDA:34,1,1,0
BRDA:56,2,0,0
BRDA:56,2,1,0
BRDA:61,3,0,0
BRDA:61,3,1,0
BRDA:74,4,0,0
BRDA:74,4,1,0
BRDA:96,5,0,0
BRDA:96,5,1,0
BRDA:114,6,0,0
BRDA:114,6,1,0
BRDA:138,7,0,0
BRDA:138,7,1,0
BRDA:161,8,0,0
BRDA:161,8,1,0
BRDA:174,9,0,0
BRDA:174,9,1,0
BRDA:188,10,0,0
BRDA:188,10,1,0
BRDA:190,11,0,0
BRDA:190,11,1,0
BRDA:217,12,0,0
BRDA:217,12,1,0
BRDA:217,13,0,0
BRDA:217,13,1,0
BRDA:232,14,0,0
BRDA:232,14,1,0
BRDA:232,15,0,0
BRDA:232,15,1,0
BRDA:264,16,0,0
BRDA:264,16,1,0
BRDA:264,17,0,0
BRDA:264,17,1,0
BRDA:268,18,0,0
BRDA:268,18,1,0
BRDA:285,19,0,0
BRDA:286,20,0,0
BRDA:286,20,1,0
BRDA:296,21,0,0
BRDA:296,21,1,0
BRDA:326,22,0,0
BRDA:326,22,1,0
BRDA:337,23,0,0
BRDA:337,23,1,0
BRDA:337,24,0,0
BRDA:337,24,1,0
BRDA:341,25,0,0
BRDA:341,25,1,0
BRDA:341,25,2,0
BRDA:341,25,3,0
BRDA:344,26,0,0
BRDA:344,26,1,0
BRDA:348,27,0,0
BRDA:348,27,1,0
BRDA:348,27,2,0
BRDA:352,28,0,0
BRDA:352,28,1,0
BRDA:369,29,0,0
BRDA:369,29,1,0
BRDA:369,30,0,0
BRDA:369,30,1,0
BRDA:375,31,0,0
BRDA:375,31,1,0
BRF:66
BRH:0
end_of_record
TN:
SF:src\lib\utils\dashboardConfig.js
FN:58,loadDashboardConfig
FN:83,saveDashboardConfig
FN:102,updateConfigValue
FN:117,resetDashboardConfig
FN:136,applyConfigFilters
FN:146,(anonymous_5)
FN:152,(anonymous_6)
FN:158,(anonymous_7)
FN:164,(anonymous_8)
FN:179,applyConfigSort
FN:188,(anonymous_10)
FN:196,(anonymous_11)
FN:204,(anonymous_12)
FN:212,(anonymous_13)
FN:220,(anonymous_14)
FN:228,(anonymous_15)
FN:251,applyConfigFiltersAndSort
FN:264,groupProposals
FN:271,(anonymous_18)
FN:303,getSortOptions
FN:319,getViewOptions
FN:332,getGroupOptions
FN:347,exportConfig
FN:370,importConfig
FN:373,(anonymous_24)
FN:392,(anonymous_25)
FNF:26
FNH:22
FNDA:8,loadDashboardConfig
FNDA:8,saveDashboardConfig
FNDA:3,updateConfigValue
FNDA:2,resetDashboardConfig
FNDA:11,applyConfigFilters
FNDA:30,(anonymous_5)
FNDA:29,(anonymous_6)
FNDA:22,(anonymous_7)
FNDA:4,(anonymous_8)
FNDA:10,applyConfigSort
FNDA:18,(anonymous_10)
FNDA:8,(anonymous_11)
FNDA:9,(anonymous_12)
FNDA:8,(anonymous_13)
FNDA:9,(anonymous_14)
FNDA:8,(anonymous_15)
FNDA:1,applyConfigFiltersAndSort
FNDA:8,groupProposals
FNDA:17,(anonymous_18)
FNDA:3,getSortOptions
FNDA:3,getViewOptions
FNDA:3,getGroupOptions
FNDA:0,exportConfig
FNDA:0,importConfig
FNDA:0,(anonymous_24)
FNDA:0,(anonymous_25)
DA:15,1
DA:21,1
DA:59,8
DA:60,8
DA:62,8
DA:63,5
DA:65,4
DA:66,4
DA:67,4
DA:70,1
DA:73,4
DA:74,4
DA:84,8
DA:85,8
DA:86,8
DA:87,8
DA:88,8
DA:90,0
DA:91,0
DA:103,3
DA:104,3
DA:108,3
DA:109,3
DA:118,2
DA:119,2
DA:120,2
DA:122,0
DA:125,2
DA:137,11
DA:138,4
DA:141,7
DA:144,7
DA:145,6
DA:146,30
DA:150,7
DA:151,7
DA:152,29
DA:156,7
DA:157,7
DA:158,22
DA:162,7
DA:163,2
DA:164,4
DA:168,7
DA:180,10
DA:181,2
DA:184,8
DA:186,8
DA:188,2
DA:189,18
DA:190,18
DA:191,18
DA:193,2
DA:196,1
DA:197,8
DA:198,8
DA:199,8
DA:201,1
DA:204,1
DA:205,9
DA:206,9
DA:207,9
DA:209,1
DA:212,2
DA:213,8
DA:214,8
DA:215,8
DA:217,2
DA:220,1
DA:221,9
DA:222,9
DA:223,9
DA:225,1
DA:228,1
DA:229,8
DA:230,8
DA:231,8
DA:233,1
DA:237,0
DA:240,8
DA:252,1
DA:253,1
DA:254,1
DA:265,8
DA:266,3
DA:269,5
DA:271,5
DA:274,17
DA:276,6
DA:277,6
DA:280,6
DA:281,6
DA:284,5
DA:285,5
DA:288,17
DA:289,12
DA:292,17
DA:295,5
DA:304,3
DA:320,3
DA:333,3
DA:348,0
DA:349,0
DA:350,0
DA:351,0
DA:352,0
DA:353,0
DA:354,0
DA:355,0
DA:356,0
DA:357,0
DA:359,0
DA:371,0
DA:373,0
DA:374,0
DA:375,0
DA:376,0
DA:377,0
DA:378,0
DA:380,0
DA:381,0
DA:384,0
DA:386,0
DA:387,0
DA:392,0
DA:393,0
DA:395,0
DA:396,0
DA:400,0
LF:129
LH:97
BRDA:62,0,0,5
BRDA:62,0,1,3
BRDA:137,1,0,4
BRDA:137,1,1,7
BRDA:137,2,0,11
BRDA:137,2,1,9
BRDA:144,3,0,6
BRDA:144,3,1,1
BRDA:146,4,0,30
BRDA:146,4,1,0
BRDA:150,5,0,7
BRDA:150,5,1,0
BRDA:152,6,0,29
BRDA:152,6,1,0
BRDA:156,7,0,7
BRDA:156,7,1,0
BRDA:158,8,0,22
BRDA:158,8,1,0
BRDA:162,9,0,2
BRDA:162,9,1,5
BRDA:164,10,0,4
BRDA:164,10,1,0
BRDA:180,11,0,2
BRDA:180,11,1,8
BRDA:180,12,0,10
BRDA:180,12,1,8
BRDA:186,13,0,2
BRDA:186,13,1,1
BRDA:186,13,2,1
BRDA:186,13,3,2
BRDA:186,13,4,1
BRDA:186,13,5,1
BRDA:186,13,6,0
BRDA:189,14,0,18
BRDA:189,14,1,0
BRDA:190,15,0,18
BRDA:190,15,1,0
BRDA:197,16,0,8
BRDA:197,16,1,0
BRDA:198,17,0,8
BRDA:198,17,1,0
BRDA:205,18,0,9
BRDA:205,18,1,0
BRDA:206,19,0,9
BRDA:206,19,1,0
BRDA:213,20,0,8
BRDA:213,20,1,0
BRDA:214,21,0,8
BRDA:214,21,1,0
BRDA:221,22,0,9
BRDA:221,22,1,0
BRDA:222,23,0,9
BRDA:222,23,1,0
BRDA:229,24,0,8
BRDA:229,24,1,0
BRDA:230,25,0,8
BRDA:230,25,1,0
BRDA:265,26,0,3
BRDA:265,26,1,5
BRDA:265,27,0,8
BRDA:265,27,1,6
BRDA:265,27,2,6
BRDA:274,28,0,6
BRDA:274,28,1,6
BRDA:274,28,2,5
BRDA:276,29,0,6
BRDA:276,29,1,1
BRDA:280,30,0,6
BRDA:280,30,1,1
BRDA:288,31,0,12
BRDA:288,31,1,5
BRDA:347,32,0,0
BRDA:380,33,0,0
BRDA:380,33,1,0
BRDA:386,34,0,0
BRDA:386,34,1,0
BRDA:395,35,0,0
BRDA:395,35,1,0
BRF:78
BRH:52
end_of_record
TN:
SF:src\lib\utils\urlParser.js
FN:16,getUserIdFromPath
FN:20,(anonymous_1)
FN:49,getProposalIdFromQuery
FN:67,updateUrlWithProposal
FN:78,parseProposalPageUrl
FNF:5
FNH:0
FNDA:0,getUserIdFromPath
FNDA:0,(anonymous_1)
FNDA:0,getProposalIdFromQuery
FNDA:0,updateUrlWithProposal
FNDA:0,parseProposalPageUrl
DA:17,0
DA:20,0
DA:21,0
DA:25,0
DA:26,0
DA:27,0
DA:28,0
DA:32,0
DA:33,0
DA:35,0
DA:36,0
DA:37,0
DA:40,0
DA:41,0
DA:50,0
DA:51,0
DA:53,0
DA:54,0
DA:57,0
DA:68,0
DA:69,0
DA:70,0
DA:79,0
LF:23
LH:0
BRDA:21,0,0,0
BRDA:21,0,1,0
BRDA:25,1,0,0
BRDA:25,1,1,0
BRDA:25,2,0,0
BRDA:25,2,1,0
BRDA:35,3,0,0
BRDA:35,3,1,0
BRDA:53,4,0,0
BRDA:53,4,1,0
BRF:10
BRH:0
end_of_record
TN:
SF:src\lib\workflows\cancelProposal.js
FN:34,determineCancellationCondition
FN:94,cancelProposal
FN:140,handleCancelProposal
FN:203,handleCancelProposalFromCompareTerms
FN:224,canCancelProposal
FN:255,getCancelButtonText
FN:276,getCancellationReasonOptions
FNF:7
FNH:0
FNDA:0,determineCancellationCondition
FNDA:0,cancelProposal
FNDA:0,handleCancelProposal
FNDA:0,handleCancelProposalFromCompareTerms
FNDA:0,canCancelProposal
FNDA:0,getCancelButtonText
FNDA:0,getCancellationReasonOptions
DA:35,0
DA:36,0
DA:44,0
DA:47,0
DA:52,0
DA:63,0
DA:64,0
DA:66,0
DA:67,0
DA:77,0
DA:95,0
DA:96,0
DA:99,0
DA:101,0
DA:108,0
DA:109,0
DA:112,0
DA:114,0
DA:121,0
DA:122,0
DA:123,0
DA:126,0
DA:127,0
DA:141,0
DA:143,0
DA:145,0
DA:146,0
DA:147,0
DA:149,0
DA:153,0
DA:154,0
DA:155,0
DA:157,0
DA:158,0
DA:159,0
DA:164,0
DA:165,0
DA:166,0
DA:168,0
DA:169,0
DA:170,0
DA:175,0
DA:176,0
DA:179,0
DA:180,0
DA:188,0
DA:189,0
DA:190,0
DA:204,0
DA:206,0
DA:225,0
DA:226,0
DA:229,0
DA:232,0
DA:237,0
DA:241,0
DA:242,0
DA:246,0
DA:256,0
DA:257,0
DA:260,0
DA:263,0
DA:264,0
DA:267,0
DA:277,0
LF:65
LH:0
BRDA:35,0,0,0
BRDA:35,0,1,0
BRDA:44,1,0,0
BRDA:44,1,1,0
BRDA:47,2,0,0
BRDA:47,2,1,0
BRDA:48,3,0,0
BRDA:48,3,1,0
BRDA:48,3,2,0
BRDA:63,4,0,0
BRDA:63,4,1,0
BRDA:64,5,0,0
BRDA:64,5,1,0
BRDA:66,6,0,0
BRDA:66,6,1,0
BRDA:66,7,0,0
BRDA:66,7,1,0
BRDA:94,8,0,0
BRDA:95,9,0,0
BRDA:95,9,1,0
BRDA:108,10,0,0
BRDA:108,10,1,0
BRDA:121,11,0,0
BRDA:121,11,1,0
BRDA:140,12,0,0
BRDA:145,13,0,0
BRDA:145,13,1,0
BRDA:146,14,0,0
BRDA:146,14,1,0
BRDA:153,15,0,0
BRDA:153,15,1,0
BRDA:154,16,0,0
BRDA:154,16,1,0
BRDA:157,17,0,0
BRDA:157,17,1,0
BRDA:165,18,0,0
BRDA:165,18,1,0
BRDA:168,19,0,0
BRDA:168,19,1,0
BRDA:175,20,0,0
BRDA:175,20,1,0
BRDA:179,21,0,0
BRDA:179,21,1,0
BRDA:189,22,0,0
BRDA:189,22,1,0
BRDA:190,23,0,0
BRDA:190,23,1,0
BRDA:225,24,0,0
BRDA:225,24,1,0
BRDA:229,25,0,0
BRDA:229,25,1,0
BRDA:232,26,0,0
BRDA:232,26,1,0
BRDA:233,27,0,0
BRDA:233,27,1,0
BRDA:233,27,2,0
BRDA:241,28,0,0
BRDA:241,28,1,0
BRDA:256,29,0,0
BRDA:256,29,1,0
BRDA:260,30,0,0
BRDA:260,30,1,0
BRDA:263,31,0,0
BRDA:263,31,1,0
BRF:64
BRH:0
end_of_record
TN:
SF:src\lib\workflows\navigation.js
FN:21,navigateToSearch
FN:51,navigateToMessaging
FN:89,navigateToListing
FN:119,navigateToViewSplitLease
FN:134,navigateToHouseManual
FN:151,navigateToInitialPayment
FN:173,navigateToRentalApplication
FN:191,navigateToDocumentReview
FN:214,navigateToLeaseDocuments
FN:231,navigateToIdentityVerification
FN:258,navigateToProposal
FN:285,updateProposalInUrl
FN:299,navigateToGuestLeases
FN:308,navigateToGuestDashboard
FN:318,navigateToHelp
FN:331,navigateBack
FN:347,openExternalLink
FN:365,generateProposalDeepLink
FN:378,copyProposalLinkToClipboard
FN:383,(anonymous_19)
FN:389,(anonymous_20)
FNF:21
FNH:0
FNDA:0,navigateToSearch
FNDA:0,navigateToMessaging
FNDA:0,navigateToListing
FNDA:0,navigateToViewSplitLease
FNDA:0,navigateToHouseManual
FNDA:0,navigateToInitialPayment
FNDA:0,navigateToRentalApplication
FNDA:0,navigateToDocumentReview
FNDA:0,navigateToLeaseDocuments
FNDA:0,navigateToIdentityVerification
FNDA:0,navigateToProposal
FNDA:0,updateProposalInUrl
FNDA:0,navigateToGuestLeases
FNDA:0,navigateToGuestDashboard
FNDA:0,navigateToHelp
FNDA:0,navigateBack
FNDA:0,openExternalLink
FNDA:0,generateProposalDeepLink
FNDA:0,copyProposalLinkToClipboard
FNDA:0,(anonymous_19)
FNDA:0,(anonymous_20)
DA:22,0
DA:25,0
DA:26,0
DA:28,0
DA:29,0
DA:31,0
DA:32,0
DA:35,0
DA:39,0
DA:40,0
DA:52,0
DA:53,0
DA:54,0
DA:57,0
DA:62,0
DA:63,0
DA:66,0
DA:67,0
DA:70,0
DA:71,0
DA:74,0
DA:75,0
DA:76,0
DA:90,0
DA:91,0
DA:92,0
DA:95,0
DA:96,0
DA:100,0
DA:102,0
DA:104,0
DA:105,0
DA:108,0
DA:109,0
DA:120,0
DA:121,0
DA:122,0
DA:125,0
DA:126,0
DA:135,0
DA:136,0
DA:137,0
DA:140,0
DA:141,0
DA:152,0
DA:153,0
DA:154,0
DA:157,0
DA:162,0
DA:163,0
DA:164,0
DA:174,0
DA:175,0
DA:176,0
DA:179,0
DA:180,0
DA:181,0
DA:192,0
DA:193,0
DA:194,0
DA:197,0
DA:199,0
DA:200,0
DA:203,0
DA:204,0
DA:205,0
DA:215,0
DA:216,0
DA:217,0
DA:220,0
DA:221,0
DA:222,0
DA:232,0
DA:234,0
DA:235,0
DA:238,0
DA:239,0
DA:242,0
DA:246,0
DA:247,0
DA:259,0
DA:260,0
DA:261,0
DA:264,0
DA:265,0
DA:269,0
DA:271,0
DA:272,0
DA:274,0
DA:286,0
DA:287,0
DA:291,0
DA:292,0
DA:300,0
DA:301,0
DA:309,0
DA:310,0
DA:319,0
DA:323,0
DA:324,0
DA:332,0
DA:333,0
DA:334,0
DA:336,0
DA:337,0
DA:348,0
DA:349,0
DA:350,0
DA:353,0
DA:354,0
DA:366,0
DA:367,0
DA:379,0
DA:381,0
DA:382,0
DA:384,0
DA:385,0
DA:386,0
DA:390,0
DA:391,0
DA:392,0
DA:397,0
DA:398,0
DA:399,0
DA:400,0
DA:401,0
DA:402,0
DA:404,0
DA:405,0
DA:406,0
DA:407,0
DA:408,0
DA:411,0
DA:412,0
DA:413,0
DA:416,0
LF:136
LH:0
BRDA:21,0,0,0
BRDA:25,1,0,0
BRDA:25,1,1,0
BRDA:28,2,0,0
BRDA:28,2,1,0
BRDA:31,3,0,0
BRDA:31,3,1,0
BRDA:35,4,0,0
BRDA:35,4,1,0
BRDA:51,5,0,0
BRDA:52,6,0,0
BRDA:52,6,1,0
BRDA:62,7,0,0
BRDA:62,7,1,0
BRDA:66,8,0,0
BRDA:66,8,1,0
BRDA:70,9,0,0
BRDA:70,9,1,0
BRDA:90,10,0,0
BRDA:90,10,1,0
BRDA:90,11,0,0
BRDA:90,11,1,0
BRDA:95,12,0,0
BRDA:95,12,1,0
BRDA:102,13,0,0
BRDA:102,13,1,0
BRDA:120,14,0,0
BRDA:120,14,1,0
BRDA:135,15,0,0
BRDA:135,15,1,0
BRDA:151,16,0,0
BRDA:152,17,0,0
BRDA:152,17,1,0
BRDA:174,18,0,0
BRDA:174,18,1,0
BRDA:191,19,0,0
BRDA:192,20,0,0
BRDA:192,20,1,0
BRDA:199,21,0,0
BRDA:199,21,1,0
BRDA:215,22,0,0
BRDA:215,22,1,0
BRDA:231,23,0,0
BRDA:234,24,0,0
BRDA:234,24,1,0
BRDA:238,25,0,0
BRDA:238,25,1,0
BRDA:242,26,0,0
BRDA:242,26,1,0
BRDA:258,27,0,0
BRDA:259,28,0,0
BRDA:259,28,1,0
BRDA:265,29,0,0
BRDA:265,29,1,0
BRDA:271,30,0,0
BRDA:271,30,1,0
BRDA:287,31,0,0
BRDA:287,31,1,0
BRDA:318,32,0,0
BRDA:319,33,0,0
BRDA:319,33,1,0
BRDA:332,34,0,0
BRDA:332,34,1,0
BRDA:347,35,0,0
BRDA:348,36,0,0
BRDA:348,36,1,0
BRDA:381,37,0,0
BRDA:381,37,1,0
BRDA:381,38,0,0
BRDA:381,38,1,0
BRDA:385,39,0,0
BRDA:385,39,1,0
BRDA:391,40,0,0
BRDA:391,40,1,0
BRDA:407,41,0,0
BRDA:407,41,1,0
BRDA:412,42,0,0
BRDA:412,42,1,0
BRF:78
BRH:0
end_of_record
TN:
SF:src\lib\workflows\virtualMeetings.js
FN:30,requestVirtualMeeting
FN:85,requestAlternativeMeeting
FN:113,respondToVirtualMeeting
FN:146,declineVirtualMeeting
FN:179,cancelVirtualMeetingRequest
FN:212,getConfirmedMeetingDetails
FN:237,handleRequestVirtualMeeting
FN:352,handleRespondWithDate
FN:377,handleDeclineVirtualMeeting
FN:409,handleCancelVirtualMeetingRequest
FN:441,getVMButtonText
FN:476,isVMButtonDisabled
FNF:12
FNH:0
FNDA:0,requestVirtualMeeting
FNDA:0,requestAlternativeMeeting
FNDA:0,respondToVirtualMeeting
FNDA:0,declineVirtualMeeting
FNDA:0,cancelVirtualMeetingRequest
FNDA:0,getConfirmedMeetingDetails
FNDA:0,handleRequestVirtualMeeting
FNDA:0,handleRespondWithDate
FNDA:0,handleDeclineVirtualMeeting
FNDA:0,handleCancelVirtualMeetingRequest
FNDA:0,getVMButtonText
FNDA:0,isVMButtonDisabled
DA:31,0
DA:32,0
DA:35,0
DA:38,0
DA:40,0
DA:52,0
DA:58,0
DA:59,0
DA:60,0
DA:64,0
DA:72,0
DA:73,0
DA:86,0
DA:87,0
DA:90,0
DA:93,0
DA:102,0
DA:114,0
DA:115,0
DA:118,0
DA:120,0
DA:131,0
DA:132,0
DA:133,0
DA:136,0
DA:137,0
DA:147,0
DA:148,0
DA:151,0
DA:153,0
DA:163,0
DA:164,0
DA:165,0
DA:168,0
DA:169,0
DA:180,0
DA:181,0
DA:184,0
DA:186,0
DA:196,0
DA:197,0
DA:198,0
DA:201,0
DA:202,0
DA:213,0
DA:214,0
DA:217,0
DA:244,0
DA:245,0
DA:246,0
DA:249,0
DA:250,0
DA:254,0
DA:255,0
DA:258,0
DA:260,0
DA:261,0
DA:266,0
DA:270,0
DA:271,0
DA:275,0
DA:276,0
DA:279,0
DA:281,0
DA:282,0
DA:287,0
DA:291,0
DA:293,0
DA:294,0
DA:296,0
DA:300,0
DA:301,0
DA:302,0
DA:309,0
DA:313,0
DA:314,0
DA:315,0
DA:316,0
DA:317,0
DA:323,0
DA:324,0
DA:327,0
DA:331,0
DA:332,0
DA:336,0
DA:337,0
DA:338,0
DA:353,0
DA:354,0
DA:356,0
DA:357,0
DA:363,0
DA:364,0
DA:365,0
DA:378,0
DA:379,0
DA:383,0
DA:384,0
DA:387,0
DA:389,0
DA:390,0
DA:395,0
DA:396,0
DA:397,0
DA:410,0
DA:411,0
DA:415,0
DA:416,0
DA:419,0
DA:421,0
DA:422,0
DA:427,0
DA:428,0
DA:429,0
DA:442,0
DA:443,0
DA:446,0
DA:447,0
DA:450,0
DA:451,0
DA:452,0
DA:454,0
DA:458,0
DA:459,0
DA:462,0
DA:463,0
DA:466,0
DA:477,0
DA:478,0
DA:482,0
DA:483,0
DA:486,0
LF:132
LH:0
BRDA:31,0,0,0
BRDA:31,0,1,0
BRDA:31,1,0,0
BRDA:31,1,1,0
BRDA:58,2,0,0
BRDA:58,2,1,0
BRDA:86,3,0,0
BRDA:86,3,1,0
BRDA:86,4,0,0
BRDA:86,4,1,0
BRDA:86,4,2,0
BRDA:114,5,0,0
BRDA:114,5,1,0
BRDA:114,6,0,0
BRDA:114,6,1,0
BRDA:131,7,0,0
BRDA:131,7,1,0
BRDA:147,8,0,0
BRDA:147,8,1,0
BRDA:163,9,0,0
BRDA:163,9,1,0
BRDA:180,10,0,0
BRDA:180,10,1,0
BRDA:196,11,0,0
BRDA:196,11,1,0
BRDA:213,12,0,0
BRDA:213,12,1,0
BRDA:213,13,0,0
BRDA:213,13,1,0
BRDA:245,14,0,0
BRDA:245,14,1,0
BRDA:249,15,0,0
BRDA:249,15,1,0
BRDA:254,16,0,0
BRDA:254,16,1,0
BRDA:260,17,0,0
BRDA:260,17,1,0
BRDA:270,18,0,0
BRDA:270,18,1,0
BRDA:275,19,0,0
BRDA:275,19,1,0
BRDA:281,20,0,0
BRDA:281,20,1,0
BRDA:291,21,0,0
BRDA:291,21,1,0
BRDA:291,22,0,0
BRDA:291,22,1,0
BRDA:293,23,0,0
BRDA:293,23,1,0
BRDA:300,24,0,0
BRDA:300,24,1,0
BRDA:300,25,0,0
BRDA:300,25,1,0
BRDA:301,26,0,0
BRDA:301,26,1,0
BRDA:313,27,0,0
BRDA:313,27,1,0
BRDA:313,28,0,0
BRDA:313,28,1,0
BRDA:314,29,0,0
BRDA:314,29,1,0
BRDA:316,30,0,0
BRDA:316,30,1,0
BRDA:323,31,0,0
BRDA:323,31,1,0
BRDA:331,32,0,0
BRDA:331,32,1,0
BRDA:337,33,0,0
BRDA:337,33,1,0
BRDA:338,34,0,0
BRDA:338,34,1,0
BRDA:356,35,0,0
BRDA:356,35,1,0
BRDA:364,36,0,0
BRDA:364,36,1,0
BRDA:365,37,0,0
BRDA:365,37,1,0
BRDA:383,38,0,0
BRDA:383,38,1,0
BRDA:389,39,0,0
BRDA:389,39,1,0
BRDA:396,40,0,0
BRDA:396,40,1,0
BRDA:397,41,0,0
BRDA:397,41,1,0
BRDA:415,42,0,0
BRDA:415,42,1,0
BRDA:421,43,0,0
BRDA:421,43,1,0
BRDA:428,44,0,0
BRDA:428,44,1,0
BRDA:429,45,0,0
BRDA:429,45,1,0
BRDA:442,46,0,0
BRDA:442,46,1,0
BRDA:446,47,0,0
BRDA:446,47,1,0
BRDA:450,48,0,0
BRDA:450,48,1,0
BRDA:451,49,0,0
BRDA:451,49,1,0
BRDA:458,50,0,0
BRDA:458,50,1,0
BRDA:458,51,0,0
BRDA:458,51,1,0
BRDA:462,52,0,0
BRDA:462,52,1,0
BRDA:462,53,0,0
BRDA:462,53,1,0
BRDA:477,54,0,0
BRDA:477,54,1,0
BRDA:482,55,0,0
BRDA:482,55,1,0
BRDA:482,56,0,0
BRDA:482,56,1,0
BRDA:482,56,2,0
BRF:116
BRH:0
end_of_record
